nohup: ignoring input
[3g   H    H    H    H    H    H    H    H    H    H    H    H    H    H    H    H    H    H    H    H
	combine -M MaxLikelihoodFit -v 2 --saveNormalizations --plots --stepSize=0.02 --preFitValue=2.2 --robustFit=1 --X-rtd FITTER_NEW_CROSSING_ALGO --minimizerAlgoForMinos=Minuit2 --X-rtd FITTER_NEVER_GIVE_UP --X-rtd FITTER_BOUND --minimizerAlgo=Minuit2 --minimizerStrategy=1 --cminFallbackAlgo Minuit,0.001 --minimizerTolerance=0.001 --minimizerToleranceForMinos=0.001 --rMin=-4 --rMax=10 datacards/datacard_m115_BRN5p4_B80-200_CAT0-CAT6_FitPOL2-POL2.txt -n _vbfhbb_BRN5p4_B80-200_CAT0-CAT6_FitPOL2-POL2.mH115 -m 115 2>&1 | tee vbfhbb_BRN5p4_B80-200_CAT0-CAT6_FitPOL2-POL2.mH115_MLFit_115.log
>>> including systematics
Configured fallback algorithm Minuit, strategy 0, tolerance -1
>>> method used to compute upper limit is MaxLikelihoodFit
>>> random number generator seed is 123456
Turning on runtime-define FITTER_NEW_CROSSING_ALGO
Turning on runtime-define FITTER_NEVER_GIVE_UP
Turning on runtime-define FITTER_BOUND
Will try to work with unbinned datasets
Observables: ['mbbReg_CAT3', 'mbbReg_CAT2', 'mbbReg_CAT1', 'mbbReg_CAT0', 'mbbReg_CAT6', 'mbbReg_CAT5', 'mbbReg_CAT4']
Will use category 'CMS_channel' to identify the 7 channels
[?1034hCreating RooAddPdf pdf_binCAT0 with 5 elements
Creating RooAddPdf pdf_binCAT1 with 5 elements
Creating RooAddPdf pdf_binCAT2 with 5 elements
Creating RooAddPdf pdf_binCAT3 with 5 elements
Creating RooAddPdf pdf_binCAT4 with 5 elements
Creating RooAddPdf pdf_binCAT5 with 5 elements
Creating RooAddPdf pdf_binCAT6 with 5 elements
Computing limit starting from observation
Set default minimizer to Minuit2
Created Branches
Minuit2Minimizer: Minimize with max-calls 38500 convergence for edm < 1 strategy 1
MnSeedGenerator: for initial parameters FCN = 26.278
MnSeedGenerator: Initial state:   - FCN =   26.27800162254 Edm =  6.45876e-14 NCalls =    309
VariableMetric: start iterating until Edm is < 0.001
VariableMetric: Initial state   - FCN =   26.27800162254 Edm =  6.45876e-14 NCalls =    309
VariableMetric: Iteration #   1 - FCN =   26.27800162254 Edm =  1.23561e-24 NCalls =    469
VariableMetric: After Hessian   - FCN =   26.27800162254 Edm =  1.07717e-20 NCalls =   3708
Minuit2Minimizer : Valid minimum - status = 0
FVAL  = 26.278001622544938
Edm   = 1.07716961959935614e-20
Nfcn  = 3708
BR	  = 0	 +/-  0.996602	(limited)
CMS_ggH_hbb_QCDscale	  = 0	 +/-  0.996602	(limited)
CMS_ggH_hbb_pdf	  = 0	 +/-  0.996602	(limited)
CMS_qqH_hbb_QCDscale	  = 0	 +/-  0.996602	(limited)
CMS_qqH_hbb_btag	  = 0	 +/-  0.996602	(limited)
CMS_qqH_hbb_pdf	  = 0	 +/-  0.996602	(limited)
CMS_qqH_hbb_qgl	  = 0	 +/-  0.996602	(limited)
CMS_qqH_hbb_trigger	  = 0	 +/-  0.996602	(limited)
CMS_res_j_ACCEPT	  = 0	 +/-  0.996602	(limited)
CMS_scale_j_ACCEPT	  = 0	 +/-  0.996602	(limited)
CMS_vbfbb_res_mbb_selNOM	  = 1	 +/-  0.0990135	(limited)
CMS_vbfbb_res_mbb_selVBF	  = 1	 +/-  0.0990135	(limited)
CMS_vbfbb_scale_mbb_selNOM	  = 1	 +/-  0.0198027	(limited)
CMS_vbfbb_scale_mbb_selVBF	  = 1	 +/-  0.0198027	(limited)
CMS_vbfbb_top_norm_CAT0	  = 0	 +/-  0.996602	(limited)
CMS_vbfbb_top_norm_CAT1	  = 0	 +/-  0.996602	(limited)
CMS_vbfbb_top_norm_CAT2	  = 0	 +/-  0.996602	(limited)
CMS_vbfbb_top_norm_CAT3	  = 0	 +/-  0.996602	(limited)
CMS_vbfbb_top_norm_CAT4	  = 0	 +/-  0.996602	(limited)
CMS_vbfbb_top_norm_CAT5	  = 0	 +/-  0.996602	(limited)
CMS_vbfbb_top_norm_CAT6	  = 0	 +/-  0.996602	(limited)
CMS_vbfbb_zjets_norm_CAT0	  = 0	 +/-  0.996602	(limited)
CMS_vbfbb_zjets_norm_CAT1	  = 0	 +/-  0.996602	(limited)
CMS_vbfbb_zjets_norm_CAT2	  = 0	 +/-  0.996602	(limited)
CMS_vbfbb_zjets_norm_CAT3	  = 0	 +/-  0.996602	(limited)
CMS_vbfbb_zjets_norm_CAT4	  = 0	 +/-  0.996602	(limited)
CMS_vbfbb_zjets_norm_CAT5	  = 0	 +/-  0.996602	(limited)
CMS_vbfbb_zjets_norm_CAT6	  = 0	 +/-  0.996602	(limited)
QCDscale_ggh	  = 0	 +/-  0.996602	(limited)
QCDscale_qqh	  = 0	 +/-  0.996602	(limited)
Top_mean_CAT0	  = 130.35	 +/-  1.29064	(limited)
Top_mean_CAT1	  = 130.729	 +/-  1.29439	(limited)
Top_mean_CAT2	  = 130.863	 +/-  1.29572	(limited)
Top_mean_CAT3	  = 130.42	 +/-  1.29133	(limited)
Top_mean_CAT4	  = 121.059	 +/-  1.19865	(limited)
Top_mean_CAT5	  = 121.922	 +/-  1.20719	(limited)
Top_mean_CAT6	  = 128.343	 +/-  1.27077	(limited)
Top_sigma_CAT0	  = 43.9795	 +/-  2.17728	(limited)
Top_sigma_CAT1	  = 44.8186	 +/-  2.21882	(limited)
Top_sigma_CAT2	  = 45.3739	 +/-  2.24632	(limited)
Top_sigma_CAT3	  = 49.0209	 +/-  2.42686	(limited)
Top_sigma_CAT4	  = 44.8702	 +/-  2.22138	(limited)
Top_sigma_CAT5	  = 37.4965	 +/-  1.85633	(limited)
Top_sigma_CAT6	  = 35.0051	 +/-  1.73298	(limited)
UEPS	  = 0	 +/-  0.996602	(limited)
Z_mean_CAT0	  = 96.0554	 +/-  0.382163	(limited)
Z_mean_CAT1	  = 96.2655	 +/-  0.400738	(limited)
Z_mean_CAT2	  = 96.8575	 +/-  0.994511	(limited)
Z_mean_CAT3	  = 99.2645	 +/-  0.703331	(limited)
Z_mean_CAT4	  = 95.8116	 +/-  0.993006	(limited)
Z_mean_CAT5	  = 96.3627	 +/-  1.09678	(limited)
Z_mean_CAT6	  = 98.1316	 +/-  0.310825	(limited)
Z_sigma_CAT0	  = 9.76125	 +/-  0.43205	(limited)
Z_sigma_CAT1	  = 9.53566	 +/-  0.43108	(limited)
Z_sigma_CAT2	  = 9.4445	 +/-  0.764556	(limited)
Z_sigma_CAT3	  = 9.35955	 +/-  0.542715	(limited)
Z_sigma_CAT4	  = 10.9515	 +/-  1.18517	(limited)
Z_sigma_CAT5	  = 10.8089	 +/-  1.19721	(limited)
Z_sigma_CAT6	  = 9.00001	 +/-  0.0165966	(limited)
lumi	  = 0	 +/-  0.996602	(limited)
mean_m115_CAT0	  = 115.938	 +/-  0.137695	(limited)
mean_m115_CAT1	  = 116.05	 +/-  0.0743235	(limited)
mean_m115_CAT2	  = 116.482	 +/-  0.106855	(limited)
mean_m115_CAT3	  = 116.7	 +/-  0.0948365	(limited)
mean_m115_CAT4	  = 113.659	 +/-  0.309402	(limited)
mean_m115_CAT5	  = 114.568	 +/-  0.135414	(limited)
mean_m115_CAT6	  = 115.349	 +/-  0.112273	(limited)
pdf_ACCEPT	  = 0	 +/-  0.996602	(limited)
pdf_gg	  = 0	 +/-  0.996602	(limited)
pdf_qqbar	  = 0	 +/-  0.996602	(limited)
sigma_m115_CAT0	  = 10.7667	 +/-  0.133741	(limited)
sigma_m115_CAT1	  = 10.4424	 +/-  0.0705951	(limited)
sigma_m115_CAT2	  = 10.0922	 +/-  0.0992096	(limited)
sigma_m115_CAT3	  = 9.98026	 +/-  0.0749051	(limited)
sigma_m115_CAT4	  = 12.6598	 +/-  0.267019	(limited)
sigma_m115_CAT5	  = 11.6402	 +/-  0.129161	(limited)
sigma_m115_CAT6	  = 11.3121	 +/-  0.105608	(limited)

  RooFitResult: minimized FCN value: -63.9763, estimated distance to minimum: 4.86086e-05
                covariance matrix quality: Full matrix, but forced positive-definite
                Status : MINIMIZE=0 HESSE=0 

    Constant Parameter    Value     
  --------------------  ------------
                 BR_In    0.0000e+00
  CMS_ggH_hbb_QCDscale_In    0.0000e+00
    CMS_ggH_hbb_pdf_In    0.0000e+00
  CMS_qqH_hbb_QCDscale_In    0.0000e+00
   CMS_qqH_hbb_btag_In    0.0000e+00
    CMS_qqH_hbb_pdf_In    0.0000e+00
    CMS_qqH_hbb_qgl_In    0.0000e+00
  CMS_qqH_hbb_trigger_In    0.0000e+00
   CMS_res_j_ACCEPT_In    0.0000e+00
  CMS_scale_j_ACCEPT_In    0.0000e+00
  CMS_vbfbb_res_mbb_selNOM_In    1.0000e+00
  CMS_vbfbb_res_mbb_selVBF_In    1.0000e+00
  CMS_vbfbb_scale_mbb_selNOM_In    1.0000e+00
  CMS_vbfbb_scale_mbb_selVBF_In    1.0000e+00
  CMS_vbfbb_top_norm_CAT0_In    0.0000e+00
  CMS_vbfbb_top_norm_CAT1_In    0.0000e+00
  CMS_vbfbb_top_norm_CAT2_In    0.0000e+00
  CMS_vbfbb_top_norm_CAT3_In    0.0000e+00
  CMS_vbfbb_top_norm_CAT4_In    0.0000e+00
  CMS_vbfbb_top_norm_CAT5_In    0.0000e+00
  CMS_vbfbb_top_norm_CAT6_In    0.0000e+00
  CMS_vbfbb_zjets_norm_CAT0_In    0.0000e+00
  CMS_vbfbb_zjets_norm_CAT1_In    0.0000e+00
  CMS_vbfbb_zjets_norm_CAT2_In    0.0000e+00
  CMS_vbfbb_zjets_norm_CAT3_In    0.0000e+00
  CMS_vbfbb_zjets_norm_CAT4_In    0.0000e+00
  CMS_vbfbb_zjets_norm_CAT5_In    0.0000e+00
  CMS_vbfbb_zjets_norm_CAT6_In    0.0000e+00
       QCDscale_ggh_In    0.0000e+00
       QCDscale_qqh_In    0.0000e+00
      Top_mean_CAT0_In    1.3035e+02
      Top_mean_CAT1_In    1.3073e+02
      Top_mean_CAT2_In    1.3086e+02
      Top_mean_CAT3_In    1.3042e+02
      Top_mean_CAT4_In    1.2106e+02
      Top_mean_CAT5_In    1.2192e+02
      Top_mean_CAT6_In    1.2834e+02
     Top_sigma_CAT0_In    4.3980e+01
     Top_sigma_CAT1_In    4.4819e+01
     Top_sigma_CAT2_In    4.5374e+01
     Top_sigma_CAT3_In    4.9021e+01
     Top_sigma_CAT4_In    4.4870e+01
     Top_sigma_CAT5_In    3.7496e+01
     Top_sigma_CAT6_In    3.5005e+01
               UEPS_In    0.0000e+00
              Z_a_CAT0   -1.1945e+00
              Z_a_CAT1   -1.2538e+00
              Z_a_CAT2   -2.0997e+00
              Z_a_CAT3   -2.5959e+00
              Z_a_CAT4   -1.0784e+00
              Z_a_CAT5   -1.6194e+00
              Z_a_CAT6   -1.7234e+00
             Z_b0_CAT0    3.7469e-01
             Z_b0_CAT1    6.2775e-01
             Z_b0_CAT2    6.2864e-01
             Z_b0_CAT3    6.2547e-01
             Z_b0_CAT4    8.5410e-03
             Z_b0_CAT5    5.7626e-01
             Z_b0_CAT6    6.8530e-01
             Z_b1_CAT0    1.4163e-03
             Z_b1_CAT1    3.1985e-05
             Z_b1_CAT2    6.9482e-06
             Z_b1_CAT3    3.1921e-08
             Z_b1_CAT4    9.3031e-06
             Z_b1_CAT5    8.6631e-05
             Z_b1_CAT6    2.1537e-06
             Z_b2_CAT0    2.1709e-03
             Z_b2_CAT1    3.6883e-05
             Z_b2_CAT2    5.3686e-05
             Z_b2_CAT3    4.2106e-09
             Z_b2_CAT4    1.2989e-03
             Z_b2_CAT5    8.7244e-05
             Z_b2_CAT6    4.3615e-06
        Z_mean_CAT0_In    9.6055e+01
        Z_mean_CAT1_In    9.6266e+01
        Z_mean_CAT2_In    9.6858e+01
        Z_mean_CAT3_In    9.9264e+01
        Z_mean_CAT4_In    9.5812e+01
        Z_mean_CAT5_In    9.6363e+01
        Z_mean_CAT6_In    9.8132e+01
              Z_n_CAT0    1.1003e+00
              Z_n_CAT1    1.4491e+00
              Z_n_CAT2    5.4891e-01
              Z_n_CAT3    2.7978e+00
              Z_n_CAT4    9.6257e-01
              Z_n_CAT5    8.5208e-01
              Z_n_CAT6    3.1595e+00
       Z_sigma_CAT0_In    9.7613e+00
       Z_sigma_CAT1_In    9.5357e+00
       Z_sigma_CAT2_In    9.4445e+00
       Z_sigma_CAT3_In    9.3596e+00
       Z_sigma_CAT4_In    1.0951e+01
       Z_sigma_CAT5_In    1.0809e+01
       Z_sigma_CAT6_In    9.0000e+00
       alpha_m115_CAT0    1.3158e+00
       alpha_m115_CAT1    1.4211e+00
       alpha_m115_CAT2    1.3856e+00
       alpha_m115_CAT3    4.7947e+00
       alpha_m115_CAT4    8.6507e-01
       alpha_m115_CAT5    1.2073e+00
       alpha_m115_CAT6    1.4065e+00
          b0_m115_CAT0    9.7232e-01
          b0_m115_CAT1    1.8962e-01
          b0_m115_CAT2    1.0000e+00
          b0_m115_CAT3    9.9690e-01
          b0_m115_CAT4    9.2024e-01
          b0_m115_CAT5    6.9339e-02
          b0_m115_CAT6    1.1782e-02
          b1_m115_CAT0    4.2307e-01
          b1_m115_CAT1    1.8363e-02
          b1_m115_CAT2    9.0015e-02
          b1_m115_CAT3    3.2361e-09
          b1_m115_CAT4    9.9829e-01
          b1_m115_CAT5    1.7779e-03
          b1_m115_CAT6    9.3631e-04
          b2_m115_CAT0    7.5299e-02
          b2_m115_CAT1    5.6109e-03
          b2_m115_CAT2    1.0194e-02
          b2_m115_CAT3    1.2517e-03
          b2_m115_CAT4    2.0253e-01
          b2_m115_CAT5    1.8680e-03
          b2_m115_CAT6    2.7676e-09
         exp_m115_CAT0    9.8797e+01
         exp_m115_CAT1    1.0000e+02
         exp_m115_CAT2    9.9968e+01
         exp_m115_CAT3    2.7448e+00
         exp_m115_CAT4    1.0000e+02
         exp_m115_CAT5    9.9944e+01
         exp_m115_CAT6    9.9999e+01
            fZsig_CAT0    1.0000e+00
            fZsig_CAT1    1.0000e+00
            fZsig_CAT2    9.9976e-01
            fZsig_CAT3    7.8215e-01
            fZsig_CAT4    9.9999e-01
            fZsig_CAT5    9.8818e-01
            fZsig_CAT6    1.0000e+00
        fsig_m115_CAT0    8.8359e-01
        fsig_m115_CAT1    9.2255e-01
        fsig_m115_CAT2    9.4268e-01
        fsig_m115_CAT3    9.3369e-01
        fsig_m115_CAT4    9.4515e-01
        fsig_m115_CAT5    9.1015e-01
        fsig_m115_CAT6    9.5083e-01
               lumi_In    0.0000e+00
     mean_m115_CAT0_In    1.1594e+02
     mean_m115_CAT1_In    1.1605e+02
     mean_m115_CAT2_In    1.1648e+02
     mean_m115_CAT3_In    1.1670e+02
     mean_m115_CAT4_In    1.1366e+02
     mean_m115_CAT5_In    1.1457e+02
     mean_m115_CAT6_In    1.1535e+02
         pdf_ACCEPT_In    0.0000e+00
             pdf_gg_In    0.0000e+00
          pdf_qqbar_In    0.0000e+00
                     r    0.0000e+00
    sigma_m115_CAT0_In    1.0767e+01
    sigma_m115_CAT1_In    1.0442e+01
    sigma_m115_CAT2_In    1.0092e+01
    sigma_m115_CAT3_In    9.9803e+00
    sigma_m115_CAT4_In    1.2660e+01
    sigma_m115_CAT5_In    1.1640e+01
    sigma_m115_CAT6_In    1.1312e+01

    Floating Parameter  InitialValue    FinalValue +/-  Error     GblCorr.
  --------------------  ------------  --------------------------  --------
                    BR    0.0000e+00    0.0000e+00 +/-  9.89e-01  <none>
  CMS_ggH_hbb_QCDscale    0.0000e+00    0.0000e+00 +/-  9.89e-01  <none>
       CMS_ggH_hbb_pdf    0.0000e+00    0.0000e+00 +/-  9.89e-01  <none>
  CMS_qqH_hbb_QCDscale    0.0000e+00    0.0000e+00 +/-  9.89e-01  <none>
      CMS_qqH_hbb_btag    0.0000e+00    0.0000e+00 +/-  9.89e-01  <none>
       CMS_qqH_hbb_pdf    0.0000e+00    0.0000e+00 +/-  9.89e-01  <none>
       CMS_qqH_hbb_qgl    0.0000e+00    0.0000e+00 +/-  9.89e-01  <none>
   CMS_qqH_hbb_trigger    0.0000e+00    0.0000e+00 +/-  9.89e-01  <none>
      CMS_res_j_ACCEPT    0.0000e+00    0.0000e+00 +/-  9.89e-01  <none>
    CMS_scale_j_ACCEPT    0.0000e+00    0.0000e+00 +/-  9.89e-01  <none>
  CMS_vbfbb_qcd_norm_CAT0    0.0000e+00   -2.6962e-02 +/-  6.04e-03  <none>
  CMS_vbfbb_qcd_norm_CAT1    0.0000e+00   -2.3969e-02 +/-  6.07e-03  <none>
  CMS_vbfbb_qcd_norm_CAT2    0.0000e+00   -2.3336e-02 +/-  1.43e-02  <none>
  CMS_vbfbb_qcd_norm_CAT3    0.0000e+00   -2.5284e-02 +/-  2.42e-02  <none>
  CMS_vbfbb_qcd_norm_CAT4    0.0000e+00   -1.4311e-02 +/-  6.05e-03  <none>
  CMS_vbfbb_qcd_norm_CAT5    0.0000e+00   -1.5503e-02 +/-  7.99e-03  <none>
  CMS_vbfbb_qcd_norm_CAT6    0.0000e+00   -1.8348e-02 +/-  2.03e-02  <none>
  CMS_vbfbb_res_mbb_selNOM    1.0000e+00    1.0298e+00 +/-  9.37e-02  <none>
  CMS_vbfbb_res_mbb_selVBF    1.0000e+00    1.0280e+00 +/-  9.57e-02  <none>
  CMS_vbfbb_scale_mbb_selNOM    1.0000e+00    9.9265e-01 +/-  1.97e-02  <none>
  CMS_vbfbb_scale_mbb_selVBF    1.0000e+00    9.9927e-01 +/-  2.09e-02  <none>
  CMS_vbfbb_top_norm_CAT0    0.0000e+00    4.1145e-03 +/-  9.75e-01  <none>
  CMS_vbfbb_top_norm_CAT1    0.0000e+00    9.1374e-03 +/-  9.85e-01  <none>
  CMS_vbfbb_top_norm_CAT2    0.0000e+00   -3.7873e-03 +/-  9.88e-01  <none>
  CMS_vbfbb_top_norm_CAT3    0.0000e+00   -5.3200e-03 +/-  9.88e-01  <none>
  CMS_vbfbb_top_norm_CAT4    0.0000e+00   -3.1005e-03 +/-  9.87e-01  <none>
  CMS_vbfbb_top_norm_CAT5    0.0000e+00    1.4303e-02 +/-  9.89e-01  <none>
  CMS_vbfbb_top_norm_CAT6    0.0000e+00   -8.3282e-04 +/-  9.88e-01  <none>
  CMS_vbfbb_zjets_norm_CAT0    0.0000e+00   -2.7911e-01 +/-  9.19e-01  <none>
  CMS_vbfbb_zjets_norm_CAT1    0.0000e+00   -2.0098e-01 +/-  9.05e-01  <none>
  CMS_vbfbb_zjets_norm_CAT2    0.0000e+00   -4.0608e-02 +/-  9.63e-01  <none>
  CMS_vbfbb_zjets_norm_CAT3    0.0000e+00    5.2996e-02 +/-  9.88e-01  <none>
  CMS_vbfbb_zjets_norm_CAT4    0.0000e+00   -9.0874e-02 +/-  9.71e-01  <none>
  CMS_vbfbb_zjets_norm_CAT5    0.0000e+00   -2.3495e-01 +/-  9.52e-01  <none>
  CMS_vbfbb_zjets_norm_CAT6    0.0000e+00   -6.1667e-02 +/-  9.75e-01  <none>
          QCDscale_ggh    0.0000e+00    0.0000e+00 +/-  9.89e-01  <none>
          QCDscale_qqh    0.0000e+00    0.0000e+00 +/-  9.89e-01  <none>
         Top_mean_CAT0    1.3035e+02    1.3035e+02 +/-  1.28e+00  <none>
         Top_mean_CAT1    1.3073e+02    1.3073e+02 +/-  1.28e+00  <none>
         Top_mean_CAT2    1.3086e+02    1.3086e+02 +/-  1.29e+00  <none>
         Top_mean_CAT3    1.3042e+02    1.3042e+02 +/-  1.28e+00  <none>
         Top_mean_CAT4    1.2106e+02    1.2106e+02 +/-  1.19e+00  <none>
         Top_mean_CAT5    1.2192e+02    1.2192e+02 +/-  1.20e+00  <none>
         Top_mean_CAT6    1.2834e+02    1.2834e+02 +/-  1.26e+00  <none>
        Top_sigma_CAT0    4.3980e+01    4.3960e+01 +/-  2.16e+00  <none>
        Top_sigma_CAT1    4.4819e+01    4.4826e+01 +/-  2.20e+00  <none>
        Top_sigma_CAT2    4.5374e+01    4.5381e+01 +/-  2.23e+00  <none>
        Top_sigma_CAT3    4.9021e+01    4.9022e+01 +/-  2.41e+00  <none>
        Top_sigma_CAT4    4.4870e+01    4.4877e+01 +/-  2.20e+00  <none>
        Top_sigma_CAT5    3.7496e+01    3.7474e+01 +/-  1.84e+00  <none>
        Top_sigma_CAT6    3.5005e+01    3.5007e+01 +/-  1.72e+00  <none>
                  UEPS    0.0000e+00    0.0000e+00 +/-  9.89e-01  <none>
           Z_mean_CAT0    9.6055e+01    9.6023e+01 +/-  3.79e-01  <none>
           Z_mean_CAT1    9.6266e+01    9.6242e+01 +/-  3.97e-01  <none>
           Z_mean_CAT2    9.6858e+01    9.6946e+01 +/-  9.88e-01  <none>
           Z_mean_CAT3    9.9264e+01    9.9307e+01 +/-  6.97e-01  <none>
           Z_mean_CAT4    9.5812e+01    9.5874e+01 +/-  9.93e-01  <none>
           Z_mean_CAT5    9.6363e+01    9.6359e+01 +/-  1.09e+00  <none>
           Z_mean_CAT6    9.8132e+01    9.8124e+01 +/-  3.08e-01  <none>
          Z_sigma_CAT0    9.7613e+00    9.7696e+00 +/-  4.28e-01  <none>
          Z_sigma_CAT1    9.5357e+00    9.5653e+00 +/-  4.24e-01  <none>
          Z_sigma_CAT2    9.4445e+00    9.5210e+00 +/-  7.50e-01  <none>
          Z_sigma_CAT3    9.3596e+00    9.3581e+00 +/-  5.39e-01  <none>
          Z_sigma_CAT4    1.0951e+01    1.1116e+01 +/-  1.16e+00  <none>
          Z_sigma_CAT5    1.0809e+01    1.1000e+01 +/-  1.17e+00  <none>
          Z_sigma_CAT6    9.0000e+00    9.0000e+00 +/-  1.65e-02  <none>
        b0_selNOM_CAT0    8.4624e-01    8.4566e-01 +/-  3.10e-02  <none>
        b0_selVBF_CAT4    9.9886e+00    9.9968e+00 +/-  6.95e+00  <none>
        b1_selNOM_CAT0    7.2610e-01    7.3006e-01 +/-  2.98e-02  <none>
        b1_selVBF_CAT4    6.9270e+00    6.8188e+00 +/-  2.33e-01  <none>
        b2_selNOM_CAT0    6.6912e-01    6.7001e-01 +/-  2.99e-02  <none>
        b2_selVBF_CAT4    5.0020e+00    5.1401e+00 +/-  1.93e-01  <none>
        b3_selNOM_CAT0    4.2864e-01    4.2354e-01 +/-  2.27e-02  <none>
        b3_selVBF_CAT4    3.2546e+00    3.1510e+00 +/-  1.34e-01  <none>
        b4_selNOM_CAT0    3.1966e-01    3.2496e-01 +/-  1.43e-02  <none>
        b4_selVBF_CAT4    2.6102e+00    2.6300e+00 +/-  7.13e-02  <none>
        b5_selNOM_CAT0    2.5018e-01    2.4888e-01 +/-  9.42e-03  <none>
                  lumi    0.0000e+00    0.0000e+00 +/-  9.89e-01  <none>
        mean_m115_CAT0    1.1594e+02    1.1594e+02 +/-  1.37e-01  <none>
        mean_m115_CAT1    1.1605e+02    1.1605e+02 +/-  7.37e-02  <none>
        mean_m115_CAT2    1.1648e+02    1.1648e+02 +/-  1.06e-01  <none>
        mean_m115_CAT3    1.1670e+02    1.1670e+02 +/-  9.41e-02  <none>
        mean_m115_CAT4    1.1366e+02    1.1366e+02 +/-  3.07e-01  <none>
        mean_m115_CAT5    1.1457e+02    1.1457e+02 +/-  1.34e-01  <none>
        mean_m115_CAT6    1.1535e+02    1.1535e+02 +/-  1.11e-01  <none>
            pdf_ACCEPT    0.0000e+00    0.0000e+00 +/-  9.89e-01  <none>
                pdf_gg    0.0000e+00    0.0000e+00 +/-  9.89e-01  <none>
             pdf_qqbar    0.0000e+00    0.0000e+00 +/-  9.89e-01  <none>
       sigma_m115_CAT0    1.0767e+01    1.0767e+01 +/-  1.33e-01  <none>
       sigma_m115_CAT1    1.0442e+01    1.0442e+01 +/-  7.00e-02  <none>
       sigma_m115_CAT2    1.0092e+01    1.0092e+01 +/-  9.84e-02  <none>
       sigma_m115_CAT3    9.9803e+00    9.9803e+00 +/-  7.43e-02  <none>
       sigma_m115_CAT4    1.2660e+01    1.2660e+01 +/-  2.65e-01  <none>
       sigma_m115_CAT5    1.1640e+01    1.1640e+01 +/-  1.28e-01  <none>
       sigma_m115_CAT6    1.1312e+01    1.1312e+01 +/-  1.05e-01  <none>
    trans_POL2_p1_CAT1    5.7076e-05    1.3853e-04 +/-  4.05e-04  <none>
    trans_POL2_p1_CAT2    3.3403e-03    4.4352e-03 +/-  1.66e-03  <none>
    trans_POL2_p1_CAT3   -3.7912e-03    2.8410e-03 +/-  2.37e-03  <none>
    trans_POL2_p1_CAT5    1.2819e-03    1.9501e-03 +/-  7.06e-04  <none>
    trans_POL2_p1_CAT6    6.5835e-03    8.9464e-03 +/-  2.57e-03  <none>
    trans_POL2_p2_CAT1   -8.7850e-07   -1.0732e-06 +/-  1.49e-06  <none>
    trans_POL2_p2_CAT2   -1.1636e-05   -1.5442e-05 +/-  6.02e-06  <none>
    trans_POL2_p2_CAT3    1.3625e-05   -1.1007e-05 +/-  8.74e-06  <none>
    trans_POL2_p2_CAT5   -7.9293e-06   -1.0348e-05 +/-  2.71e-06  <none>
    trans_POL2_p2_CAT6   -2.8698e-05   -3.8476e-05 +/-  9.98e-06  <none>


  RooFitResult: minimized FCN value: -63.9763, estimated distance to minimum: 4.86086e-05
                covariance matrix quality: Full matrix, but forced positive-definite
                Status : MINIMIZE=0 HESSE=0 

    Constant Parameter    Value     
  --------------------  ------------
                 BR_In    0.0000e+00
  CMS_ggH_hbb_QCDscale_In    0.0000e+00
    CMS_ggH_hbb_pdf_In    0.0000e+00
  CMS_qqH_hbb_QCDscale_In    0.0000e+00
   CMS_qqH_hbb_btag_In    0.0000e+00
    CMS_qqH_hbb_pdf_In    0.0000e+00
    CMS_qqH_hbb_qgl_In    0.0000e+00
  CMS_qqH_hbb_trigger_In    0.0000e+00
   CMS_res_j_ACCEPT_In    0.0000e+00
  CMS_scale_j_ACCEPT_In    0.0000e+00
  CMS_vbfbb_res_mbb_selNOM_In    1.0000e+00
  CMS_vbfbb_res_mbb_selVBF_In    1.0000e+00
  CMS_vbfbb_scale_mbb_selNOM_In    1.0000e+00
  CMS_vbfbb_scale_mbb_selVBF_In    1.0000e+00
  CMS_vbfbb_top_norm_CAT0_In    0.0000e+00
  CMS_vbfbb_top_norm_CAT1_In    0.0000e+00
  CMS_vbfbb_top_norm_CAT2_In    0.0000e+00
  CMS_vbfbb_top_norm_CAT3_In    0.0000e+00
  CMS_vbfbb_top_norm_CAT4_In    0.0000e+00
  CMS_vbfbb_top_norm_CAT5_In    0.0000e+00
  CMS_vbfbb_top_norm_CAT6_In    0.0000e+00
  CMS_vbfbb_zjets_norm_CAT0_In    0.0000e+00
  CMS_vbfbb_zjets_norm_CAT1_In    0.0000e+00
  CMS_vbfbb_zjets_norm_CAT2_In    0.0000e+00
  CMS_vbfbb_zjets_norm_CAT3_In    0.0000e+00
  CMS_vbfbb_zjets_norm_CAT4_In    0.0000e+00
  CMS_vbfbb_zjets_norm_CAT5_In    0.0000e+00
  CMS_vbfbb_zjets_norm_CAT6_In    0.0000e+00
       QCDscale_ggh_In    0.0000e+00
       QCDscale_qqh_In    0.0000e+00
      Top_mean_CAT0_In    1.3035e+02
      Top_mean_CAT1_In    1.3073e+02
      Top_mean_CAT2_In    1.3086e+02
      Top_mean_CAT3_In    1.3042e+02
      Top_mean_CAT4_In    1.2106e+02
      Top_mean_CAT5_In    1.2192e+02
      Top_mean_CAT6_In    1.2834e+02
     Top_sigma_CAT0_In    4.3980e+01
     Top_sigma_CAT1_In    4.4819e+01
     Top_sigma_CAT2_In    4.5374e+01
     Top_sigma_CAT3_In    4.9021e+01
     Top_sigma_CAT4_In    4.4870e+01
     Top_sigma_CAT5_In    3.7496e+01
     Top_sigma_CAT6_In    3.5005e+01
               UEPS_In    0.0000e+00
              Z_a_CAT0   -1.1945e+00
              Z_a_CAT1   -1.2538e+00
              Z_a_CAT2   -2.0997e+00
              Z_a_CAT3   -2.5959e+00
              Z_a_CAT4   -1.0784e+00
              Z_a_CAT5   -1.6194e+00
              Z_a_CAT6   -1.7234e+00
             Z_b0_CAT0    3.7469e-01
             Z_b0_CAT1    6.2775e-01
             Z_b0_CAT2    6.2864e-01
             Z_b0_CAT3    6.2547e-01
             Z_b0_CAT4    8.5410e-03
             Z_b0_CAT5    5.7626e-01
             Z_b0_CAT6    6.8530e-01
             Z_b1_CAT0    1.4163e-03
             Z_b1_CAT1    3.1985e-05
             Z_b1_CAT2    6.9482e-06
             Z_b1_CAT3    3.1921e-08
             Z_b1_CAT4    9.3031e-06
             Z_b1_CAT5    8.6631e-05
             Z_b1_CAT6    2.1537e-06
             Z_b2_CAT0    2.1709e-03
             Z_b2_CAT1    3.6883e-05
             Z_b2_CAT2    5.3686e-05
             Z_b2_CAT3    4.2106e-09
             Z_b2_CAT4    1.2989e-03
             Z_b2_CAT5    8.7244e-05
             Z_b2_CAT6    4.3615e-06
        Z_mean_CAT0_In    9.6055e+01
        Z_mean_CAT1_In    9.6266e+01
        Z_mean_CAT2_In    9.6858e+01
        Z_mean_CAT3_In    9.9264e+01
        Z_mean_CAT4_In    9.5812e+01
        Z_mean_CAT5_In    9.6363e+01
        Z_mean_CAT6_In    9.8132e+01
              Z_n_CAT0    1.1003e+00
              Z_n_CAT1    1.4491e+00
              Z_n_CAT2    5.4891e-01
              Z_n_CAT3    2.7978e+00
              Z_n_CAT4    9.6257e-01
              Z_n_CAT5    8.5208e-01
              Z_n_CAT6    3.1595e+00
       Z_sigma_CAT0_In    9.7613e+00
       Z_sigma_CAT1_In    9.5357e+00
       Z_sigma_CAT2_In    9.4445e+00
       Z_sigma_CAT3_In    9.3596e+00
       Z_sigma_CAT4_In    1.0951e+01
       Z_sigma_CAT5_In    1.0809e+01
       Z_sigma_CAT6_In    9.0000e+00
       alpha_m115_CAT0    1.3158e+00
       alpha_m115_CAT1    1.4211e+00
       alpha_m115_CAT2    1.3856e+00
       alpha_m115_CAT3    4.7947e+00
       alpha_m115_CAT4    8.6507e-01
       alpha_m115_CAT5    1.2073e+00
       alpha_m115_CAT6    1.4065e+00
          b0_m115_CAT0    9.7232e-01
          b0_m115_CAT1    1.8962e-01
          b0_m115_CAT2    1.0000e+00
          b0_m115_CAT3    9.9690e-01
          b0_m115_CAT4    9.2024e-01
          b0_m115_CAT5    6.9339e-02
          b0_m115_CAT6    1.1782e-02
          b1_m115_CAT0    4.2307e-01
          b1_m115_CAT1    1.8363e-02
          b1_m115_CAT2    9.0015e-02
          b1_m115_CAT3    3.2361e-09
          b1_m115_CAT4    9.9829e-01
          b1_m115_CAT5    1.7779e-03
          b1_m115_CAT6    9.3631e-04
          b2_m115_CAT0    7.5299e-02
          b2_m115_CAT1    5.6109e-03
          b2_m115_CAT2    1.0194e-02
          b2_m115_CAT3    1.2517e-03
          b2_m115_CAT4    2.0253e-01
          b2_m115_CAT5    1.8680e-03
          b2_m115_CAT6    2.7676e-09
         exp_m115_CAT0    9.8797e+01
         exp_m115_CAT1    1.0000e+02
         exp_m115_CAT2    9.9968e+01
         exp_m115_CAT3    2.7448e+00
         exp_m115_CAT4    1.0000e+02
         exp_m115_CAT5    9.9944e+01
         exp_m115_CAT6    9.9999e+01
            fZsig_CAT0    1.0000e+00
            fZsig_CAT1    1.0000e+00
            fZsig_CAT2    9.9976e-01
            fZsig_CAT3    7.8215e-01
            fZsig_CAT4    9.9999e-01
            fZsig_CAT5    9.8818e-01
            fZsig_CAT6    1.0000e+00
        fsig_m115_CAT0    8.8359e-01
        fsig_m115_CAT1    9.2255e-01
        fsig_m115_CAT2    9.4268e-01
        fsig_m115_CAT3    9.3369e-01
        fsig_m115_CAT4    9.4515e-01
        fsig_m115_CAT5    9.1015e-01
        fsig_m115_CAT6    9.5083e-01
               lumi_In    0.0000e+00
     mean_m115_CAT0_In    1.1594e+02
     mean_m115_CAT1_In    1.1605e+02
     mean_m115_CAT2_In    1.1648e+02
     mean_m115_CAT3_In    1.1670e+02
     mean_m115_CAT4_In    1.1366e+02
     mean_m115_CAT5_In    1.1457e+02
     mean_m115_CAT6_In    1.1535e+02
         pdf_ACCEPT_In    0.0000e+00
             pdf_gg_In    0.0000e+00
          pdf_qqbar_In    0.0000e+00
                     r    0.0000e+00
    sigma_m115_CAT0_In    1.0767e+01
    sigma_m115_CAT1_In    1.0442e+01
    sigma_m115_CAT2_In    1.0092e+01
    sigma_m115_CAT3_In    9.9803e+00
    sigma_m115_CAT4_In    1.2660e+01
    sigma_m115_CAT5_In    1.1640e+01
    sigma_m115_CAT6_In    1.1312e+01

    Floating Parameter  InitialValue    FinalValue +/-  Error     GblCorr.
  --------------------  ------------  --------------------------  --------
                    BR    0.0000e+00    0.0000e+00 +/-  9.89e-01  <none>
  CMS_ggH_hbb_QCDscale    0.0000e+00    0.0000e+00 +/-  9.89e-01  <none>
       CMS_ggH_hbb_pdf    0.0000e+00    0.0000e+00 +/-  9.89e-01  <none>
  CMS_qqH_hbb_QCDscale    0.0000e+00    0.0000e+00 +/-  9.89e-01  <none>
      CMS_qqH_hbb_btag    0.0000e+00    0.0000e+00 +/-  9.89e-01  <none>
       CMS_qqH_hbb_pdf    0.0000e+00    0.0000e+00 +/-  9.89e-01  <none>
       CMS_qqH_hbb_qgl    0.0000e+00    0.0000e+00 +/-  9.89e-01  <none>
   CMS_qqH_hbb_trigger    0.0000e+00    0.0000e+00 +/-  9.89e-01  <none>
      CMS_res_j_ACCEPT    0.0000e+00    0.0000e+00 +/-  9.89e-01  <none>
    CMS_scale_j_ACCEPT    0.0000e+00    0.0000e+00 +/-  9.89e-01  <none>
  CMS_vbfbb_qcd_norm_CAT0    0.0000e+00   -2.6962e-02 +/-  6.04e-03  <none>
  CMS_vbfbb_qcd_norm_CAT1    0.0000e+00   -2.3969e-02 +/-  6.07e-03  <none>
  CMS_vbfbb_qcd_norm_CAT2    0.0000e+00   -2.3336e-02 +/-  1.43e-02  <none>
  CMS_vbfbb_qcd_norm_CAT3    0.0000e+00   -2.5284e-02 +/-  2.42e-02  <none>
  CMS_vbfbb_qcd_norm_CAT4    0.0000e+00   -1.4311e-02 +/-  6.05e-03  <none>
  CMS_vbfbb_qcd_norm_CAT5    0.0000e+00   -1.5503e-02 +/-  7.99e-03  <none>
  CMS_vbfbb_qcd_norm_CAT6    0.0000e+00   -1.8348e-02 +/-  2.03e-02  <none>
  CMS_vbfbb_res_mbb_selNOM    1.0000e+00    1.0298e+00 +/-  9.37e-02  <none>
  CMS_vbfbb_res_mbb_selVBF    1.0000e+00    1.0280e+00 +/-  9.57e-02  <none>
  CMS_vbfbb_scale_mbb_selNOM    1.0000e+00    9.9265e-01 +/-  1.97e-02  <none>
  CMS_vbfbb_scale_mbb_selVBF    1.0000e+00    9.9927e-01 +/-  2.09e-02  <none>
  CMS_vbfbb_top_norm_CAT0    0.0000e+00    4.1145e-03 +/-  9.75e-01  <none>
  CMS_vbfbb_top_norm_CAT1    0.0000e+00    9.1374e-03 +/-  9.85e-01  <none>
  CMS_vbfbb_top_norm_CAT2    0.0000e+00   -3.7873e-03 +/-  9.88e-01  <none>
  CMS_vbfbb_top_norm_CAT3    0.0000e+00   -5.3200e-03 +/-  9.88e-01  <none>
  CMS_vbfbb_top_norm_CAT4    0.0000e+00   -3.1005e-03 +/-  9.87e-01  <none>
  CMS_vbfbb_top_norm_CAT5    0.0000e+00    1.4303e-02 +/-  9.89e-01  <none>
  CMS_vbfbb_top_norm_CAT6    0.0000e+00   -8.3282e-04 +/-  9.88e-01  <none>
  CMS_vbfbb_zjets_norm_CAT0    0.0000e+00   -2.7911e-01 +/-  9.19e-01  <none>
  CMS_vbfbb_zjets_norm_CAT1    0.0000e+00   -2.0098e-01 +/-  9.05e-01  <none>
  CMS_vbfbb_zjets_norm_CAT2    0.0000e+00   -4.0608e-02 +/-  9.63e-01  <none>
  CMS_vbfbb_zjets_norm_CAT3    0.0000e+00    5.2996e-02 +/-  9.88e-01  <none>
  CMS_vbfbb_zjets_norm_CAT4    0.0000e+00   -9.0874e-02 +/-  9.71e-01  <none>
  CMS_vbfbb_zjets_norm_CAT5    0.0000e+00   -2.3495e-01 +/-  9.52e-01  <none>
  CMS_vbfbb_zjets_norm_CAT6    0.0000e+00   -6.1667e-02 +/-  9.75e-01  <none>
          QCDscale_ggh    0.0000e+00    0.0000e+00 +/-  9.89e-01  <none>
          QCDscale_qqh    0.0000e+00    0.0000e+00 +/-  9.89e-01  <none>
         Top_mean_CAT0    1.3035e+02    1.3035e+02 +/-  1.28e+00  <none>
         Top_mean_CAT1    1.3073e+02    1.3073e+02 +/-  1.28e+00  <none>
         Top_mean_CAT2    1.3086e+02    1.3086e+02 +/-  1.29e+00  <none>
         Top_mean_CAT3    1.3042e+02    1.3042e+02 +/-  1.28e+00  <none>
         Top_mean_CAT4    1.2106e+02    1.2106e+02 +/-  1.19e+00  <none>
         Top_mean_CAT5    1.2192e+02    1.2192e+02 +/-  1.20e+00  <none>
         Top_mean_CAT6    1.2834e+02    1.2834e+02 +/-  1.26e+00  <none>
        Top_sigma_CAT0    4.3980e+01    4.3960e+01 +/-  2.16e+00  <none>
        Top_sigma_CAT1    4.4819e+01    4.4826e+01 +/-  2.20e+00  <none>
        Top_sigma_CAT2    4.5374e+01    4.5381e+01 +/-  2.23e+00  <none>
        Top_sigma_CAT3    4.9021e+01    4.9022e+01 +/-  2.41e+00  <none>
        Top_sigma_CAT4    4.4870e+01    4.4877e+01 +/-  2.20e+00  <none>
        Top_sigma_CAT5    3.7496e+01    3.7474e+01 +/-  1.84e+00  <none>
        Top_sigma_CAT6    3.5005e+01    3.5007e+01 +/-  1.72e+00  <none>
                  UEPS    0.0000e+00    0.0000e+00 +/-  9.89e-01  <none>
           Z_mean_CAT0    9.6055e+01    9.6023e+01 +/-  3.79e-01  <none>
           Z_mean_CAT1    9.6266e+01    9.6242e+01 +/-  3.97e-01  <none>
           Z_mean_CAT2    9.6858e+01    9.6946e+01 +/-  9.88e-01  <none>
           Z_mean_CAT3    9.9264e+01    9.9307e+01 +/-  6.97e-01  <none>
           Z_mean_CAT4    9.5812e+01    9.5874e+01 +/-  9.93e-01  <none>
           Z_mean_CAT5    9.6363e+01    9.6359e+01 +/-  1.09e+00  <none>
           Z_mean_CAT6    9.8132e+01    9.8124e+01 +/-  3.08e-01  <none>
          Z_sigma_CAT0    9.7613e+00    9.7696e+00 +/-  4.28e-01  <none>
          Z_sigma_CAT1    9.5357e+00    9.5653e+00 +/-  4.24e-01  <none>
          Z_sigma_CAT2    9.4445e+00    9.5210e+00 +/-  7.50e-01  <none>
          Z_sigma_CAT3    9.3596e+00    9.3581e+00 +/-  5.39e-01  <none>
          Z_sigma_CAT4    1.0951e+01    1.1116e+01 +/-  1.16e+00  <none>
          Z_sigma_CAT5    1.0809e+01    1.1000e+01 +/-  1.17e+00  <none>
          Z_sigma_CAT6    9.0000e+00    9.0000e+00 +/-  1.65e-02  <none>
        b0_selNOM_CAT0    8.4624e-01    8.4566e-01 +/-  3.10e-02  <none>
        b0_selVBF_CAT4    9.9886e+00    9.9968e+00 +/-  6.95e+00  <none>
        b1_selNOM_CAT0    7.2610e-01    7.3006e-01 +/-  2.98e-02  <none>
        b1_selVBF_CAT4    6.9270e+00    6.8188e+00 +/-  2.33e-01  <none>
        b2_selNOM_CAT0    6.6912e-01    6.7001e-01 +/-  2.99e-02  <none>
        b2_selVBF_CAT4    5.0020e+00    5.1401e+00 +/-  1.93e-01  <none>
        b3_selNOM_CAT0    4.2864e-01    4.2354e-01 +/-  2.27e-02  <none>
        b3_selVBF_CAT4    3.2546e+00    3.1510e+00 +/-  1.34e-01  <none>
        b4_selNOM_CAT0    3.1966e-01    3.2496e-01 +/-  1.43e-02  <none>
        b4_selVBF_CAT4    2.6102e+00    2.6300e+00 +/-  7.13e-02  <none>
        b5_selNOM_CAT0    2.5018e-01    2.4888e-01 +/-  9.42e-03  <none>
                  lumi    0.0000e+00    0.0000e+00 +/-  9.89e-01  <none>
        mean_m115_CAT0    1.1594e+02    1.1594e+02 +/-  1.37e-01  <none>
        mean_m115_CAT1    1.1605e+02    1.1605e+02 +/-  7.37e-02  <none>
        mean_m115_CAT2    1.1648e+02    1.1648e+02 +/-  1.06e-01  <none>
        mean_m115_CAT3    1.1670e+02    1.1670e+02 +/-  9.41e-02  <none>
        mean_m115_CAT4    1.1366e+02    1.1366e+02 +/-  3.07e-01  <none>
        mean_m115_CAT5    1.1457e+02    1.1457e+02 +/-  1.34e-01  <none>
        mean_m115_CAT6    1.1535e+02    1.1535e+02 +/-  1.11e-01  <none>
            pdf_ACCEPT    0.0000e+00    0.0000e+00 +/-  9.89e-01  <none>
                pdf_gg    0.0000e+00    0.0000e+00 +/-  9.89e-01  <none>
             pdf_qqbar    0.0000e+00    0.0000e+00 +/-  9.89e-01  <none>
       sigma_m115_CAT0    1.0767e+01    1.0767e+01 +/-  1.33e-01  <none>
       sigma_m115_CAT1    1.0442e+01    1.0442e+01 +/-  7.00e-02  <none>
       sigma_m115_CAT2    1.0092e+01    1.0092e+01 +/-  9.84e-02  <none>
       sigma_m115_CAT3    9.9803e+00    9.9803e+00 +/-  7.43e-02  <none>
       sigma_m115_CAT4    1.2660e+01    1.2660e+01 +/-  2.65e-01  <none>
       sigma_m115_CAT5    1.1640e+01    1.1640e+01 +/-  1.28e-01  <none>
       sigma_m115_CAT6    1.1312e+01    1.1312e+01 +/-  1.05e-01  <none>
    trans_POL2_p1_CAT1    5.7076e-05    1.3853e-04 +/-  4.05e-04  <none>
    trans_POL2_p1_CAT2    3.3403e-03    4.4352e-03 +/-  1.66e-03  <none>
    trans_POL2_p1_CAT3   -3.7912e-03    2.8410e-03 +/-  2.37e-03  <none>
    trans_POL2_p1_CAT5    1.2819e-03    1.9501e-03 +/-  7.06e-04  <none>
    trans_POL2_p1_CAT6    6.5835e-03    8.9464e-03 +/-  2.57e-03  <none>
    trans_POL2_p2_CAT1   -8.7850e-07   -1.0732e-06 +/-  1.49e-06  <none>
    trans_POL2_p2_CAT2   -1.1636e-05   -1.5442e-05 +/-  6.02e-06  <none>
    trans_POL2_p2_CAT3    1.3625e-05   -1.1007e-05 +/-  8.74e-06  <none>
    trans_POL2_p2_CAT5   -7.9293e-06   -1.0348e-05 +/-  2.71e-06  <none>
    trans_POL2_p2_CAT6   -2.8698e-05   -3.8476e-05 +/-  9.98e-06  <none>

[#0] ERROR:Plotting -- RooAbsPdf::plotOn(pdf_binCAT0_bonly) ERROR: component selection expression 'shapeSig*' does not select any components of p.d.f.
[#0] ERROR:Plotting -- RooAbsPdf::plotOn(pdf_binCAT1_bonly) ERROR: component selection expression 'shapeSig*' does not select any components of p.d.f.
[#0] ERROR:Plotting -- RooAbsPdf::plotOn(pdf_binCAT2_bonly) ERROR: component selection expression 'shapeSig*' does not select any components of p.d.f.
[#0] ERROR:Plotting -- RooAbsPdf::plotOn(pdf_binCAT3_bonly) ERROR: component selection expression 'shapeSig*' does not select any components of p.d.f.
[#0] ERROR:Plotting -- RooAbsPdf::plotOn(pdf_binCAT4_bonly) ERROR: component selection expression 'shapeSig*' does not select any components of p.d.f.
[#0] ERROR:Plotting -- RooAbsPdf::plotOn(pdf_binCAT5_bonly) ERROR: component selection expression 'shapeSig*' does not select any components of p.d.f.
[#0] ERROR:Plotting -- RooAbsPdf::plotOn(pdf_binCAT6_bonly) ERROR: component selection expression 'shapeSig*' does not select any components of p.d.f.

  RooFitResult: minimized FCN value: -79.2926, estimated distance to minimum: 2.99894e-06
                covariance matrix quality: Full matrix, but forced positive-definite
                Status : MINIMIZE=0 HESSE=0 

    Constant Parameter    Value     
  --------------------  ------------
                 BR_In    0.0000e+00
  CMS_ggH_hbb_QCDscale_In    0.0000e+00
    CMS_ggH_hbb_pdf_In    0.0000e+00
  CMS_qqH_hbb_QCDscale_In    0.0000e+00
   CMS_qqH_hbb_btag_In    0.0000e+00
    CMS_qqH_hbb_pdf_In    0.0000e+00
    CMS_qqH_hbb_qgl_In    0.0000e+00
  CMS_qqH_hbb_trigger_In    0.0000e+00
   CMS_res_j_ACCEPT_In    0.0000e+00
  CMS_scale_j_ACCEPT_In    0.0000e+00
  CMS_vbfbb_res_mbb_selNOM_In    1.0000e+00
  CMS_vbfbb_res_mbb_selVBF_In    1.0000e+00
  CMS_vbfbb_scale_mbb_selNOM_In    1.0000e+00
  CMS_vbfbb_scale_mbb_selVBF_In    1.0000e+00
  CMS_vbfbb_top_norm_CAT0_In    0.0000e+00
  CMS_vbfbb_top_norm_CAT1_In    0.0000e+00
  CMS_vbfbb_top_norm_CAT2_In    0.0000e+00
  CMS_vbfbb_top_norm_CAT3_In    0.0000e+00
  CMS_vbfbb_top_norm_CAT4_In    0.0000e+00
  CMS_vbfbb_top_norm_CAT5_In    0.0000e+00
  CMS_vbfbb_top_norm_CAT6_In    0.0000e+00
  CMS_vbfbb_zjets_norm_CAT0_In    0.0000e+00
  CMS_vbfbb_zjets_norm_CAT1_In    0.0000e+00
  CMS_vbfbb_zjets_norm_CAT2_In    0.0000e+00
  CMS_vbfbb_zjets_norm_CAT3_In    0.0000e+00
  CMS_vbfbb_zjets_norm_CAT4_In    0.0000e+00
  CMS_vbfbb_zjets_norm_CAT5_In    0.0000e+00
  CMS_vbfbb_zjets_norm_CAT6_In    0.0000e+00
       QCDscale_ggh_In    0.0000e+00
       QCDscale_qqh_In    0.0000e+00
      Top_mean_CAT0_In    1.3035e+02
      Top_mean_CAT1_In    1.3073e+02
      Top_mean_CAT2_In    1.3086e+02
      Top_mean_CAT3_In    1.3042e+02
      Top_mean_CAT4_In    1.2106e+02
      Top_mean_CAT5_In    1.2192e+02
      Top_mean_CAT6_In    1.2834e+02
     Top_sigma_CAT0_In    4.3980e+01
     Top_sigma_CAT1_In    4.4819e+01
     Top_sigma_CAT2_In    4.5374e+01
     Top_sigma_CAT3_In    4.9021e+01
     Top_sigma_CAT4_In    4.4870e+01
     Top_sigma_CAT5_In    3.7496e+01
     Top_sigma_CAT6_In    3.5005e+01
               UEPS_In    0.0000e+00
              Z_a_CAT0   -1.1945e+00
              Z_a_CAT1   -1.2538e+00
              Z_a_CAT2   -2.0997e+00
              Z_a_CAT3   -2.5959e+00
              Z_a_CAT4   -1.0784e+00
              Z_a_CAT5   -1.6194e+00
              Z_a_CAT6   -1.7234e+00
             Z_b0_CAT0    3.7469e-01
             Z_b0_CAT1    6.2775e-01
             Z_b0_CAT2    6.2864e-01
             Z_b0_CAT3    6.2547e-01
             Z_b0_CAT4    8.5410e-03
             Z_b0_CAT5    5.7626e-01
             Z_b0_CAT6    6.8530e-01
             Z_b1_CAT0    1.4163e-03
             Z_b1_CAT1    3.1985e-05
             Z_b1_CAT2    6.9482e-06
             Z_b1_CAT3    3.1921e-08
             Z_b1_CAT4    9.3031e-06
             Z_b1_CAT5    8.6631e-05
             Z_b1_CAT6    2.1537e-06
             Z_b2_CAT0    2.1709e-03
             Z_b2_CAT1    3.6883e-05
             Z_b2_CAT2    5.3686e-05
             Z_b2_CAT3    4.2106e-09
             Z_b2_CAT4    1.2989e-03
             Z_b2_CAT5    8.7244e-05
             Z_b2_CAT6    4.3615e-06
        Z_mean_CAT0_In    9.6055e+01
        Z_mean_CAT1_In    9.6266e+01
        Z_mean_CAT2_In    9.6858e+01
        Z_mean_CAT3_In    9.9264e+01
        Z_mean_CAT4_In    9.5812e+01
        Z_mean_CAT5_In    9.6363e+01
        Z_mean_CAT6_In    9.8132e+01
              Z_n_CAT0    1.1003e+00
              Z_n_CAT1    1.4491e+00
              Z_n_CAT2    5.4891e-01
              Z_n_CAT3    2.7978e+00
              Z_n_CAT4    9.6257e-01
              Z_n_CAT5    8.5208e-01
              Z_n_CAT6    3.1595e+00
       Z_sigma_CAT0_In    9.7613e+00
       Z_sigma_CAT1_In    9.5357e+00
       Z_sigma_CAT2_In    9.4445e+00
       Z_sigma_CAT3_In    9.3596e+00
       Z_sigma_CAT4_In    1.0951e+01
       Z_sigma_CAT5_In    1.0809e+01
       Z_sigma_CAT6_In    9.0000e+00
       alpha_m115_CAT0    1.3158e+00
       alpha_m115_CAT1    1.4211e+00
       alpha_m115_CAT2    1.3856e+00
       alpha_m115_CAT3    4.7947e+00
       alpha_m115_CAT4    8.6507e-01
       alpha_m115_CAT5    1.2073e+00
       alpha_m115_CAT6    1.4065e+00
          b0_m115_CAT0    9.7232e-01
          b0_m115_CAT1    1.8962e-01
          b0_m115_CAT2    1.0000e+00
          b0_m115_CAT3    9.9690e-01
          b0_m115_CAT4    9.2024e-01
          b0_m115_CAT5    6.9339e-02
          b0_m115_CAT6    1.1782e-02
          b1_m115_CAT0    4.2307e-01
          b1_m115_CAT1    1.8363e-02
          b1_m115_CAT2    9.0015e-02
          b1_m115_CAT3    3.2361e-09
          b1_m115_CAT4    9.9829e-01
          b1_m115_CAT5    1.7779e-03
          b1_m115_CAT6    9.3631e-04
          b2_m115_CAT0    7.5299e-02
          b2_m115_CAT1    5.6109e-03
          b2_m115_CAT2    1.0194e-02
          b2_m115_CAT3    1.2517e-03
          b2_m115_CAT4    2.0253e-01
          b2_m115_CAT5    1.8680e-03
          b2_m115_CAT6    2.7676e-09
         exp_m115_CAT0    9.8797e+01
         exp_m115_CAT1    1.0000e+02
         exp_m115_CAT2    9.9968e+01
         exp_m115_CAT3    2.7448e+00
         exp_m115_CAT4    1.0000e+02
         exp_m115_CAT5    9.9944e+01
         exp_m115_CAT6    9.9999e+01
            fZsig_CAT0    1.0000e+00
            fZsig_CAT1    1.0000e+00
            fZsig_CAT2    9.9976e-01
            fZsig_CAT3    7.8215e-01
            fZsig_CAT4    9.9999e-01
            fZsig_CAT5    9.8818e-01
            fZsig_CAT6    1.0000e+00
        fsig_m115_CAT0    8.8359e-01
        fsig_m115_CAT1    9.2255e-01
        fsig_m115_CAT2    9.4268e-01
        fsig_m115_CAT3    9.3369e-01
        fsig_m115_CAT4    9.4515e-01
        fsig_m115_CAT5    9.1015e-01
        fsig_m115_CAT6    9.5083e-01
               lumi_In    0.0000e+00
     mean_m115_CAT0_In    1.1594e+02
     mean_m115_CAT1_In    1.1605e+02
     mean_m115_CAT2_In    1.1648e+02
     mean_m115_CAT3_In    1.1670e+02
     mean_m115_CAT4_In    1.1366e+02
     mean_m115_CAT5_In    1.1457e+02
     mean_m115_CAT6_In    1.1535e+02
         pdf_ACCEPT_In    0.0000e+00
             pdf_gg_In    0.0000e+00
          pdf_qqbar_In    0.0000e+00
    sigma_m115_CAT0_In    1.0767e+01
    sigma_m115_CAT1_In    1.0442e+01
    sigma_m115_CAT2_In    1.0092e+01
    sigma_m115_CAT3_In    9.9803e+00
    sigma_m115_CAT4_In    1.2660e+01
    sigma_m115_CAT5_In    1.1640e+01
    sigma_m115_CAT6_In    1.1312e+01

    Floating Parameter  InitialValue    FinalValue +/-  Error     GblCorr.
  --------------------  ------------  --------------------------  --------
                    BR    0.0000e+00   -2.8325e-05 +/-  9.63e-01  <none>
  CMS_ggH_hbb_QCDscale    0.0000e+00    2.0714e-04 +/-  9.63e-01  <none>
       CMS_ggH_hbb_pdf    0.0000e+00    7.5376e-03 +/-  9.63e-01  <none>
  CMS_qqH_hbb_QCDscale    0.0000e+00   -1.4845e-02 +/-  9.63e-01  <none>
      CMS_qqH_hbb_btag    0.0000e+00    5.1065e-02 +/-  9.60e-01  <none>
       CMS_qqH_hbb_pdf    0.0000e+00   -3.8573e-03 +/-  9.63e-01  <none>
       CMS_qqH_hbb_qgl    0.0000e+00    3.4473e-02 +/-  9.63e-01  <none>
   CMS_qqH_hbb_trigger    0.0000e+00   -1.2018e-02 +/-  9.61e-01  <none>
      CMS_res_j_ACCEPT    0.0000e+00   -6.2933e-03 +/-  9.63e-01  <none>
    CMS_scale_j_ACCEPT    0.0000e+00   -2.0766e-02 +/-  9.57e-01  <none>
  CMS_vbfbb_qcd_norm_CAT0    0.0000e+00   -2.8593e-02 +/-  5.40e-03  <none>
  CMS_vbfbb_qcd_norm_CAT1    0.0000e+00   -2.8715e-02 +/-  5.97e-03  <none>
  CMS_vbfbb_qcd_norm_CAT2    0.0000e+00   -3.8293e-02 +/-  1.50e-02  <none>
  CMS_vbfbb_qcd_norm_CAT3    0.0000e+00   -6.5635e-02 +/-  2.81e-02  <none>
  CMS_vbfbb_qcd_norm_CAT4    0.0000e+00   -1.5870e-02 +/-  5.86e-03  <none>
  CMS_vbfbb_qcd_norm_CAT5    0.0000e+00   -2.0252e-02 +/-  7.96e-03  <none>
  CMS_vbfbb_qcd_norm_CAT6    0.0000e+00   -3.5069e-02 +/-  2.09e-02  <none>
  CMS_vbfbb_res_mbb_selNOM    1.0000e+00    1.0073e+00 +/-  8.88e-02  <none>
  CMS_vbfbb_res_mbb_selVBF    1.0000e+00    1.0189e+00 +/-  9.34e-02  <none>
  CMS_vbfbb_scale_mbb_selNOM    1.0000e+00    9.8543e-01 +/-  1.65e-02  <none>
  CMS_vbfbb_scale_mbb_selVBF    1.0000e+00    1.0032e+00 +/-  1.96e-02  <none>
  CMS_vbfbb_top_norm_CAT0    0.0000e+00   -1.4160e-02 +/-  8.69e-01  <none>
  CMS_vbfbb_top_norm_CAT1    0.0000e+00    1.0442e-02 +/-  9.36e-01  <none>
  CMS_vbfbb_top_norm_CAT2    0.0000e+00    6.8664e-05 +/-  9.62e-01  <none>
  CMS_vbfbb_top_norm_CAT3    0.0000e+00   -8.7754e-04 +/-  9.63e-01  <none>
  CMS_vbfbb_top_norm_CAT4    0.0000e+00   -5.1132e-03 +/-  9.57e-01  <none>
  CMS_vbfbb_top_norm_CAT5    0.0000e+00    1.5394e-02 +/-  9.60e-01  <none>
  CMS_vbfbb_top_norm_CAT6    0.0000e+00    1.3037e-03 +/-  9.62e-01  <none>
  CMS_vbfbb_zjets_norm_CAT0    0.0000e+00   -1.9408e-01 +/-  8.57e-01  <none>
  CMS_vbfbb_zjets_norm_CAT1    0.0000e+00   -1.0520e-01 +/-  8.43e-01  <none>
  CMS_vbfbb_zjets_norm_CAT2    0.0000e+00   -2.7154e-02 +/-  9.30e-01  <none>
  CMS_vbfbb_zjets_norm_CAT3    0.0000e+00    3.2905e-02 +/-  9.57e-01  <none>
  CMS_vbfbb_zjets_norm_CAT4    0.0000e+00   -6.1939e-02 +/-  9.42e-01  <none>
  CMS_vbfbb_zjets_norm_CAT5    0.0000e+00   -2.2425e-01 +/-  9.23e-01  <none>
  CMS_vbfbb_zjets_norm_CAT6    0.0000e+00   -6.9587e-02 +/-  9.48e-01  <none>
          QCDscale_ggh    0.0000e+00    3.6667e-04 +/-  9.63e-01  <none>
          QCDscale_qqh    0.0000e+00   -1.4110e-02 +/-  9.60e-01  <none>
         Top_mean_CAT0    1.3035e+02    1.3034e+02 +/-  1.25e+00  <none>
         Top_mean_CAT1    1.3073e+02    1.3074e+02 +/-  1.25e+00  <none>
         Top_mean_CAT2    1.3086e+02    1.3086e+02 +/-  1.25e+00  <none>
         Top_mean_CAT3    1.3042e+02    1.3042e+02 +/-  1.25e+00  <none>
         Top_mean_CAT4    1.2106e+02    1.2106e+02 +/-  1.16e+00  <none>
         Top_mean_CAT5    1.2192e+02    1.2192e+02 +/-  1.17e+00  <none>
         Top_mean_CAT6    1.2834e+02    1.2835e+02 +/-  1.23e+00  <none>
        Top_sigma_CAT0    4.3980e+01    4.3962e+01 +/-  2.10e+00  <none>
        Top_sigma_CAT1    4.4819e+01    4.4827e+01 +/-  2.14e+00  <none>
        Top_sigma_CAT2    4.5374e+01    4.5378e+01 +/-  2.17e+00  <none>
        Top_sigma_CAT3    4.9021e+01    4.9018e+01 +/-  2.35e+00  <none>
        Top_sigma_CAT4    4.4870e+01    4.4876e+01 +/-  2.15e+00  <none>
        Top_sigma_CAT5    3.7496e+01    3.7476e+01 +/-  1.80e+00  <none>
        Top_sigma_CAT6    3.5005e+01    3.5008e+01 +/-  1.67e+00  <none>
                  UEPS    0.0000e+00    4.5247e-02 +/-  9.60e-01  <none>
           Z_mean_CAT0    9.6055e+01    9.6032e+01 +/-  3.68e-01  <none>
           Z_mean_CAT1    9.6266e+01    9.6233e+01 +/-  3.86e-01  <none>
           Z_mean_CAT2    9.6858e+01    9.6891e+01 +/-  9.57e-01  <none>
           Z_mean_CAT3    9.9264e+01    9.9277e+01 +/-  6.79e-01  <none>
           Z_mean_CAT4    9.5812e+01    9.5891e+01 +/-  9.64e-01  <none>
           Z_mean_CAT5    9.6363e+01    9.6351e+01 +/-  1.06e+00  <none>
           Z_mean_CAT6    9.8132e+01    9.8122e+01 +/-  3.00e-01  <none>
          Z_sigma_CAT0    9.7613e+00    9.7638e+00 +/-  4.15e-01  <none>
          Z_sigma_CAT1    9.5357e+00    9.5455e+00 +/-  4.14e-01  <none>
          Z_sigma_CAT2    9.4445e+00    9.4963e+00 +/-  7.26e-01  <none>
          Z_sigma_CAT3    9.3596e+00    9.3481e+00 +/-  5.25e-01  <none>
          Z_sigma_CAT4    1.0951e+01    1.1103e+01 +/-  1.12e+00  <none>
          Z_sigma_CAT5    1.0809e+01    1.0982e+01 +/-  1.13e+00  <none>
          Z_sigma_CAT6    9.0000e+00    9.0000e+00 +/-  1.60e-02  <none>
        b0_selNOM_CAT0    8.4624e-01    8.4618e-01 +/-  9.02e-03  <none>
        b0_selVBF_CAT4    9.9886e+00    1.0000e+01 +/-  9.43e+00  <none>
        b1_selNOM_CAT0    7.2610e-01    7.2835e-01 +/-  1.18e-02  <none>
        b1_selVBF_CAT4    6.9270e+00    6.7456e+00 +/-  3.70e-01  <none>
        b2_selNOM_CAT0    6.6912e-01    6.6464e-01 +/-  1.27e-02  <none>
        b2_selVBF_CAT4    5.0020e+00    5.1734e+00 +/-  3.50e-01  <none>
        b3_selNOM_CAT0    4.2864e-01    4.3068e-01 +/-  1.03e-02  <none>
        b3_selVBF_CAT4    3.2546e+00    3.1413e+00 +/-  2.01e-01  <none>
        b4_selNOM_CAT0    3.1966e-01    3.2240e-01 +/-  6.30e-03  <none>
        b4_selVBF_CAT4    2.6102e+00    2.6242e+00 +/-  1.48e-01  <none>
        b5_selNOM_CAT0    2.5018e-01    2.4915e-01 +/-  3.15e-03  <none>
                  lumi    0.0000e+00   -6.5597e-05 +/-  9.63e-01  <none>
        mean_m115_CAT0    1.1594e+02    1.1594e+02 +/-  1.33e-01  <none>
        mean_m115_CAT1    1.1605e+02    1.1605e+02 +/-  7.18e-02  <none>
        mean_m115_CAT2    1.1648e+02    1.1648e+02 +/-  1.03e-01  <none>
        mean_m115_CAT3    1.1670e+02    1.1670e+02 +/-  9.17e-02  <none>
        mean_m115_CAT4    1.1366e+02    1.1366e+02 +/-  2.99e-01  <none>
        mean_m115_CAT5    1.1457e+02    1.1457e+02 +/-  1.31e-01  <none>
        mean_m115_CAT6    1.1535e+02    1.1535e+02 +/-  1.09e-01  <none>
            pdf_ACCEPT    0.0000e+00   -2.6990e-05 +/-  9.61e-01  <none>
                pdf_gg    0.0000e+00    1.3487e-02 +/-  9.63e-01  <none>
             pdf_qqbar    0.0000e+00   -5.0185e-03 +/-  9.63e-01  <none>
                     r    2.2000e+00    2.4332e+00 +/-  1.01e+00  <none>
       sigma_m115_CAT0    1.0767e+01    1.0766e+01 +/-  1.29e-01  <none>
       sigma_m115_CAT1    1.0442e+01    1.0442e+01 +/-  6.82e-02  <none>
       sigma_m115_CAT2    1.0092e+01    1.0092e+01 +/-  9.59e-02  <none>
       sigma_m115_CAT3    9.9803e+00    9.9808e+00 +/-  7.24e-02  <none>
       sigma_m115_CAT4    1.2660e+01    1.2658e+01 +/-  2.58e-01  <none>
       sigma_m115_CAT5    1.1640e+01    1.1640e+01 +/-  1.25e-01  <none>
       sigma_m115_CAT6    1.1312e+01    1.1312e+01 +/-  1.02e-01  <none>
    trans_POL2_p1_CAT1    5.7076e-05    3.1727e-05 +/-  1.54e-04  <none>
    trans_POL2_p1_CAT2    3.3403e-03    3.4319e-03 +/-  6.21e-04  <none>
    trans_POL2_p1_CAT3   -3.7912e-03    4.4297e-04 +/-  8.69e-04  <none>
    trans_POL2_p1_CAT5    1.2819e-03    1.7563e-03 +/-  2.56e-04  <none>
    trans_POL2_p1_CAT6    6.5835e-03    7.1784e-03 +/-  8.58e-04  <none>
    trans_POL2_p2_CAT1   -8.7850e-07   -6.1280e-07 +/-  5.65e-07  <none>
    trans_POL2_p2_CAT2   -1.1636e-05   -1.1447e-05 +/-  2.24e-06  <none>
    trans_POL2_p2_CAT3    1.3625e-05   -1.3214e-06 +/-  3.20e-06  <none>
    trans_POL2_p2_CAT5   -7.9293e-06   -9.5450e-06 +/-  9.79e-07  <none>
    trans_POL2_p2_CAT6   -2.8698e-05   -3.1271e-05 +/-  3.32e-06  <none>

Set default minimizer to Minuit2
Searching for crossing at nll = -8.53578e+06 in the interval [ 2.43324 , 10 ]
x  +2.433241   y  -0.494474                       step  +0.151335 [ START OF ITER 0, bound +10.000000 ]
x  +2.584576   y  -0.466163   yCorr  -0.466163
x  +2.735912   y  -0.381417   yCorr  -0.381417
x  +2.887247   y  -0.240424   yCorr  -0.240424
x  +3.038582   y  -0.043373   yCorr  -0.043373
x  +3.189917   y  +0.209550   yCorr  +0.209550
     --------> accumulated big change in NLL, will go do minimize
x  +3.189917   y  +0.209550   yCorr  +0.209550   yProf   -0.325235   (P-U)  -0.534786    (P-C)  -0.534786    oldSlope  +0.000000    newSlope  +0.934028
 ---> change search window to [ 3.18992 , 10 ]
x  +3.189917   y  -0.325235                       step  +0.136202 [ START OF ITER 1, bound +10.000000 ]
x  +3.326119   y  -0.245811   yCorr  -0.263138
x  +3.462320   y  -0.124385   yCorr  -0.193694
x  +3.598522   y  +0.038924   yCorr  -0.117019
x  +3.734724   y  +0.243999   yCorr  -0.033233
x  +3.870925   y  +0.490724   yCorr  +0.057547
     --------> found crossing
x  +3.802825   y  +0.362163   yCorr  +0.011290   [ bisection iter 0 in   +3.734724 in  +3.870925 ]
x  +3.768774   y  +0.301781   yCorr  -0.011189   [ bisection iter 1 in   +3.734724 in  +3.802825 ]
x  +3.785799   y  +0.331647   yCorr  -0.000004   [ bisection iter 2 in   +3.768774 in  +3.802825 ]
     --------> ending with x  +3.802825
x  +3.802825   y  +0.362163   yCorr  +0.011290   yProf   +0.023067   (P-U)  -0.339096    (P-C)  +0.011777    oldSlope  +0.934028    newSlope  +0.902677
 ---> all your brackets are belong to us!!
 ---> change search window to [ 3.80282 , 3.18992 ]
x  +3.802825   y  +0.023067                       step  -0.012258 [ START OF ITER 2, bound  +3.189917 ]
x  +3.790566   y  +0.014672   yCorr  +0.014537
x  +3.778308   y  +0.006593   yCorr  +0.006051
x  +3.766050   y  -0.001170   yCorr  -0.002390
     --------> found crossing
x  +3.772179   y  +0.002672   yCorr  +0.001825   [ bisection iter 0 in   +3.778308 in  +3.766050 ]
x  +3.769115   y  +0.000741   yCorr  -0.000284   [ bisection iter 1 in   +3.772179 in  +3.766050 ]
     --------> ending with x  +3.769115
x  +3.769115   y  +0.000741   yCorr  -0.000284   yProf   -0.000289   (P-U)  -0.001030    (P-C)  -0.000004    oldSlope  +0.902677    newSlope  +0.906498
Set default minimizer to Minuit2
Searching for crossing at nll = -8.53578e+06 in the interval [ 2.43324 , -4 ]
x  +2.433241   y  -0.494474                       step  -0.128665 [ START OF ITER 0, bound  -4.000000 ]
x  +2.304576   y  -0.474014   yCorr  -0.474014
x  +2.175912   y  -0.412505   yCorr  -0.412505
x  +2.047247   y  -0.309827   yCorr  -0.309827
x  +1.918582   y  -0.165862   yCorr  -0.165862
x  +1.789917   y  +0.019512   yCorr  +0.019512
     --------> found crossing
x  +1.854250   y  -0.078358   yCorr  -0.078358   [ bisection iter 0 in   +1.918582 in  +1.789917 ]
x  +1.822083   y  -0.030720   yCorr  -0.030720   [ bisection iter 1 in   +1.854250 in  +1.789917 ]
x  +1.806000   y  -0.005928   yCorr  -0.005928   [ bisection iter 2 in   +1.822083 in  +1.789917 ]
x  +1.797959   y  +0.006711   yCorr  +0.006711   [ bisection iter 3 in   +1.806000 in  +1.789917 ]
x  +1.801979   y  +0.000371   yCorr  +0.000371   [ bisection iter 4 in   +1.806000 in  +1.797959 ]
     --------> ending with x  +1.801979
x  +1.801979   y  +0.000371   yCorr  +0.000371   yProf   -0.360591   (P-U)  -0.360962    (P-C)  -0.360962    oldSlope  +0.000000    newSlope  +0.905821
 ---> change search window to [ 1.80198 , -4 ]
x  +1.801979   y  -0.360591                       step  -0.116040 [ START OF ITER 1, bound  -4.000000 ]
x  +1.685940   y  -0.292513   yCorr  -0.304710
x  +1.569900   y  -0.189283   yCorr  -0.238072
x  +1.453861   y  -0.050807   yCorr  -0.160580
x  +1.337821   y  +0.123013   yCorr  -0.072140
x  +1.221782   y  +0.332273   yCorr  +0.027347
     --------> found crossing
x  +1.279801   y  +0.223207   yCorr  -0.023783   [ bisection iter 0 in   +1.337821 in  +1.221782 ]
x  +1.250791   y  +0.276630   yCorr  +0.001434   [ bisection iter 1 in   +1.279801 in  +1.221782 ]
x  +1.265296   y  +0.249641   yCorr  -0.011261   [ bisection iter 2 in   +1.279801 in  +1.250791 ]
x  +1.258044   y  +0.263066   yCorr  -0.004935   [ bisection iter 3 in   +1.265296 in  +1.250791 ]
x  +1.254418   y  +0.269831   yCorr  -0.001756   [ bisection iter 4 in   +1.258044 in  +1.250791 ]
     --------> ending with x  +1.250791
x  +1.250791   y  +0.276630   yCorr  +0.001434   yProf   -0.006703   (P-U)  -0.283334    (P-C)  -0.008138    oldSlope  +0.905821    newSlope  +0.932607
 ---> change search window to [ 1.25079 , -4 ]
x  +1.250791   y  -0.006703                       step  -0.105016 [ START OF ITER 2, bound  -4.000000 ]
x  +1.145776   y  +0.097484   yCorr  +0.087199
     --------> found crossing
x  +1.198283   y  +0.041717   yCorr  +0.039145   [ bisection iter 0 in   +1.250791 in  +1.145776 ]
x  +1.224537   y  +0.016589   yCorr  +0.015946   [ bisection iter 1 in   +1.250791 in  +1.198283 ]
x  +1.237664   y  +0.004713   yCorr  +0.004553   [ bisection iter 2 in   +1.250791 in  +1.224537 ]
x  +1.244228   y  -0.001052   yCorr  -0.001093   [ bisection iter 3 in   +1.250791 in  +1.237664 ]
x  +1.240946   y  +0.001816   yCorr  +0.001726   [ bisection iter 4 in   +1.244228 in  +1.237664 ]
     --------> ending with x  +1.240946
x  +1.240946   y  +0.001816   yCorr  +0.001726   yProf   +0.001727   (P-U)  -0.000089    (P-C)  +0.000001    oldSlope  +0.932607    newSlope  +0.922400
 ---> all your brackets are belong to us!!
 ---> change search window to [ 1.24095 , 1.25079 ]
x  +1.240946   y  +0.001727                       step  +0.000197 [ START OF ITER 3, bound  +1.250791 ]
x  +1.241143   y  +0.001557   yCorr  +0.001557
x  +1.241340   y  +0.001388   yCorr  +0.001388
x  +1.241537   y  +0.001218   yCorr  +0.001218
x  +1.241734   y  +0.001049   yCorr  +0.001049
x  +1.241931   y  +0.000880   yCorr  +0.000879
x  +1.242128   y  +0.000711   yCorr  +0.000710
x  +1.242325   y  +0.000542   yCorr  +0.000541
x  +1.242521   y  +0.000373   yCorr  +0.000371
x  +1.242718   y  +0.000205   yCorr  +0.000202
x  +1.242915   y  +0.000036   yCorr  +0.000033
x  +1.243112   y  -0.000132   yCorr  -0.000137
     --------> found crossing
     --------> ending with x  +1.243112
x  +1.243112   y  -0.000132   yCorr  -0.000137   yProf   -0.000145   (P-U)  -0.000013    (P-C)  -0.000008    oldSlope  +0.922400    newSlope  +2.686760

  RooFitResult: minimized FCN value: -79.2926, estimated distance to minimum: 2.99894e-06
                covariance matrix quality: Full matrix, but forced positive-definite
                Status : MINIMIZE=0 HESSE=0 

    Constant Parameter    Value     
  --------------------  ------------
                 BR_In    0.0000e+00
  CMS_ggH_hbb_QCDscale_In    0.0000e+00
    CMS_ggH_hbb_pdf_In    0.0000e+00
  CMS_qqH_hbb_QCDscale_In    0.0000e+00
   CMS_qqH_hbb_btag_In    0.0000e+00
    CMS_qqH_hbb_pdf_In    0.0000e+00
    CMS_qqH_hbb_qgl_In    0.0000e+00
  CMS_qqH_hbb_trigger_In    0.0000e+00
   CMS_res_j_ACCEPT_In    0.0000e+00
  CMS_scale_j_ACCEPT_In    0.0000e+00
  CMS_vbfbb_res_mbb_selNOM_In    1.0000e+00
  CMS_vbfbb_res_mbb_selVBF_In    1.0000e+00
  CMS_vbfbb_scale_mbb_selNOM_In    1.0000e+00
  CMS_vbfbb_scale_mbb_selVBF_In    1.0000e+00
  CMS_vbfbb_top_norm_CAT0_In    0.0000e+00
  CMS_vbfbb_top_norm_CAT1_In    0.0000e+00
  CMS_vbfbb_top_norm_CAT2_In    0.0000e+00
  CMS_vbfbb_top_norm_CAT3_In    0.0000e+00
  CMS_vbfbb_top_norm_CAT4_In    0.0000e+00
  CMS_vbfbb_top_norm_CAT5_In    0.0000e+00
  CMS_vbfbb_top_norm_CAT6_In    0.0000e+00
  CMS_vbfbb_zjets_norm_CAT0_In    0.0000e+00
  CMS_vbfbb_zjets_norm_CAT1_In    0.0000e+00
  CMS_vbfbb_zjets_norm_CAT2_In    0.0000e+00
  CMS_vbfbb_zjets_norm_CAT3_In    0.0000e+00
  CMS_vbfbb_zjets_norm_CAT4_In    0.0000e+00
  CMS_vbfbb_zjets_norm_CAT5_In    0.0000e+00
  CMS_vbfbb_zjets_norm_CAT6_In    0.0000e+00
       QCDscale_ggh_In    0.0000e+00
       QCDscale_qqh_In    0.0000e+00
      Top_mean_CAT0_In    1.3035e+02
      Top_mean_CAT1_In    1.3073e+02
      Top_mean_CAT2_In    1.3086e+02
      Top_mean_CAT3_In    1.3042e+02
      Top_mean_CAT4_In    1.2106e+02
      Top_mean_CAT5_In    1.2192e+02
      Top_mean_CAT6_In    1.2834e+02
     Top_sigma_CAT0_In    4.3980e+01
     Top_sigma_CAT1_In    4.4819e+01
     Top_sigma_CAT2_In    4.5374e+01
     Top_sigma_CAT3_In    4.9021e+01
     Top_sigma_CAT4_In    4.4870e+01
     Top_sigma_CAT5_In    3.7496e+01
     Top_sigma_CAT6_In    3.5005e+01
               UEPS_In    0.0000e+00
              Z_a_CAT0   -1.1945e+00
              Z_a_CAT1   -1.2538e+00
              Z_a_CAT2   -2.0997e+00
              Z_a_CAT3   -2.5959e+00
              Z_a_CAT4   -1.0784e+00
              Z_a_CAT5   -1.6194e+00
              Z_a_CAT6   -1.7234e+00
             Z_b0_CAT0    3.7469e-01
             Z_b0_CAT1    6.2775e-01
             Z_b0_CAT2    6.2864e-01
             Z_b0_CAT3    6.2547e-01
             Z_b0_CAT4    8.5410e-03
             Z_b0_CAT5    5.7626e-01
             Z_b0_CAT6    6.8530e-01
             Z_b1_CAT0    1.4163e-03
             Z_b1_CAT1    3.1985e-05
             Z_b1_CAT2    6.9482e-06
             Z_b1_CAT3    3.1921e-08
             Z_b1_CAT4    9.3031e-06
             Z_b1_CAT5    8.6631e-05
             Z_b1_CAT6    2.1537e-06
             Z_b2_CAT0    2.1709e-03
             Z_b2_CAT1    3.6883e-05
             Z_b2_CAT2    5.3686e-05
             Z_b2_CAT3    4.2106e-09
             Z_b2_CAT4    1.2989e-03
             Z_b2_CAT5    8.7244e-05
             Z_b2_CAT6    4.3615e-06
        Z_mean_CAT0_In    9.6055e+01
        Z_mean_CAT1_In    9.6266e+01
        Z_mean_CAT2_In    9.6858e+01
        Z_mean_CAT3_In    9.9264e+01
        Z_mean_CAT4_In    9.5812e+01
        Z_mean_CAT5_In    9.6363e+01
        Z_mean_CAT6_In    9.8132e+01
              Z_n_CAT0    1.1003e+00
              Z_n_CAT1    1.4491e+00
              Z_n_CAT2    5.4891e-01
              Z_n_CAT3    2.7978e+00
              Z_n_CAT4    9.6257e-01
              Z_n_CAT5    8.5208e-01
              Z_n_CAT6    3.1595e+00
       Z_sigma_CAT0_In    9.7613e+00
       Z_sigma_CAT1_In    9.5357e+00
       Z_sigma_CAT2_In    9.4445e+00
       Z_sigma_CAT3_In    9.3596e+00
       Z_sigma_CAT4_In    1.0951e+01
       Z_sigma_CAT5_In    1.0809e+01
       Z_sigma_CAT6_In    9.0000e+00
       alpha_m115_CAT0    1.3158e+00
       alpha_m115_CAT1    1.4211e+00
       alpha_m115_CAT2    1.3856e+00
       alpha_m115_CAT3    4.7947e+00
       alpha_m115_CAT4    8.6507e-01
       alpha_m115_CAT5    1.2073e+00
       alpha_m115_CAT6    1.4065e+00
          b0_m115_CAT0    9.7232e-01
          b0_m115_CAT1    1.8962e-01
          b0_m115_CAT2    1.0000e+00
          b0_m115_CAT3    9.9690e-01
          b0_m115_CAT4    9.2024e-01
          b0_m115_CAT5    6.9339e-02
          b0_m115_CAT6    1.1782e-02
          b1_m115_CAT0    4.2307e-01
          b1_m115_CAT1    1.8363e-02
          b1_m115_CAT2    9.0015e-02
          b1_m115_CAT3    3.2361e-09
          b1_m115_CAT4    9.9829e-01
          b1_m115_CAT5    1.7779e-03
          b1_m115_CAT6    9.3631e-04
          b2_m115_CAT0    7.5299e-02
          b2_m115_CAT1    5.6109e-03
          b2_m115_CAT2    1.0194e-02
          b2_m115_CAT3    1.2517e-03
          b2_m115_CAT4    2.0253e-01
          b2_m115_CAT5    1.8680e-03
          b2_m115_CAT6    2.7676e-09
         exp_m115_CAT0    9.8797e+01
         exp_m115_CAT1    1.0000e+02
         exp_m115_CAT2    9.9968e+01
         exp_m115_CAT3    2.7448e+00
         exp_m115_CAT4    1.0000e+02
         exp_m115_CAT5    9.9944e+01
         exp_m115_CAT6    9.9999e+01
            fZsig_CAT0    1.0000e+00
            fZsig_CAT1    1.0000e+00
            fZsig_CAT2    9.9976e-01
            fZsig_CAT3    7.8215e-01
            fZsig_CAT4    9.9999e-01
            fZsig_CAT5    9.8818e-01
            fZsig_CAT6    1.0000e+00
        fsig_m115_CAT0    8.8359e-01
        fsig_m115_CAT1    9.2255e-01
        fsig_m115_CAT2    9.4268e-01
        fsig_m115_CAT3    9.3369e-01
        fsig_m115_CAT4    9.4515e-01
        fsig_m115_CAT5    9.1015e-01
        fsig_m115_CAT6    9.5083e-01
               lumi_In    0.0000e+00
     mean_m115_CAT0_In    1.1594e+02
     mean_m115_CAT1_In    1.1605e+02
     mean_m115_CAT2_In    1.1648e+02
     mean_m115_CAT3_In    1.1670e+02
     mean_m115_CAT4_In    1.1366e+02
     mean_m115_CAT5_In    1.1457e+02
     mean_m115_CAT6_In    1.1535e+02
         pdf_ACCEPT_In    0.0000e+00
             pdf_gg_In    0.0000e+00
          pdf_qqbar_In    0.0000e+00
    sigma_m115_CAT0_In    1.0767e+01
    sigma_m115_CAT1_In    1.0442e+01
    sigma_m115_CAT2_In    1.0092e+01
    sigma_m115_CAT3_In    9.9803e+00
    sigma_m115_CAT4_In    1.2660e+01
    sigma_m115_CAT5_In    1.1640e+01
    sigma_m115_CAT6_In    1.1312e+01

    Floating Parameter  InitialValue    FinalValue (+HiError,-LoError)    GblCorr.
  --------------------  ------------  ----------------------------------  --------
                    BR    0.0000e+00   -2.8325e-05         +/-  9.63e-01  <none>
  CMS_ggH_hbb_QCDscale    0.0000e+00    2.0714e-04         +/-  9.63e-01  <none>
       CMS_ggH_hbb_pdf    0.0000e+00    7.5376e-03         +/-  9.63e-01  <none>
  CMS_qqH_hbb_QCDscale    0.0000e+00   -1.4845e-02         +/-  9.63e-01  <none>
      CMS_qqH_hbb_btag    0.0000e+00    5.1065e-02         +/-  9.60e-01  <none>
       CMS_qqH_hbb_pdf    0.0000e+00   -3.8573e-03         +/-  9.63e-01  <none>
       CMS_qqH_hbb_qgl    0.0000e+00    3.4473e-02         +/-  9.63e-01  <none>
   CMS_qqH_hbb_trigger    0.0000e+00   -1.2018e-02         +/-  9.61e-01  <none>
      CMS_res_j_ACCEPT    0.0000e+00   -6.2933e-03         +/-  9.63e-01  <none>
    CMS_scale_j_ACCEPT    0.0000e+00   -2.0766e-02         +/-  9.57e-01  <none>
  CMS_vbfbb_qcd_norm_CAT0    0.0000e+00   -2.8593e-02         +/-  5.40e-03  <none>
  CMS_vbfbb_qcd_norm_CAT1    0.0000e+00   -2.8715e-02         +/-  5.97e-03  <none>
  CMS_vbfbb_qcd_norm_CAT2    0.0000e+00   -3.8293e-02         +/-  1.50e-02  <none>
  CMS_vbfbb_qcd_norm_CAT3    0.0000e+00   -6.5635e-02         +/-  2.81e-02  <none>
  CMS_vbfbb_qcd_norm_CAT4    0.0000e+00   -1.5870e-02         +/-  5.86e-03  <none>
  CMS_vbfbb_qcd_norm_CAT5    0.0000e+00   -2.0252e-02         +/-  7.96e-03  <none>
  CMS_vbfbb_qcd_norm_CAT6    0.0000e+00   -3.5069e-02         +/-  2.09e-02  <none>
  CMS_vbfbb_res_mbb_selNOM    1.0000e+00    1.0073e+00         +/-  8.88e-02  <none>
  CMS_vbfbb_res_mbb_selVBF    1.0000e+00    1.0189e+00         +/-  9.34e-02  <none>
  CMS_vbfbb_scale_mbb_selNOM    1.0000e+00    9.8543e-01         +/-  1.65e-02  <none>
  CMS_vbfbb_scale_mbb_selVBF    1.0000e+00    1.0032e+00         +/-  1.96e-02  <none>
  CMS_vbfbb_top_norm_CAT0    0.0000e+00   -1.4160e-02         +/-  8.69e-01  <none>
  CMS_vbfbb_top_norm_CAT1    0.0000e+00    1.0442e-02         +/-  9.36e-01  <none>
  CMS_vbfbb_top_norm_CAT2    0.0000e+00    6.8664e-05         +/-  9.62e-01  <none>
  CMS_vbfbb_top_norm_CAT3    0.0000e+00   -8.7754e-04         +/-  9.63e-01  <none>
  CMS_vbfbb_top_norm_CAT4    0.0000e+00   -5.1132e-03         +/-  9.57e-01  <none>
  CMS_vbfbb_top_norm_CAT5    0.0000e+00    1.5394e-02         +/-  9.60e-01  <none>
  CMS_vbfbb_top_norm_CAT6    0.0000e+00    1.3037e-03         +/-  9.62e-01  <none>
  CMS_vbfbb_zjets_norm_CAT0    0.0000e+00   -1.9408e-01         +/-  8.57e-01  <none>
  CMS_vbfbb_zjets_norm_CAT1    0.0000e+00   -1.0520e-01         +/-  8.43e-01  <none>
  CMS_vbfbb_zjets_norm_CAT2    0.0000e+00   -2.7154e-02         +/-  9.30e-01  <none>
  CMS_vbfbb_zjets_norm_CAT3    0.0000e+00    3.2905e-02         +/-  9.57e-01  <none>
  CMS_vbfbb_zjets_norm_CAT4    0.0000e+00   -6.1939e-02         +/-  9.42e-01  <none>
  CMS_vbfbb_zjets_norm_CAT5    0.0000e+00   -2.2425e-01         +/-  9.23e-01  <none>
  CMS_vbfbb_zjets_norm_CAT6    0.0000e+00   -6.9587e-02         +/-  9.48e-01  <none>
          QCDscale_ggh    0.0000e+00    3.6667e-04         +/-  9.63e-01  <none>
          QCDscale_qqh    0.0000e+00   -1.4110e-02         +/-  9.60e-01  <none>
         Top_mean_CAT0    1.3035e+02    1.3034e+02         +/-  1.25e+00  <none>
         Top_mean_CAT1    1.3073e+02    1.3074e+02         +/-  1.25e+00  <none>
         Top_mean_CAT2    1.3086e+02    1.3086e+02         +/-  1.25e+00  <none>
         Top_mean_CAT3    1.3042e+02    1.3042e+02         +/-  1.25e+00  <none>
         Top_mean_CAT4    1.2106e+02    1.2106e+02         +/-  1.16e+00  <none>
         Top_mean_CAT5    1.2192e+02    1.2192e+02         +/-  1.17e+00  <none>
         Top_mean_CAT6    1.2834e+02    1.2835e+02         +/-  1.23e+00  <none>
        Top_sigma_CAT0    4.3980e+01    4.3962e+01         +/-  2.10e+00  <none>
        Top_sigma_CAT1    4.4819e+01    4.4827e+01         +/-  2.14e+00  <none>
        Top_sigma_CAT2    4.5374e+01    4.5378e+01         +/-  2.17e+00  <none>
        Top_sigma_CAT3    4.9021e+01    4.9018e+01         +/-  2.35e+00  <none>
        Top_sigma_CAT4    4.4870e+01    4.4876e+01         +/-  2.15e+00  <none>
        Top_sigma_CAT5    3.7496e+01    3.7476e+01         +/-  1.80e+00  <none>
        Top_sigma_CAT6    3.5005e+01    3.5008e+01         +/-  1.67e+00  <none>
                  UEPS    0.0000e+00    4.5247e-02         +/-  9.60e-01  <none>
           Z_mean_CAT0    9.6055e+01    9.6032e+01         +/-  3.68e-01  <none>
           Z_mean_CAT1    9.6266e+01    9.6233e+01         +/-  3.86e-01  <none>
           Z_mean_CAT2    9.6858e+01    9.6891e+01         +/-  9.57e-01  <none>
           Z_mean_CAT3    9.9264e+01    9.9277e+01         +/-  6.79e-01  <none>
           Z_mean_CAT4    9.5812e+01    9.5891e+01         +/-  9.64e-01  <none>
           Z_mean_CAT5    9.6363e+01    9.6351e+01         +/-  1.06e+00  <none>
           Z_mean_CAT6    9.8132e+01    9.8122e+01         +/-  3.00e-01  <none>
          Z_sigma_CAT0    9.7613e+00    9.7638e+00         +/-  4.15e-01  <none>
          Z_sigma_CAT1    9.5357e+00    9.5455e+00         +/-  4.14e-01  <none>
          Z_sigma_CAT2    9.4445e+00    9.4963e+00         +/-  7.26e-01  <none>
          Z_sigma_CAT3    9.3596e+00    9.3481e+00         +/-  5.25e-01  <none>
          Z_sigma_CAT4    1.0951e+01    1.1103e+01         +/-  1.12e+00  <none>
          Z_sigma_CAT5    1.0809e+01    1.0982e+01         +/-  1.13e+00  <none>
          Z_sigma_CAT6    9.0000e+00    9.0000e+00         +/-  1.60e-02  <none>
        b0_selNOM_CAT0    8.4624e-01    8.4618e-01         +/-  9.02e-03  <none>
        b0_selVBF_CAT4    9.9886e+00    1.0000e+01         +/-  9.43e+00  <none>
        b1_selNOM_CAT0    7.2610e-01    7.2835e-01         +/-  1.18e-02  <none>
        b1_selVBF_CAT4    6.9270e+00    6.7456e+00         +/-  3.70e-01  <none>
        b2_selNOM_CAT0    6.6912e-01    6.6464e-01         +/-  1.27e-02  <none>
        b2_selVBF_CAT4    5.0020e+00    5.1734e+00         +/-  3.50e-01  <none>
        b3_selNOM_CAT0    4.2864e-01    4.3068e-01         +/-  1.03e-02  <none>
        b3_selVBF_CAT4    3.2546e+00    3.1413e+00         +/-  2.01e-01  <none>
        b4_selNOM_CAT0    3.1966e-01    3.2240e-01         +/-  6.30e-03  <none>
        b4_selVBF_CAT4    2.6102e+00    2.6242e+00         +/-  1.48e-01  <none>
        b5_selNOM_CAT0    2.5018e-01    2.4915e-01         +/-  3.15e-03  <none>
                  lumi    0.0000e+00   -6.5597e-05         +/-  9.63e-01  <none>
        mean_m115_CAT0    1.1594e+02    1.1594e+02         +/-  1.33e-01  <none>
        mean_m115_CAT1    1.1605e+02    1.1605e+02         +/-  7.18e-02  <none>
        mean_m115_CAT2    1.1648e+02    1.1648e+02         +/-  1.03e-01  <none>
        mean_m115_CAT3    1.1670e+02    1.1670e+02         +/-  9.17e-02  <none>
        mean_m115_CAT4    1.1366e+02    1.1366e+02         +/-  2.99e-01  <none>
        mean_m115_CAT5    1.1457e+02    1.1457e+02         +/-  1.31e-01  <none>
        mean_m115_CAT6    1.1535e+02    1.1535e+02         +/-  1.09e-01  <none>
            pdf_ACCEPT    0.0000e+00   -2.6990e-05         +/-  9.61e-01  <none>
                pdf_gg    0.0000e+00    1.3487e-02         +/-  9.63e-01  <none>
             pdf_qqbar    0.0000e+00   -5.0185e-03         +/-  9.63e-01  <none>
                     r    2.2000e+00    2.4332e+00 (+1.34e+00,-1.19e+00)  <none>
       sigma_m115_CAT0    1.0767e+01    1.0766e+01         +/-  1.29e-01  <none>
       sigma_m115_CAT1    1.0442e+01    1.0442e+01         +/-  6.82e-02  <none>
       sigma_m115_CAT2    1.0092e+01    1.0092e+01         +/-  9.59e-02  <none>
       sigma_m115_CAT3    9.9803e+00    9.9808e+00         +/-  7.24e-02  <none>
       sigma_m115_CAT4    1.2660e+01    1.2658e+01         +/-  2.58e-01  <none>
       sigma_m115_CAT5    1.1640e+01    1.1640e+01         +/-  1.25e-01  <none>
       sigma_m115_CAT6    1.1312e+01    1.1312e+01         +/-  1.02e-01  <none>
    trans_POL2_p1_CAT1    5.7076e-05    3.1727e-05         +/-  1.54e-04  <none>
    trans_POL2_p1_CAT2    3.3403e-03    3.4319e-03         +/-  6.21e-04  <none>
    trans_POL2_p1_CAT3   -3.7912e-03    4.4297e-04         +/-  8.69e-04  <none>
    trans_POL2_p1_CAT5    1.2819e-03    1.7563e-03         +/-  2.56e-04  <none>
    trans_POL2_p1_CAT6    6.5835e-03    7.1784e-03         +/-  8.58e-04  <none>
    trans_POL2_p2_CAT1   -8.7850e-07   -6.1280e-07         +/-  5.65e-07  <none>
    trans_POL2_p2_CAT2   -1.1636e-05   -1.1447e-05         +/-  2.24e-06  <none>
    trans_POL2_p2_CAT3    1.3625e-05   -1.3214e-06         +/-  3.20e-06  <none>
    trans_POL2_p2_CAT5   -7.9293e-06   -9.5450e-06         +/-  9.79e-07  <none>
    trans_POL2_p2_CAT6   -2.8698e-05   -3.1271e-05         +/-  3.32e-06  <none>

Warning in <TFile::Append>: Replacing existing TH1: correlation_matrix (Potential memory leak).

 --- MaxLikelihoodFit ---
Best fit r: 2.43324  -1.1903/+1.33629  (68% CL)
nll S+B -> -64.7599  nll B -> -63.9763
Done in 2.93 min (cpu), 2.95 min (real)
	mv higgsCombine_vbfhbb_BRN5p4_B80-200_CAT0-CAT6_FitPOL2-POL2.mH115.MaxLikelihoodFit.mH115.root combine/
	mv mlfit*_vbfhbb_BRN5p4_B80-200_CAT0-CAT6_FitPOL2-POL2*mH115* combine/
	mv *.png plots/
	mv vbfhbb_BRN5p4_B80-200_CAT0-CAT6_FitPOL2-POL2.mH115_MLFit_115.log logs/


[1;31mDone.[m
