nohup: ignoring input
[3g   H    H    H    H    H    H    H    H    H    H    H    H    H    H    H    H    H    H    H    H
	combine -M MaxLikelihoodFit -v 2 --saveNormalizations --plots --stepSize=0.02 --preFitValue=2.2 --robustFit=1 --X-rtd FITTER_NEW_CROSSING_ALGO --minimizerAlgoForMinos=Minuit2 --X-rtd FITTER_NEVER_GIVE_UP --X-rtd FITTER_BOUND --minimizerAlgo=Minuit2 --minimizerStrategy=1 --cminFallbackAlgo Minuit,0.001 --minimizerTolerance=0.00001 --minimizerToleranceForMinos=0.00001 --rMin=1 --rMax=4 datacards/datacard_m115_BRN5p4_B80-200_CAT0-CAT6_FitPOL2-POL2.txt -n _vbfhbb_BRN5p4_B80-200_CAT0-CAT6_FitPOL2-POL2.mH115 -m 115 2>&1 | tee vbfhbb_BRN5p4_B80-200_CAT0-CAT6_FitPOL2-POL2.mH115_MLFit_115.log
>>> including systematics
Configured fallback algorithm Minuit, strategy 0, tolerance -1
>>> method used to compute upper limit is MaxLikelihoodFit
>>> random number generator seed is 123456
Turning on runtime-define FITTER_NEW_CROSSING_ALGO
Turning on runtime-define FITTER_NEVER_GIVE_UP
Turning on runtime-define FITTER_BOUND
Will try to work with unbinned datasets
Observables: ['mbbReg_CAT3', 'mbbReg_CAT2', 'mbbReg_CAT1', 'mbbReg_CAT0', 'mbbReg_CAT6', 'mbbReg_CAT5', 'mbbReg_CAT4']
Will use category 'CMS_channel' to identify the 7 channels
[?1034hCreating RooAddPdf pdf_binCAT0 with 5 elements
Creating RooAddPdf pdf_binCAT1 with 5 elements
Creating RooAddPdf pdf_binCAT2 with 5 elements
Creating RooAddPdf pdf_binCAT3 with 5 elements
Creating RooAddPdf pdf_binCAT4 with 5 elements
Creating RooAddPdf pdf_binCAT5 with 5 elements
Creating RooAddPdf pdf_binCAT6 with 5 elements
Computing limit starting from observation
Set default minimizer to Minuit2
Created Branches
Minuit2Minimizer: Minimize with max-calls 38500 convergence for edm < 1 strategy 1
MnSeedGenerator: for initial parameters FCN = 26.278
MnSeedGenerator: Initial state:   - FCN =   26.27800162254 Edm =  6.45876e-14 NCalls =    309
VariableMetric: start iterating until Edm is < 0.001
VariableMetric: Initial state   - FCN =   26.27800162254 Edm =  6.45876e-14 NCalls =    309
VariableMetric: Iteration #   1 - FCN =   26.27800162254 Edm =  1.23561e-24 NCalls =    469
VariableMetric: After Hessian   - FCN =   26.27800162254 Edm =  1.07717e-20 NCalls =   3708
Minuit2Minimizer : Valid minimum - status = 0
FVAL  = 26.278001622544938
Edm   = 1.07716961959935614e-20
Nfcn  = 3708
BR	  = 0	 +/-  0.996602	(limited)
CMS_ggH_hbb_QCDscale	  = 0	 +/-  0.996602	(limited)
CMS_ggH_hbb_pdf	  = 0	 +/-  0.996602	(limited)
CMS_qqH_hbb_QCDscale	  = 0	 +/-  0.996602	(limited)
CMS_qqH_hbb_btag	  = 0	 +/-  0.996602	(limited)
CMS_qqH_hbb_pdf	  = 0	 +/-  0.996602	(limited)
CMS_qqH_hbb_qgl	  = 0	 +/-  0.996602	(limited)
CMS_qqH_hbb_trigger	  = 0	 +/-  0.996602	(limited)
CMS_res_j_ACCEPT	  = 0	 +/-  0.996602	(limited)
CMS_scale_j_ACCEPT	  = 0	 +/-  0.996602	(limited)
CMS_vbfbb_res_mbb_selNOM	  = 1	 +/-  0.0990135	(limited)
CMS_vbfbb_res_mbb_selVBF	  = 1	 +/-  0.0990135	(limited)
CMS_vbfbb_scale_mbb_selNOM	  = 1	 +/-  0.0198027	(limited)
CMS_vbfbb_scale_mbb_selVBF	  = 1	 +/-  0.0198027	(limited)
CMS_vbfbb_top_norm_CAT0	  = 0	 +/-  0.996602	(limited)
CMS_vbfbb_top_norm_CAT1	  = 0	 +/-  0.996602	(limited)
CMS_vbfbb_top_norm_CAT2	  = 0	 +/-  0.996602	(limited)
CMS_vbfbb_top_norm_CAT3	  = 0	 +/-  0.996602	(limited)
CMS_vbfbb_top_norm_CAT4	  = 0	 +/-  0.996602	(limited)
CMS_vbfbb_top_norm_CAT5	  = 0	 +/-  0.996602	(limited)
CMS_vbfbb_top_norm_CAT6	  = 0	 +/-  0.996602	(limited)
CMS_vbfbb_zjets_norm_CAT0	  = 0	 +/-  0.996602	(limited)
CMS_vbfbb_zjets_norm_CAT1	  = 0	 +/-  0.996602	(limited)
CMS_vbfbb_zjets_norm_CAT2	  = 0	 +/-  0.996602	(limited)
CMS_vbfbb_zjets_norm_CAT3	  = 0	 +/-  0.996602	(limited)
CMS_vbfbb_zjets_norm_CAT4	  = 0	 +/-  0.996602	(limited)
CMS_vbfbb_zjets_norm_CAT5	  = 0	 +/-  0.996602	(limited)
CMS_vbfbb_zjets_norm_CAT6	  = 0	 +/-  0.996602	(limited)
QCDscale_ggh	  = 0	 +/-  0.996602	(limited)
QCDscale_qqh	  = 0	 +/-  0.996602	(limited)
Top_mean_CAT0	  = 130.35	 +/-  1.29064	(limited)
Top_mean_CAT1	  = 130.729	 +/-  1.29439	(limited)
Top_mean_CAT2	  = 130.863	 +/-  1.29572	(limited)
Top_mean_CAT3	  = 130.42	 +/-  1.29133	(limited)
Top_mean_CAT4	  = 121.059	 +/-  1.19865	(limited)
Top_mean_CAT5	  = 121.922	 +/-  1.20719	(limited)
Top_mean_CAT6	  = 128.343	 +/-  1.27077	(limited)
Top_sigma_CAT0	  = 43.9795	 +/-  2.17728	(limited)
Top_sigma_CAT1	  = 44.8186	 +/-  2.21882	(limited)
Top_sigma_CAT2	  = 45.3739	 +/-  2.24632	(limited)
Top_sigma_CAT3	  = 49.0209	 +/-  2.42686	(limited)
Top_sigma_CAT4	  = 44.8702	 +/-  2.22138	(limited)
Top_sigma_CAT5	  = 37.4965	 +/-  1.85633	(limited)
Top_sigma_CAT6	  = 35.0051	 +/-  1.73298	(limited)
UEPS	  = 0	 +/-  0.996602	(limited)
Z_mean_CAT0	  = 96.0554	 +/-  0.382163	(limited)
Z_mean_CAT1	  = 96.2655	 +/-  0.400738	(limited)
Z_mean_CAT2	  = 96.8575	 +/-  0.994511	(limited)
Z_mean_CAT3	  = 99.2645	 +/-  0.703331	(limited)
Z_mean_CAT4	  = 95.8116	 +/-  0.993006	(limited)
Z_mean_CAT5	  = 96.3627	 +/-  1.09678	(limited)
Z_mean_CAT6	  = 98.1316	 +/-  0.310825	(limited)
Z_sigma_CAT0	  = 9.76125	 +/-  0.43205	(limited)
Z_sigma_CAT1	  = 9.53566	 +/-  0.43108	(limited)
Z_sigma_CAT2	  = 9.4445	 +/-  0.764556	(limited)
Z_sigma_CAT3	  = 9.35955	 +/-  0.542715	(limited)
Z_sigma_CAT4	  = 10.9515	 +/-  1.18517	(limited)
Z_sigma_CAT5	  = 10.8089	 +/-  1.19721	(limited)
Z_sigma_CAT6	  = 9.00001	 +/-  0.0165966	(limited)
lumi	  = 0	 +/-  0.996602	(limited)
mean_m115_CAT0	  = 115.938	 +/-  0.137695	(limited)
mean_m115_CAT1	  = 116.05	 +/-  0.0743235	(limited)
mean_m115_CAT2	  = 116.482	 +/-  0.106855	(limited)
mean_m115_CAT3	  = 116.7	 +/-  0.0948365	(limited)
mean_m115_CAT4	  = 113.659	 +/-  0.309402	(limited)
mean_m115_CAT5	  = 114.568	 +/-  0.135414	(limited)
mean_m115_CAT6	  = 115.349	 +/-  0.112273	(limited)
pdf_ACCEPT	  = 0	 +/-  0.996602	(limited)
pdf_gg	  = 0	 +/-  0.996602	(limited)
pdf_qqbar	  = 0	 +/-  0.996602	(limited)
sigma_m115_CAT0	  = 10.7667	 +/-  0.133741	(limited)
sigma_m115_CAT1	  = 10.4424	 +/-  0.0705951	(limited)
sigma_m115_CAT2	  = 10.0922	 +/-  0.0992096	(limited)
sigma_m115_CAT3	  = 9.98026	 +/-  0.0749051	(limited)
sigma_m115_CAT4	  = 12.6598	 +/-  0.267019	(limited)
sigma_m115_CAT5	  = 11.6402	 +/-  0.129161	(limited)
sigma_m115_CAT6	  = 11.3121	 +/-  0.105608	(limited)

  RooFitResult: minimized FCN value: -69.841, estimated distance to minimum: 2.41276e-07
                covariance matrix quality: Full matrix, but forced positive-definite
                Status : MINIMIZE=0 HESSE=0 

    Constant Parameter    Value     
  --------------------  ------------
                 BR_In    0.0000e+00
  CMS_ggH_hbb_QCDscale_In    0.0000e+00
    CMS_ggH_hbb_pdf_In    0.0000e+00
  CMS_qqH_hbb_QCDscale_In    0.0000e+00
   CMS_qqH_hbb_btag_In    0.0000e+00
    CMS_qqH_hbb_pdf_In    0.0000e+00
    CMS_qqH_hbb_qgl_In    0.0000e+00
  CMS_qqH_hbb_trigger_In    0.0000e+00
   CMS_res_j_ACCEPT_In    0.0000e+00
  CMS_scale_j_ACCEPT_In    0.0000e+00
  CMS_vbfbb_res_mbb_selNOM_In    1.0000e+00
  CMS_vbfbb_res_mbb_selVBF_In    1.0000e+00
  CMS_vbfbb_scale_mbb_selNOM_In    1.0000e+00
  CMS_vbfbb_scale_mbb_selVBF_In    1.0000e+00
  CMS_vbfbb_top_norm_CAT0_In    0.0000e+00
  CMS_vbfbb_top_norm_CAT1_In    0.0000e+00
  CMS_vbfbb_top_norm_CAT2_In    0.0000e+00
  CMS_vbfbb_top_norm_CAT3_In    0.0000e+00
  CMS_vbfbb_top_norm_CAT4_In    0.0000e+00
  CMS_vbfbb_top_norm_CAT5_In    0.0000e+00
  CMS_vbfbb_top_norm_CAT6_In    0.0000e+00
  CMS_vbfbb_zjets_norm_CAT0_In    0.0000e+00
  CMS_vbfbb_zjets_norm_CAT1_In    0.0000e+00
  CMS_vbfbb_zjets_norm_CAT2_In    0.0000e+00
  CMS_vbfbb_zjets_norm_CAT3_In    0.0000e+00
  CMS_vbfbb_zjets_norm_CAT4_In    0.0000e+00
  CMS_vbfbb_zjets_norm_CAT5_In    0.0000e+00
  CMS_vbfbb_zjets_norm_CAT6_In    0.0000e+00
       QCDscale_ggh_In    0.0000e+00
       QCDscale_qqh_In    0.0000e+00
      Top_mean_CAT0_In    1.3035e+02
      Top_mean_CAT1_In    1.3073e+02
      Top_mean_CAT2_In    1.3086e+02
      Top_mean_CAT3_In    1.3042e+02
      Top_mean_CAT4_In    1.2106e+02
      Top_mean_CAT5_In    1.2192e+02
      Top_mean_CAT6_In    1.2834e+02
     Top_sigma_CAT0_In    4.3980e+01
     Top_sigma_CAT1_In    4.4819e+01
     Top_sigma_CAT2_In    4.5374e+01
     Top_sigma_CAT3_In    4.9021e+01
     Top_sigma_CAT4_In    4.4870e+01
     Top_sigma_CAT5_In    3.7496e+01
     Top_sigma_CAT6_In    3.5005e+01
               UEPS_In    0.0000e+00
              Z_a_CAT0   -1.1945e+00
              Z_a_CAT1   -1.2538e+00
              Z_a_CAT2   -2.0997e+00
              Z_a_CAT3   -2.5959e+00
              Z_a_CAT4   -1.0784e+00
              Z_a_CAT5   -1.6194e+00
              Z_a_CAT6   -1.7234e+00
             Z_b0_CAT0    3.7469e-01
             Z_b0_CAT1    6.2775e-01
             Z_b0_CAT2    6.2864e-01
             Z_b0_CAT3    6.2547e-01
             Z_b0_CAT4    8.5410e-03
             Z_b0_CAT5    5.7626e-01
             Z_b0_CAT6    6.8530e-01
             Z_b1_CAT0    1.4163e-03
             Z_b1_CAT1    3.1985e-05
             Z_b1_CAT2    6.9482e-06
             Z_b1_CAT3    3.1921e-08
             Z_b1_CAT4    9.3031e-06
             Z_b1_CAT5    8.6631e-05
             Z_b1_CAT6    2.1537e-06
             Z_b2_CAT0    2.1709e-03
             Z_b2_CAT1    3.6883e-05
             Z_b2_CAT2    5.3686e-05
             Z_b2_CAT3    4.2106e-09
             Z_b2_CAT4    1.2989e-03
             Z_b2_CAT5    8.7244e-05
             Z_b2_CAT6    4.3615e-06
        Z_mean_CAT0_In    9.6055e+01
        Z_mean_CAT1_In    9.6266e+01
        Z_mean_CAT2_In    9.6858e+01
        Z_mean_CAT3_In    9.9264e+01
        Z_mean_CAT4_In    9.5812e+01
        Z_mean_CAT5_In    9.6363e+01
        Z_mean_CAT6_In    9.8132e+01
              Z_n_CAT0    1.1003e+00
              Z_n_CAT1    1.4491e+00
              Z_n_CAT2    5.4891e-01
              Z_n_CAT3    2.7978e+00
              Z_n_CAT4    9.6257e-01
              Z_n_CAT5    8.5208e-01
              Z_n_CAT6    3.1595e+00
       Z_sigma_CAT0_In    9.7613e+00
       Z_sigma_CAT1_In    9.5357e+00
       Z_sigma_CAT2_In    9.4445e+00
       Z_sigma_CAT3_In    9.3596e+00
       Z_sigma_CAT4_In    1.0951e+01
       Z_sigma_CAT5_In    1.0809e+01
       Z_sigma_CAT6_In    9.0000e+00
       alpha_m115_CAT0    1.3158e+00
       alpha_m115_CAT1    1.4211e+00
       alpha_m115_CAT2    1.3856e+00
       alpha_m115_CAT3    4.7947e+00
       alpha_m115_CAT4    8.6507e-01
       alpha_m115_CAT5    1.2073e+00
       alpha_m115_CAT6    1.4065e+00
          b0_m115_CAT0    9.7232e-01
          b0_m115_CAT1    1.8962e-01
          b0_m115_CAT2    1.0000e+00
          b0_m115_CAT3    9.9690e-01
          b0_m115_CAT4    9.2024e-01
          b0_m115_CAT5    6.9339e-02
          b0_m115_CAT6    1.1782e-02
          b1_m115_CAT0    4.2307e-01
          b1_m115_CAT1    1.8363e-02
          b1_m115_CAT2    9.0015e-02
          b1_m115_CAT3    3.2361e-09
          b1_m115_CAT4    9.9829e-01
          b1_m115_CAT5    1.7779e-03
          b1_m115_CAT6    9.3631e-04
          b2_m115_CAT0    7.5299e-02
          b2_m115_CAT1    5.6109e-03
          b2_m115_CAT2    1.0194e-02
          b2_m115_CAT3    1.2517e-03
          b2_m115_CAT4    2.0253e-01
          b2_m115_CAT5    1.8680e-03
          b2_m115_CAT6    2.7676e-09
         exp_m115_CAT0    9.8797e+01
         exp_m115_CAT1    1.0000e+02
         exp_m115_CAT2    9.9968e+01
         exp_m115_CAT3    2.7448e+00
         exp_m115_CAT4    1.0000e+02
         exp_m115_CAT5    9.9944e+01
         exp_m115_CAT6    9.9999e+01
            fZsig_CAT0    1.0000e+00
            fZsig_CAT1    1.0000e+00
            fZsig_CAT2    9.9976e-01
            fZsig_CAT3    7.8215e-01
            fZsig_CAT4    9.9999e-01
            fZsig_CAT5    9.8818e-01
            fZsig_CAT6    1.0000e+00
        fsig_m115_CAT0    8.8359e-01
        fsig_m115_CAT1    9.2255e-01
        fsig_m115_CAT2    9.4268e-01
        fsig_m115_CAT3    9.3369e-01
        fsig_m115_CAT4    9.4515e-01
        fsig_m115_CAT5    9.1015e-01
        fsig_m115_CAT6    9.5083e-01
               lumi_In    0.0000e+00
     mean_m115_CAT0_In    1.1594e+02
     mean_m115_CAT1_In    1.1605e+02
     mean_m115_CAT2_In    1.1648e+02
     mean_m115_CAT3_In    1.1670e+02
     mean_m115_CAT4_In    1.1366e+02
     mean_m115_CAT5_In    1.1457e+02
     mean_m115_CAT6_In    1.1535e+02
         pdf_ACCEPT_In    0.0000e+00
             pdf_gg_In    0.0000e+00
          pdf_qqbar_In    0.0000e+00
                     r    1.0000e+00
    sigma_m115_CAT0_In    1.0767e+01
    sigma_m115_CAT1_In    1.0442e+01
    sigma_m115_CAT2_In    1.0092e+01
    sigma_m115_CAT3_In    9.9803e+00
    sigma_m115_CAT4_In    1.2660e+01
    sigma_m115_CAT5_In    1.1640e+01
    sigma_m115_CAT6_In    1.1312e+01

    Floating Parameter  InitialValue    FinalValue +/-  Error     GblCorr.
  --------------------  ------------  --------------------------  --------
                    BR    0.0000e+00    2.4751e-02 +/-  9.89e-01  <none>
  CMS_ggH_hbb_QCDscale    0.0000e+00    1.5303e-03 +/-  9.89e-01  <none>
       CMS_ggH_hbb_pdf    0.0000e+00    6.6125e-03 +/-  9.89e-01  <none>
  CMS_qqH_hbb_QCDscale    0.0000e+00    1.2636e-02 +/-  9.89e-01  <none>
      CMS_qqH_hbb_btag    0.0000e+00   -3.8657e-02 +/-  9.88e-01  <none>
       CMS_qqH_hbb_pdf    0.0000e+00    1.8403e-02 +/-  9.89e-01  <none>
       CMS_qqH_hbb_qgl    0.0000e+00    1.4060e-04 +/-  9.89e-01  <none>
   CMS_qqH_hbb_trigger    0.0000e+00    5.3141e-02 +/-  9.89e-01  <none>
      CMS_res_j_ACCEPT    0.0000e+00   -2.7547e-02 +/-  9.89e-01  <none>
    CMS_scale_j_ACCEPT    0.0000e+00    8.9225e-02 +/-  9.89e-01  <none>
  CMS_vbfbb_qcd_norm_CAT0    0.0000e+00   -2.7633e-02 +/-  6.04e-03  <none>
  CMS_vbfbb_qcd_norm_CAT1    0.0000e+00   -2.5934e-02 +/-  6.10e-03  <none>
  CMS_vbfbb_qcd_norm_CAT2    0.0000e+00   -2.9663e-02 +/-  1.44e-02  <none>
  CMS_vbfbb_qcd_norm_CAT3    0.0000e+00   -4.2582e-02 +/-  2.46e-02  <none>
  CMS_vbfbb_qcd_norm_CAT4    0.0000e+00   -1.4965e-02 +/-  6.05e-03  <none>
  CMS_vbfbb_qcd_norm_CAT5    0.0000e+00   -1.7492e-02 +/-  8.00e-03  <none>
  CMS_vbfbb_qcd_norm_CAT6    0.0000e+00   -2.5426e-02 +/-  2.04e-02  <none>
  CMS_vbfbb_res_mbb_selNOM    1.0000e+00    1.0115e+00 +/-  9.48e-02  <none>
  CMS_vbfbb_res_mbb_selVBF    1.0000e+00    1.0230e+00 +/-  9.60e-02  <none>
  CMS_vbfbb_scale_mbb_selNOM    1.0000e+00    9.8915e-01 +/-  1.89e-02  <none>
  CMS_vbfbb_scale_mbb_selVBF    1.0000e+00    1.0010e+00 +/-  2.07e-02  <none>
  CMS_vbfbb_top_norm_CAT0    0.0000e+00   -3.7062e-03 +/-  9.73e-01  <none>
  CMS_vbfbb_top_norm_CAT1    0.0000e+00    9.2904e-03 +/-  9.85e-01  <none>
  CMS_vbfbb_top_norm_CAT2    0.0000e+00   -1.9890e-03 +/-  9.88e-01  <none>
  CMS_vbfbb_top_norm_CAT3    0.0000e+00   -3.4440e-03 +/-  9.88e-01  <none>
  CMS_vbfbb_top_norm_CAT4    0.0000e+00   -4.1604e-03 +/-  9.87e-01  <none>
  CMS_vbfbb_top_norm_CAT5    0.0000e+00    1.5040e-02 +/-  9.89e-01  <none>
  CMS_vbfbb_top_norm_CAT6    0.0000e+00   -1.2174e-04 +/-  9.88e-01  <none>
  CMS_vbfbb_zjets_norm_CAT0    0.0000e+00   -2.4448e-01 +/-  9.20e-01  <none>
  CMS_vbfbb_zjets_norm_CAT1    0.0000e+00   -1.6729e-01 +/-  9.05e-01  <none>
  CMS_vbfbb_zjets_norm_CAT2    0.0000e+00   -4.0978e-02 +/-  9.63e-01  <none>
  CMS_vbfbb_zjets_norm_CAT3    0.0000e+00    4.3025e-02 +/-  9.87e-01  <none>
  CMS_vbfbb_zjets_norm_CAT4    0.0000e+00   -7.9211e-02 +/-  9.72e-01  <none>
  CMS_vbfbb_zjets_norm_CAT5    0.0000e+00   -2.3110e-01 +/-  9.52e-01  <none>
  CMS_vbfbb_zjets_norm_CAT6    0.0000e+00   -6.5220e-02 +/-  9.75e-01  <none>
          QCDscale_ggh    0.0000e+00    3.3000e-04 +/-  9.89e-01  <none>
          QCDscale_qqh    0.0000e+00    6.8423e-02 +/-  9.89e-01  <none>
         Top_mean_CAT0    1.3035e+02    1.3034e+02 +/-  1.28e+00  <none>
         Top_mean_CAT1    1.3073e+02    1.3074e+02 +/-  1.28e+00  <none>
         Top_mean_CAT2    1.3086e+02    1.3086e+02 +/-  1.29e+00  <none>
         Top_mean_CAT3    1.3042e+02    1.3042e+02 +/-  1.28e+00  <none>
         Top_mean_CAT4    1.2106e+02    1.2106e+02 +/-  1.19e+00  <none>
         Top_mean_CAT5    1.2192e+02    1.2192e+02 +/-  1.20e+00  <none>
         Top_mean_CAT6    1.2834e+02    1.2834e+02 +/-  1.26e+00  <none>
        Top_sigma_CAT0    4.3980e+01    4.3961e+01 +/-  2.16e+00  <none>
        Top_sigma_CAT1    4.4819e+01    4.4827e+01 +/-  2.20e+00  <none>
        Top_sigma_CAT2    4.5374e+01    4.5380e+01 +/-  2.23e+00  <none>
        Top_sigma_CAT3    4.9021e+01    4.9020e+01 +/-  2.41e+00  <none>
        Top_sigma_CAT4    4.4870e+01    4.4877e+01 +/-  2.20e+00  <none>
        Top_sigma_CAT5    3.7496e+01    3.7475e+01 +/-  1.84e+00  <none>
        Top_sigma_CAT6    3.5005e+01    3.5008e+01 +/-  1.72e+00  <none>
                  UEPS    0.0000e+00   -2.9427e-02 +/-  9.93e-01  <none>
           Z_mean_CAT0    9.6055e+01    9.6026e+01 +/-  3.78e-01  <none>
           Z_mean_CAT1    9.6266e+01    9.6237e+01 +/-  3.97e-01  <none>
           Z_mean_CAT2    9.6858e+01    9.6923e+01 +/-  9.86e-01  <none>
           Z_mean_CAT3    9.9264e+01    9.9295e+01 +/-  6.97e-01  <none>
           Z_mean_CAT4    9.5812e+01    9.5882e+01 +/-  9.94e-01  <none>
           Z_mean_CAT5    9.6363e+01    9.6356e+01 +/-  1.09e+00  <none>
           Z_mean_CAT6    9.8132e+01    9.8123e+01 +/-  3.08e-01  <none>
          Z_sigma_CAT0    9.7613e+00    9.7680e+00 +/-  4.26e-01  <none>
          Z_sigma_CAT1    9.5357e+00    9.5576e+00 +/-  4.27e-01  <none>
          Z_sigma_CAT2    9.4445e+00    9.5120e+00 +/-  7.48e-01  <none>
          Z_sigma_CAT3    9.3596e+00    9.3539e+00 +/-  5.39e-01  <none>
          Z_sigma_CAT4    1.0951e+01    1.1111e+01 +/-  1.16e+00  <none>
          Z_sigma_CAT5    1.0809e+01    1.0993e+01 +/-  1.16e+00  <none>
          Z_sigma_CAT6    9.0000e+00    9.0000e+00 +/-  1.65e-02  <none>
        b0_selNOM_CAT0    8.4624e-01    8.4582e-01 +/-  3.10e-02  <none>
        b0_selVBF_CAT4    9.9886e+00    9.9986e+00 +/-  6.98e+00  <none>
        b1_selNOM_CAT0    7.2610e-01    7.2935e-01 +/-  2.97e-02  <none>
        b1_selVBF_CAT4    6.9270e+00    6.7880e+00 +/-  2.00e-01  <none>
        b2_selNOM_CAT0    6.6912e-01    6.6767e-01 +/-  2.99e-02  <none>
        b2_selVBF_CAT4    5.0020e+00    5.1549e+00 +/-  1.69e-01  <none>
        b3_selNOM_CAT0    4.2864e-01    4.2647e-01 +/-  2.27e-02  <none>
        b3_selVBF_CAT4    3.2546e+00    3.1468e+00 +/-  1.22e-01  <none>
        b4_selNOM_CAT0    3.1966e-01    3.2394e-01 +/-  1.43e-02  <none>
        b4_selVBF_CAT4    2.6102e+00    2.6278e+00 +/-  5.42e-02  <none>
        b5_selNOM_CAT0    2.5018e-01    2.4900e-01 +/-  9.40e-03  <none>
                  lumi    0.0000e+00    2.6779e-02 +/-  9.89e-01  <none>
        mean_m115_CAT0    1.1594e+02    1.1594e+02 +/-  1.37e-01  <none>
        mean_m115_CAT1    1.1605e+02    1.1605e+02 +/-  7.37e-02  <none>
        mean_m115_CAT2    1.1648e+02    1.1648e+02 +/-  1.06e-01  <none>
        mean_m115_CAT3    1.1670e+02    1.1670e+02 +/-  9.41e-02  <none>
        mean_m115_CAT4    1.1366e+02    1.1366e+02 +/-  3.07e-01  <none>
        mean_m115_CAT5    1.1457e+02    1.1457e+02 +/-  1.34e-01  <none>
        mean_m115_CAT6    1.1535e+02    1.1535e+02 +/-  1.11e-01  <none>
            pdf_ACCEPT    0.0000e+00    5.0915e-02 +/-  9.89e-01  <none>
                pdf_gg    0.0000e+00    1.2091e-02 +/-  9.89e-01  <none>
             pdf_qqbar    0.0000e+00    2.4257e-02 +/-  9.89e-01  <none>
       sigma_m115_CAT0    1.0767e+01    1.0766e+01 +/-  1.33e-01  <none>
       sigma_m115_CAT1    1.0442e+01    1.0442e+01 +/-  7.00e-02  <none>
       sigma_m115_CAT2    1.0092e+01    1.0092e+01 +/-  9.84e-02  <none>
       sigma_m115_CAT3    9.9803e+00    9.9801e+00 +/-  7.43e-02  <none>
       sigma_m115_CAT4    1.2660e+01    1.2659e+01 +/-  2.65e-01  <none>
       sigma_m115_CAT5    1.1640e+01    1.1640e+01 +/-  1.28e-01  <none>
       sigma_m115_CAT6    1.1312e+01    1.1312e+01 +/-  1.05e-01  <none>
    trans_POL2_p1_CAT1    5.7076e-05    9.4943e-05 +/-  4.15e-04  <none>
    trans_POL2_p1_CAT2    3.3403e-03    3.9769e-03 +/-  1.61e-03  <none>
    trans_POL2_p1_CAT3   -3.7912e-03    1.7192e-03 +/-  2.22e-03  <none>
    trans_POL2_p1_CAT5    1.2819e-03    1.8675e-03 +/-  7.12e-04  <none>
    trans_POL2_p1_CAT6    6.5835e-03    8.2035e-03 +/-  2.53e-03  <none>
    trans_POL2_p2_CAT1   -8.7850e-07   -8.8615e-07 +/-  1.52e-06  <none>
    trans_POL2_p2_CAT2   -1.1636e-05   -1.3631e-05 +/-  5.81e-06  <none>
    trans_POL2_p2_CAT3    1.3625e-05   -6.4978e-06 +/-  8.16e-06  <none>
    trans_POL2_p2_CAT5   -7.9293e-06   -1.0006e-05 +/-  2.73e-06  <none>
    trans_POL2_p2_CAT6   -2.8698e-05   -3.5440e-05 +/-  9.80e-06  <none>


  RooFitResult: minimized FCN value: -69.841, estimated distance to minimum: 2.41276e-07
                covariance matrix quality: Full matrix, but forced positive-definite
                Status : MINIMIZE=0 HESSE=0 

    Constant Parameter    Value     
  --------------------  ------------
                 BR_In    0.0000e+00
  CMS_ggH_hbb_QCDscale_In    0.0000e+00
    CMS_ggH_hbb_pdf_In    0.0000e+00
  CMS_qqH_hbb_QCDscale_In    0.0000e+00
   CMS_qqH_hbb_btag_In    0.0000e+00
    CMS_qqH_hbb_pdf_In    0.0000e+00
    CMS_qqH_hbb_qgl_In    0.0000e+00
  CMS_qqH_hbb_trigger_In    0.0000e+00
   CMS_res_j_ACCEPT_In    0.0000e+00
  CMS_scale_j_ACCEPT_In    0.0000e+00
  CMS_vbfbb_res_mbb_selNOM_In    1.0000e+00
  CMS_vbfbb_res_mbb_selVBF_In    1.0000e+00
  CMS_vbfbb_scale_mbb_selNOM_In    1.0000e+00
  CMS_vbfbb_scale_mbb_selVBF_In    1.0000e+00
  CMS_vbfbb_top_norm_CAT0_In    0.0000e+00
  CMS_vbfbb_top_norm_CAT1_In    0.0000e+00
  CMS_vbfbb_top_norm_CAT2_In    0.0000e+00
  CMS_vbfbb_top_norm_CAT3_In    0.0000e+00
  CMS_vbfbb_top_norm_CAT4_In    0.0000e+00
  CMS_vbfbb_top_norm_CAT5_In    0.0000e+00
  CMS_vbfbb_top_norm_CAT6_In    0.0000e+00
  CMS_vbfbb_zjets_norm_CAT0_In    0.0000e+00
  CMS_vbfbb_zjets_norm_CAT1_In    0.0000e+00
  CMS_vbfbb_zjets_norm_CAT2_In    0.0000e+00
  CMS_vbfbb_zjets_norm_CAT3_In    0.0000e+00
  CMS_vbfbb_zjets_norm_CAT4_In    0.0000e+00
  CMS_vbfbb_zjets_norm_CAT5_In    0.0000e+00
  CMS_vbfbb_zjets_norm_CAT6_In    0.0000e+00
       QCDscale_ggh_In    0.0000e+00
       QCDscale_qqh_In    0.0000e+00
      Top_mean_CAT0_In    1.3035e+02
      Top_mean_CAT1_In    1.3073e+02
      Top_mean_CAT2_In    1.3086e+02
      Top_mean_CAT3_In    1.3042e+02
      Top_mean_CAT4_In    1.2106e+02
      Top_mean_CAT5_In    1.2192e+02
      Top_mean_CAT6_In    1.2834e+02
     Top_sigma_CAT0_In    4.3980e+01
     Top_sigma_CAT1_In    4.4819e+01
     Top_sigma_CAT2_In    4.5374e+01
     Top_sigma_CAT3_In    4.9021e+01
     Top_sigma_CAT4_In    4.4870e+01
     Top_sigma_CAT5_In    3.7496e+01
     Top_sigma_CAT6_In    3.5005e+01
               UEPS_In    0.0000e+00
              Z_a_CAT0   -1.1945e+00
              Z_a_CAT1   -1.2538e+00
              Z_a_CAT2   -2.0997e+00
              Z_a_CAT3   -2.5959e+00
              Z_a_CAT4   -1.0784e+00
              Z_a_CAT5   -1.6194e+00
              Z_a_CAT6   -1.7234e+00
             Z_b0_CAT0    3.7469e-01
             Z_b0_CAT1    6.2775e-01
             Z_b0_CAT2    6.2864e-01
             Z_b0_CAT3    6.2547e-01
             Z_b0_CAT4    8.5410e-03
             Z_b0_CAT5    5.7626e-01
             Z_b0_CAT6    6.8530e-01
             Z_b1_CAT0    1.4163e-03
             Z_b1_CAT1    3.1985e-05
             Z_b1_CAT2    6.9482e-06
             Z_b1_CAT3    3.1921e-08
             Z_b1_CAT4    9.3031e-06
             Z_b1_CAT5    8.6631e-05
             Z_b1_CAT6    2.1537e-06
             Z_b2_CAT0    2.1709e-03
             Z_b2_CAT1    3.6883e-05
             Z_b2_CAT2    5.3686e-05
             Z_b2_CAT3    4.2106e-09
             Z_b2_CAT4    1.2989e-03
             Z_b2_CAT5    8.7244e-05
             Z_b2_CAT6    4.3615e-06
        Z_mean_CAT0_In    9.6055e+01
        Z_mean_CAT1_In    9.6266e+01
        Z_mean_CAT2_In    9.6858e+01
        Z_mean_CAT3_In    9.9264e+01
        Z_mean_CAT4_In    9.5812e+01
        Z_mean_CAT5_In    9.6363e+01
        Z_mean_CAT6_In    9.8132e+01
              Z_n_CAT0    1.1003e+00
              Z_n_CAT1    1.4491e+00
              Z_n_CAT2    5.4891e-01
              Z_n_CAT3    2.7978e+00
              Z_n_CAT4    9.6257e-01
              Z_n_CAT5    8.5208e-01
              Z_n_CAT6    3.1595e+00
       Z_sigma_CAT0_In    9.7613e+00
       Z_sigma_CAT1_In    9.5357e+00
       Z_sigma_CAT2_In    9.4445e+00
       Z_sigma_CAT3_In    9.3596e+00
       Z_sigma_CAT4_In    1.0951e+01
       Z_sigma_CAT5_In    1.0809e+01
       Z_sigma_CAT6_In    9.0000e+00
       alpha_m115_CAT0    1.3158e+00
       alpha_m115_CAT1    1.4211e+00
       alpha_m115_CAT2    1.3856e+00
       alpha_m115_CAT3    4.7947e+00
       alpha_m115_CAT4    8.6507e-01
       alpha_m115_CAT5    1.2073e+00
       alpha_m115_CAT6    1.4065e+00
          b0_m115_CAT0    9.7232e-01
          b0_m115_CAT1    1.8962e-01
          b0_m115_CAT2    1.0000e+00
          b0_m115_CAT3    9.9690e-01
          b0_m115_CAT4    9.2024e-01
          b0_m115_CAT5    6.9339e-02
          b0_m115_CAT6    1.1782e-02
          b1_m115_CAT0    4.2307e-01
          b1_m115_CAT1    1.8363e-02
          b1_m115_CAT2    9.0015e-02
          b1_m115_CAT3    3.2361e-09
          b1_m115_CAT4    9.9829e-01
          b1_m115_CAT5    1.7779e-03
          b1_m115_CAT6    9.3631e-04
          b2_m115_CAT0    7.5299e-02
          b2_m115_CAT1    5.6109e-03
          b2_m115_CAT2    1.0194e-02
          b2_m115_CAT3    1.2517e-03
          b2_m115_CAT4    2.0253e-01
          b2_m115_CAT5    1.8680e-03
          b2_m115_CAT6    2.7676e-09
         exp_m115_CAT0    9.8797e+01
         exp_m115_CAT1    1.0000e+02
         exp_m115_CAT2    9.9968e+01
         exp_m115_CAT3    2.7448e+00
         exp_m115_CAT4    1.0000e+02
         exp_m115_CAT5    9.9944e+01
         exp_m115_CAT6    9.9999e+01
            fZsig_CAT0    1.0000e+00
            fZsig_CAT1    1.0000e+00
            fZsig_CAT2    9.9976e-01
            fZsig_CAT3    7.8215e-01
            fZsig_CAT4    9.9999e-01
            fZsig_CAT5    9.8818e-01
            fZsig_CAT6    1.0000e+00
        fsig_m115_CAT0    8.8359e-01
        fsig_m115_CAT1    9.2255e-01
        fsig_m115_CAT2    9.4268e-01
        fsig_m115_CAT3    9.3369e-01
        fsig_m115_CAT4    9.4515e-01
        fsig_m115_CAT5    9.1015e-01
        fsig_m115_CAT6    9.5083e-01
               lumi_In    0.0000e+00
     mean_m115_CAT0_In    1.1594e+02
     mean_m115_CAT1_In    1.1605e+02
     mean_m115_CAT2_In    1.1648e+02
     mean_m115_CAT3_In    1.1670e+02
     mean_m115_CAT4_In    1.1366e+02
     mean_m115_CAT5_In    1.1457e+02
     mean_m115_CAT6_In    1.1535e+02
         pdf_ACCEPT_In    0.0000e+00
             pdf_gg_In    0.0000e+00
          pdf_qqbar_In    0.0000e+00
                     r    1.0000e+00
    sigma_m115_CAT0_In    1.0767e+01
    sigma_m115_CAT1_In    1.0442e+01
    sigma_m115_CAT2_In    1.0092e+01
    sigma_m115_CAT3_In    9.9803e+00
    sigma_m115_CAT4_In    1.2660e+01
    sigma_m115_CAT5_In    1.1640e+01
    sigma_m115_CAT6_In    1.1312e+01

    Floating Parameter  InitialValue    FinalValue +/-  Error     GblCorr.
  --------------------  ------------  --------------------------  --------
                    BR    0.0000e+00    2.4751e-02 +/-  9.89e-01  <none>
  CMS_ggH_hbb_QCDscale    0.0000e+00    1.5303e-03 +/-  9.89e-01  <none>
       CMS_ggH_hbb_pdf    0.0000e+00    6.6125e-03 +/-  9.89e-01  <none>
  CMS_qqH_hbb_QCDscale    0.0000e+00    1.2636e-02 +/-  9.89e-01  <none>
      CMS_qqH_hbb_btag    0.0000e+00   -3.8657e-02 +/-  9.88e-01  <none>
       CMS_qqH_hbb_pdf    0.0000e+00    1.8403e-02 +/-  9.89e-01  <none>
       CMS_qqH_hbb_qgl    0.0000e+00    1.4060e-04 +/-  9.89e-01  <none>
   CMS_qqH_hbb_trigger    0.0000e+00    5.3141e-02 +/-  9.89e-01  <none>
      CMS_res_j_ACCEPT    0.0000e+00   -2.7547e-02 +/-  9.89e-01  <none>
    CMS_scale_j_ACCEPT    0.0000e+00    8.9225e-02 +/-  9.89e-01  <none>
  CMS_vbfbb_qcd_norm_CAT0    0.0000e+00   -2.7633e-02 +/-  6.04e-03  <none>
  CMS_vbfbb_qcd_norm_CAT1    0.0000e+00   -2.5934e-02 +/-  6.10e-03  <none>
  CMS_vbfbb_qcd_norm_CAT2    0.0000e+00   -2.9663e-02 +/-  1.44e-02  <none>
  CMS_vbfbb_qcd_norm_CAT3    0.0000e+00   -4.2582e-02 +/-  2.46e-02  <none>
  CMS_vbfbb_qcd_norm_CAT4    0.0000e+00   -1.4965e-02 +/-  6.05e-03  <none>
  CMS_vbfbb_qcd_norm_CAT5    0.0000e+00   -1.7492e-02 +/-  8.00e-03  <none>
  CMS_vbfbb_qcd_norm_CAT6    0.0000e+00   -2.5426e-02 +/-  2.04e-02  <none>
  CMS_vbfbb_res_mbb_selNOM    1.0000e+00    1.0115e+00 +/-  9.48e-02  <none>
  CMS_vbfbb_res_mbb_selVBF    1.0000e+00    1.0230e+00 +/-  9.60e-02  <none>
  CMS_vbfbb_scale_mbb_selNOM    1.0000e+00    9.8915e-01 +/-  1.89e-02  <none>
  CMS_vbfbb_scale_mbb_selVBF    1.0000e+00    1.0010e+00 +/-  2.07e-02  <none>
  CMS_vbfbb_top_norm_CAT0    0.0000e+00   -3.7062e-03 +/-  9.73e-01  <none>
  CMS_vbfbb_top_norm_CAT1    0.0000e+00    9.2904e-03 +/-  9.85e-01  <none>
  CMS_vbfbb_top_norm_CAT2    0.0000e+00   -1.9890e-03 +/-  9.88e-01  <none>
  CMS_vbfbb_top_norm_CAT3    0.0000e+00   -3.4440e-03 +/-  9.88e-01  <none>
  CMS_vbfbb_top_norm_CAT4    0.0000e+00   -4.1604e-03 +/-  9.87e-01  <none>
  CMS_vbfbb_top_norm_CAT5    0.0000e+00    1.5040e-02 +/-  9.89e-01  <none>
  CMS_vbfbb_top_norm_CAT6    0.0000e+00   -1.2174e-04 +/-  9.88e-01  <none>
  CMS_vbfbb_zjets_norm_CAT0    0.0000e+00   -2.4448e-01 +/-  9.20e-01  <none>
  CMS_vbfbb_zjets_norm_CAT1    0.0000e+00   -1.6729e-01 +/-  9.05e-01  <none>
  CMS_vbfbb_zjets_norm_CAT2    0.0000e+00   -4.0978e-02 +/-  9.63e-01  <none>
  CMS_vbfbb_zjets_norm_CAT3    0.0000e+00    4.3025e-02 +/-  9.87e-01  <none>
  CMS_vbfbb_zjets_norm_CAT4    0.0000e+00   -7.9211e-02 +/-  9.72e-01  <none>
  CMS_vbfbb_zjets_norm_CAT5    0.0000e+00   -2.3110e-01 +/-  9.52e-01  <none>
  CMS_vbfbb_zjets_norm_CAT6    0.0000e+00   -6.5220e-02 +/-  9.75e-01  <none>
          QCDscale_ggh    0.0000e+00    3.3000e-04 +/-  9.89e-01  <none>
          QCDscale_qqh    0.0000e+00    6.8423e-02 +/-  9.89e-01  <none>
         Top_mean_CAT0    1.3035e+02    1.3034e+02 +/-  1.28e+00  <none>
         Top_mean_CAT1    1.3073e+02    1.3074e+02 +/-  1.28e+00  <none>
         Top_mean_CAT2    1.3086e+02    1.3086e+02 +/-  1.29e+00  <none>
         Top_mean_CAT3    1.3042e+02    1.3042e+02 +/-  1.28e+00  <none>
         Top_mean_CAT4    1.2106e+02    1.2106e+02 +/-  1.19e+00  <none>
         Top_mean_CAT5    1.2192e+02    1.2192e+02 +/-  1.20e+00  <none>
         Top_mean_CAT6    1.2834e+02    1.2834e+02 +/-  1.26e+00  <none>
        Top_sigma_CAT0    4.3980e+01    4.3961e+01 +/-  2.16e+00  <none>
        Top_sigma_CAT1    4.4819e+01    4.4827e+01 +/-  2.20e+00  <none>
        Top_sigma_CAT2    4.5374e+01    4.5380e+01 +/-  2.23e+00  <none>
        Top_sigma_CAT3    4.9021e+01    4.9020e+01 +/-  2.41e+00  <none>
        Top_sigma_CAT4    4.4870e+01    4.4877e+01 +/-  2.20e+00  <none>
        Top_sigma_CAT5    3.7496e+01    3.7475e+01 +/-  1.84e+00  <none>
        Top_sigma_CAT6    3.5005e+01    3.5008e+01 +/-  1.72e+00  <none>
                  UEPS    0.0000e+00   -2.9427e-02 +/-  9.93e-01  <none>
           Z_mean_CAT0    9.6055e+01    9.6026e+01 +/-  3.78e-01  <none>
           Z_mean_CAT1    9.6266e+01    9.6237e+01 +/-  3.97e-01  <none>
           Z_mean_CAT2    9.6858e+01    9.6923e+01 +/-  9.86e-01  <none>
           Z_mean_CAT3    9.9264e+01    9.9295e+01 +/-  6.97e-01  <none>
           Z_mean_CAT4    9.5812e+01    9.5882e+01 +/-  9.94e-01  <none>
           Z_mean_CAT5    9.6363e+01    9.6356e+01 +/-  1.09e+00  <none>
           Z_mean_CAT6    9.8132e+01    9.8123e+01 +/-  3.08e-01  <none>
          Z_sigma_CAT0    9.7613e+00    9.7680e+00 +/-  4.26e-01  <none>
          Z_sigma_CAT1    9.5357e+00    9.5576e+00 +/-  4.27e-01  <none>
          Z_sigma_CAT2    9.4445e+00    9.5120e+00 +/-  7.48e-01  <none>
          Z_sigma_CAT3    9.3596e+00    9.3539e+00 +/-  5.39e-01  <none>
          Z_sigma_CAT4    1.0951e+01    1.1111e+01 +/-  1.16e+00  <none>
          Z_sigma_CAT5    1.0809e+01    1.0993e+01 +/-  1.16e+00  <none>
          Z_sigma_CAT6    9.0000e+00    9.0000e+00 +/-  1.65e-02  <none>
        b0_selNOM_CAT0    8.4624e-01    8.4582e-01 +/-  3.10e-02  <none>
        b0_selVBF_CAT4    9.9886e+00    9.9986e+00 +/-  6.98e+00  <none>
        b1_selNOM_CAT0    7.2610e-01    7.2935e-01 +/-  2.97e-02  <none>
        b1_selVBF_CAT4    6.9270e+00    6.7880e+00 +/-  2.00e-01  <none>
        b2_selNOM_CAT0    6.6912e-01    6.6767e-01 +/-  2.99e-02  <none>
        b2_selVBF_CAT4    5.0020e+00    5.1549e+00 +/-  1.69e-01  <none>
        b3_selNOM_CAT0    4.2864e-01    4.2647e-01 +/-  2.27e-02  <none>
        b3_selVBF_CAT4    3.2546e+00    3.1468e+00 +/-  1.22e-01  <none>
        b4_selNOM_CAT0    3.1966e-01    3.2394e-01 +/-  1.43e-02  <none>
        b4_selVBF_CAT4    2.6102e+00    2.6278e+00 +/-  5.42e-02  <none>
        b5_selNOM_CAT0    2.5018e-01    2.4900e-01 +/-  9.40e-03  <none>
                  lumi    0.0000e+00    2.6779e-02 +/-  9.89e-01  <none>
        mean_m115_CAT0    1.1594e+02    1.1594e+02 +/-  1.37e-01  <none>
        mean_m115_CAT1    1.1605e+02    1.1605e+02 +/-  7.37e-02  <none>
        mean_m115_CAT2    1.1648e+02    1.1648e+02 +/-  1.06e-01  <none>
        mean_m115_CAT3    1.1670e+02    1.1670e+02 +/-  9.41e-02  <none>
        mean_m115_CAT4    1.1366e+02    1.1366e+02 +/-  3.07e-01  <none>
        mean_m115_CAT5    1.1457e+02    1.1457e+02 +/-  1.34e-01  <none>
        mean_m115_CAT6    1.1535e+02    1.1535e+02 +/-  1.11e-01  <none>
            pdf_ACCEPT    0.0000e+00    5.0915e-02 +/-  9.89e-01  <none>
                pdf_gg    0.0000e+00    1.2091e-02 +/-  9.89e-01  <none>
             pdf_qqbar    0.0000e+00    2.4257e-02 +/-  9.89e-01  <none>
       sigma_m115_CAT0    1.0767e+01    1.0766e+01 +/-  1.33e-01  <none>
       sigma_m115_CAT1    1.0442e+01    1.0442e+01 +/-  7.00e-02  <none>
       sigma_m115_CAT2    1.0092e+01    1.0092e+01 +/-  9.84e-02  <none>
       sigma_m115_CAT3    9.9803e+00    9.9801e+00 +/-  7.43e-02  <none>
       sigma_m115_CAT4    1.2660e+01    1.2659e+01 +/-  2.65e-01  <none>
       sigma_m115_CAT5    1.1640e+01    1.1640e+01 +/-  1.28e-01  <none>
       sigma_m115_CAT6    1.1312e+01    1.1312e+01 +/-  1.05e-01  <none>
    trans_POL2_p1_CAT1    5.7076e-05    9.4943e-05 +/-  4.15e-04  <none>
    trans_POL2_p1_CAT2    3.3403e-03    3.9769e-03 +/-  1.61e-03  <none>
    trans_POL2_p1_CAT3   -3.7912e-03    1.7192e-03 +/-  2.22e-03  <none>
    trans_POL2_p1_CAT5    1.2819e-03    1.8675e-03 +/-  7.12e-04  <none>
    trans_POL2_p1_CAT6    6.5835e-03    8.2035e-03 +/-  2.53e-03  <none>
    trans_POL2_p2_CAT1   -8.7850e-07   -8.8615e-07 +/-  1.52e-06  <none>
    trans_POL2_p2_CAT2   -1.1636e-05   -1.3631e-05 +/-  5.81e-06  <none>
    trans_POL2_p2_CAT3    1.3625e-05   -6.4978e-06 +/-  8.16e-06  <none>
    trans_POL2_p2_CAT5   -7.9293e-06   -1.0006e-05 +/-  2.73e-06  <none>
    trans_POL2_p2_CAT6   -2.8698e-05   -3.5440e-05 +/-  9.80e-06  <none>

[#0] ERROR:Plotting -- RooAbsPdf::plotOn(pdf_binCAT0_bonly) ERROR: component selection expression 'shapeSig*' does not select any components of p.d.f.
[#0] ERROR:Plotting -- RooAbsPdf::plotOn(pdf_binCAT1_bonly) ERROR: component selection expression 'shapeSig*' does not select any components of p.d.f.
[#0] ERROR:Plotting -- RooAbsPdf::plotOn(pdf_binCAT2_bonly) ERROR: component selection expression 'shapeSig*' does not select any components of p.d.f.
[#0] ERROR:Plotting -- RooAbsPdf::plotOn(pdf_binCAT3_bonly) ERROR: component selection expression 'shapeSig*' does not select any components of p.d.f.
[#0] ERROR:Plotting -- RooAbsPdf::plotOn(pdf_binCAT4_bonly) ERROR: component selection expression 'shapeSig*' does not select any components of p.d.f.
[#0] ERROR:Plotting -- RooAbsPdf::plotOn(pdf_binCAT5_bonly) ERROR: component selection expression 'shapeSig*' does not select any components of p.d.f.
[#0] ERROR:Plotting -- RooAbsPdf::plotOn(pdf_binCAT6_bonly) ERROR: component selection expression 'shapeSig*' does not select any components of p.d.f.

  RooFitResult: minimized FCN value: -79.2926, estimated distance to minimum: 1.09503e-08
                covariance matrix quality: Full matrix, but forced positive-definite
                Status : MINIMIZE=0 HESSE=0 

    Constant Parameter    Value     
  --------------------  ------------
                 BR_In    0.0000e+00
  CMS_ggH_hbb_QCDscale_In    0.0000e+00
    CMS_ggH_hbb_pdf_In    0.0000e+00
  CMS_qqH_hbb_QCDscale_In    0.0000e+00
   CMS_qqH_hbb_btag_In    0.0000e+00
    CMS_qqH_hbb_pdf_In    0.0000e+00
    CMS_qqH_hbb_qgl_In    0.0000e+00
  CMS_qqH_hbb_trigger_In    0.0000e+00
   CMS_res_j_ACCEPT_In    0.0000e+00
  CMS_scale_j_ACCEPT_In    0.0000e+00
  CMS_vbfbb_res_mbb_selNOM_In    1.0000e+00
  CMS_vbfbb_res_mbb_selVBF_In    1.0000e+00
  CMS_vbfbb_scale_mbb_selNOM_In    1.0000e+00
  CMS_vbfbb_scale_mbb_selVBF_In    1.0000e+00
  CMS_vbfbb_top_norm_CAT0_In    0.0000e+00
  CMS_vbfbb_top_norm_CAT1_In    0.0000e+00
  CMS_vbfbb_top_norm_CAT2_In    0.0000e+00
  CMS_vbfbb_top_norm_CAT3_In    0.0000e+00
  CMS_vbfbb_top_norm_CAT4_In    0.0000e+00
  CMS_vbfbb_top_norm_CAT5_In    0.0000e+00
  CMS_vbfbb_top_norm_CAT6_In    0.0000e+00
  CMS_vbfbb_zjets_norm_CAT0_In    0.0000e+00
  CMS_vbfbb_zjets_norm_CAT1_In    0.0000e+00
  CMS_vbfbb_zjets_norm_CAT2_In    0.0000e+00
  CMS_vbfbb_zjets_norm_CAT3_In    0.0000e+00
  CMS_vbfbb_zjets_norm_CAT4_In    0.0000e+00
  CMS_vbfbb_zjets_norm_CAT5_In    0.0000e+00
  CMS_vbfbb_zjets_norm_CAT6_In    0.0000e+00
       QCDscale_ggh_In    0.0000e+00
       QCDscale_qqh_In    0.0000e+00
      Top_mean_CAT0_In    1.3035e+02
      Top_mean_CAT1_In    1.3073e+02
      Top_mean_CAT2_In    1.3086e+02
      Top_mean_CAT3_In    1.3042e+02
      Top_mean_CAT4_In    1.2106e+02
      Top_mean_CAT5_In    1.2192e+02
      Top_mean_CAT6_In    1.2834e+02
     Top_sigma_CAT0_In    4.3980e+01
     Top_sigma_CAT1_In    4.4819e+01
     Top_sigma_CAT2_In    4.5374e+01
     Top_sigma_CAT3_In    4.9021e+01
     Top_sigma_CAT4_In    4.4870e+01
     Top_sigma_CAT5_In    3.7496e+01
     Top_sigma_CAT6_In    3.5005e+01
               UEPS_In    0.0000e+00
              Z_a_CAT0   -1.1945e+00
              Z_a_CAT1   -1.2538e+00
              Z_a_CAT2   -2.0997e+00
              Z_a_CAT3   -2.5959e+00
              Z_a_CAT4   -1.0784e+00
              Z_a_CAT5   -1.6194e+00
              Z_a_CAT6   -1.7234e+00
             Z_b0_CAT0    3.7469e-01
             Z_b0_CAT1    6.2775e-01
             Z_b0_CAT2    6.2864e-01
             Z_b0_CAT3    6.2547e-01
             Z_b0_CAT4    8.5410e-03
             Z_b0_CAT5    5.7626e-01
             Z_b0_CAT6    6.8530e-01
             Z_b1_CAT0    1.4163e-03
             Z_b1_CAT1    3.1985e-05
             Z_b1_CAT2    6.9482e-06
             Z_b1_CAT3    3.1921e-08
             Z_b1_CAT4    9.3031e-06
             Z_b1_CAT5    8.6631e-05
             Z_b1_CAT6    2.1537e-06
             Z_b2_CAT0    2.1709e-03
             Z_b2_CAT1    3.6883e-05
             Z_b2_CAT2    5.3686e-05
             Z_b2_CAT3    4.2106e-09
             Z_b2_CAT4    1.2989e-03
             Z_b2_CAT5    8.7244e-05
             Z_b2_CAT6    4.3615e-06
        Z_mean_CAT0_In    9.6055e+01
        Z_mean_CAT1_In    9.6266e+01
        Z_mean_CAT2_In    9.6858e+01
        Z_mean_CAT3_In    9.9264e+01
        Z_mean_CAT4_In    9.5812e+01
        Z_mean_CAT5_In    9.6363e+01
        Z_mean_CAT6_In    9.8132e+01
              Z_n_CAT0    1.1003e+00
              Z_n_CAT1    1.4491e+00
              Z_n_CAT2    5.4891e-01
              Z_n_CAT3    2.7978e+00
              Z_n_CAT4    9.6257e-01
              Z_n_CAT5    8.5208e-01
              Z_n_CAT6    3.1595e+00
       Z_sigma_CAT0_In    9.7613e+00
       Z_sigma_CAT1_In    9.5357e+00
       Z_sigma_CAT2_In    9.4445e+00
       Z_sigma_CAT3_In    9.3596e+00
       Z_sigma_CAT4_In    1.0951e+01
       Z_sigma_CAT5_In    1.0809e+01
       Z_sigma_CAT6_In    9.0000e+00
       alpha_m115_CAT0    1.3158e+00
       alpha_m115_CAT1    1.4211e+00
       alpha_m115_CAT2    1.3856e+00
       alpha_m115_CAT3    4.7947e+00
       alpha_m115_CAT4    8.6507e-01
       alpha_m115_CAT5    1.2073e+00
       alpha_m115_CAT6    1.4065e+00
          b0_m115_CAT0    9.7232e-01
          b0_m115_CAT1    1.8962e-01
          b0_m115_CAT2    1.0000e+00
          b0_m115_CAT3    9.9690e-01
          b0_m115_CAT4    9.2024e-01
          b0_m115_CAT5    6.9339e-02
          b0_m115_CAT6    1.1782e-02
          b1_m115_CAT0    4.2307e-01
          b1_m115_CAT1    1.8363e-02
          b1_m115_CAT2    9.0015e-02
          b1_m115_CAT3    3.2361e-09
          b1_m115_CAT4    9.9829e-01
          b1_m115_CAT5    1.7779e-03
          b1_m115_CAT6    9.3631e-04
          b2_m115_CAT0    7.5299e-02
          b2_m115_CAT1    5.6109e-03
          b2_m115_CAT2    1.0194e-02
          b2_m115_CAT3    1.2517e-03
          b2_m115_CAT4    2.0253e-01
          b2_m115_CAT5    1.8680e-03
          b2_m115_CAT6    2.7676e-09
         exp_m115_CAT0    9.8797e+01
         exp_m115_CAT1    1.0000e+02
         exp_m115_CAT2    9.9968e+01
         exp_m115_CAT3    2.7448e+00
         exp_m115_CAT4    1.0000e+02
         exp_m115_CAT5    9.9944e+01
         exp_m115_CAT6    9.9999e+01
            fZsig_CAT0    1.0000e+00
            fZsig_CAT1    1.0000e+00
            fZsig_CAT2    9.9976e-01
            fZsig_CAT3    7.8215e-01
            fZsig_CAT4    9.9999e-01
            fZsig_CAT5    9.8818e-01
            fZsig_CAT6    1.0000e+00
        fsig_m115_CAT0    8.8359e-01
        fsig_m115_CAT1    9.2255e-01
        fsig_m115_CAT2    9.4268e-01
        fsig_m115_CAT3    9.3369e-01
        fsig_m115_CAT4    9.4515e-01
        fsig_m115_CAT5    9.1015e-01
        fsig_m115_CAT6    9.5083e-01
               lumi_In    0.0000e+00
     mean_m115_CAT0_In    1.1594e+02
     mean_m115_CAT1_In    1.1605e+02
     mean_m115_CAT2_In    1.1648e+02
     mean_m115_CAT3_In    1.1670e+02
     mean_m115_CAT4_In    1.1366e+02
     mean_m115_CAT5_In    1.1457e+02
     mean_m115_CAT6_In    1.1535e+02
         pdf_ACCEPT_In    0.0000e+00
             pdf_gg_In    0.0000e+00
          pdf_qqbar_In    0.0000e+00
    sigma_m115_CAT0_In    1.0767e+01
    sigma_m115_CAT1_In    1.0442e+01
    sigma_m115_CAT2_In    1.0092e+01
    sigma_m115_CAT3_In    9.9803e+00
    sigma_m115_CAT4_In    1.2660e+01
    sigma_m115_CAT5_In    1.1640e+01
    sigma_m115_CAT6_In    1.1312e+01

    Floating Parameter  InitialValue    FinalValue +/-  Error     GblCorr.
  --------------------  ------------  --------------------------  --------
                    BR    0.0000e+00   -1.3048e-06 +/-  9.88e-01  <none>
  CMS_ggH_hbb_QCDscale    0.0000e+00    2.0872e-04 +/-  9.88e-01  <none>
       CMS_ggH_hbb_pdf    0.0000e+00    7.5251e-03 +/-  9.89e-01  <none>
  CMS_qqH_hbb_QCDscale    0.0000e+00   -1.4874e-02 +/-  9.88e-01  <none>
      CMS_qqH_hbb_btag    0.0000e+00    5.1124e-02 +/-  9.88e-01  <none>
       CMS_qqH_hbb_pdf    0.0000e+00   -3.8746e-03 +/-  9.88e-01  <none>
       CMS_qqH_hbb_qgl    0.0000e+00    3.4618e-02 +/-  9.89e-01  <none>
   CMS_qqH_hbb_trigger    0.0000e+00   -1.2064e-02 +/-  9.88e-01  <none>
      CMS_res_j_ACCEPT    0.0000e+00   -6.2319e-03 +/-  9.88e-01  <none>
    CMS_scale_j_ACCEPT    0.0000e+00   -2.0657e-02 +/-  9.88e-01  <none>
  CMS_vbfbb_qcd_norm_CAT0    0.0000e+00   -2.8589e-02 +/-  6.09e-03  <none>
  CMS_vbfbb_qcd_norm_CAT1    0.0000e+00   -2.8710e-02 +/-  6.52e-03  <none>
  CMS_vbfbb_qcd_norm_CAT2    0.0000e+00   -3.8289e-02 +/-  1.59e-02  <none>
  CMS_vbfbb_qcd_norm_CAT3    0.0000e+00   -6.5618e-02 +/-  3.03e-02  <none>
  CMS_vbfbb_qcd_norm_CAT4    0.0000e+00   -1.5870e-02 +/-  6.09e-03  <none>
  CMS_vbfbb_qcd_norm_CAT5    0.0000e+00   -2.0251e-02 +/-  8.31e-03  <none>
  CMS_vbfbb_qcd_norm_CAT6    0.0000e+00   -3.5057e-02 +/-  2.18e-02  <none>
  CMS_vbfbb_res_mbb_selNOM    1.0000e+00    1.0073e+00 +/-  9.21e-02  <none>
  CMS_vbfbb_res_mbb_selVBF    1.0000e+00    1.0190e+00 +/-  9.60e-02  <none>
  CMS_vbfbb_scale_mbb_selNOM    1.0000e+00    9.8544e-01 +/-  1.74e-02  <none>
  CMS_vbfbb_scale_mbb_selVBF    1.0000e+00    1.0032e+00 +/-  2.00e-02  <none>
  CMS_vbfbb_top_norm_CAT0    0.0000e+00   -1.5062e-02 +/-  9.70e-01  <none>
  CMS_vbfbb_top_norm_CAT1    0.0000e+00    1.1029e-02 +/-  9.85e-01  <none>
  CMS_vbfbb_top_norm_CAT2    0.0000e+00    2.5353e-05 +/-  9.88e-01  <none>
  CMS_vbfbb_top_norm_CAT3    0.0000e+00   -1.0422e-03 +/-  9.88e-01  <none>
  CMS_vbfbb_top_norm_CAT4    0.0000e+00   -5.1703e-03 +/-  9.87e-01  <none>
  CMS_vbfbb_top_norm_CAT5    0.0000e+00    1.5457e-02 +/-  9.89e-01  <none>
  CMS_vbfbb_top_norm_CAT6    0.0000e+00    1.2164e-03 +/-  9.88e-01  <none>
  CMS_vbfbb_zjets_norm_CAT0    0.0000e+00   -1.9369e-01 +/-  9.23e-01  <none>
  CMS_vbfbb_zjets_norm_CAT1    0.0000e+00   -1.0642e-01 +/-  9.08e-01  <none>
  CMS_vbfbb_zjets_norm_CAT2    0.0000e+00   -2.6770e-02 +/-  9.63e-01  <none>
  CMS_vbfbb_zjets_norm_CAT3    0.0000e+00    3.2724e-02 +/-  9.85e-01  <none>
  CMS_vbfbb_zjets_norm_CAT4    0.0000e+00   -6.1853e-02 +/-  9.74e-01  <none>
  CMS_vbfbb_zjets_norm_CAT5    0.0000e+00   -2.2417e-01 +/-  9.52e-01  <none>
  CMS_vbfbb_zjets_norm_CAT6    0.0000e+00   -6.9297e-02 +/-  9.74e-01  <none>
          QCDscale_ggh    0.0000e+00    3.6616e-04 +/-  9.88e-01  <none>
          QCDscale_qqh    0.0000e+00   -1.4246e-02 +/-  9.89e-01  <none>
         Top_mean_CAT0    1.3035e+02    1.3034e+02 +/-  1.28e+00  <none>
         Top_mean_CAT1    1.3073e+02    1.3074e+02 +/-  1.28e+00  <none>
         Top_mean_CAT2    1.3086e+02    1.3086e+02 +/-  1.28e+00  <none>
         Top_mean_CAT3    1.3042e+02    1.3042e+02 +/-  1.28e+00  <none>
         Top_mean_CAT4    1.2106e+02    1.2106e+02 +/-  1.19e+00  <none>
         Top_mean_CAT5    1.2192e+02    1.2192e+02 +/-  1.20e+00  <none>
         Top_mean_CAT6    1.2834e+02    1.2835e+02 +/-  1.26e+00  <none>
        Top_sigma_CAT0    4.3980e+01    4.3963e+01 +/-  2.16e+00  <none>
        Top_sigma_CAT1    4.4819e+01    4.4827e+01 +/-  2.20e+00  <none>
        Top_sigma_CAT2    4.5374e+01    4.5379e+01 +/-  2.23e+00  <none>
        Top_sigma_CAT3    4.9021e+01    4.9018e+01 +/-  2.41e+00  <none>
        Top_sigma_CAT4    4.4870e+01    4.4876e+01 +/-  2.20e+00  <none>
        Top_sigma_CAT5    3.7496e+01    3.7476e+01 +/-  1.84e+00  <none>
        Top_sigma_CAT6    3.5005e+01    3.5008e+01 +/-  1.72e+00  <none>
                  UEPS    0.0000e+00    4.5093e-02 +/-  9.89e-01  <none>
           Z_mean_CAT0    9.6055e+01    9.6032e+01 +/-  3.78e-01  <none>
           Z_mean_CAT1    9.6266e+01    9.6233e+01 +/-  3.96e-01  <none>
           Z_mean_CAT2    9.6858e+01    9.6891e+01 +/-  9.83e-01  <none>
           Z_mean_CAT3    9.9264e+01    9.9277e+01 +/-  6.96e-01  <none>
           Z_mean_CAT4    9.5812e+01    9.5891e+01 +/-  9.89e-01  <none>
           Z_mean_CAT5    9.6363e+01    9.6351e+01 +/-  1.09e+00  <none>
           Z_mean_CAT6    9.8132e+01    9.8122e+01 +/-  3.08e-01  <none>
          Z_sigma_CAT0    9.7613e+00    9.7638e+00 +/-  4.26e-01  <none>
          Z_sigma_CAT1    9.5357e+00    9.5456e+00 +/-  4.25e-01  <none>
          Z_sigma_CAT2    9.4445e+00    9.4962e+00 +/-  7.45e-01  <none>
          Z_sigma_CAT3    9.3596e+00    9.3481e+00 +/-  5.39e-01  <none>
          Z_sigma_CAT4    1.0951e+01    1.1103e+01 +/-  1.15e+00  <none>
          Z_sigma_CAT5    1.0809e+01    1.0982e+01 +/-  1.16e+00  <none>
          Z_sigma_CAT6    9.0000e+00    9.0000e+00 +/-  1.65e-02  <none>
        b0_selNOM_CAT0    8.4624e-01    8.4618e-01 +/-  3.07e-02  <none>
        b0_selVBF_CAT4    9.9886e+00    9.9988e+00 +/-  6.87e+00  <none>
        b1_selNOM_CAT0    7.2610e-01    7.2837e-01 +/-  2.93e-02  <none>
        b1_selVBF_CAT4    6.9270e+00    6.7448e+00 +/-  1.97e-01  <none>
        b2_selNOM_CAT0    6.6912e-01    6.6465e-01 +/-  2.98e-02  <none>
        b2_selVBF_CAT4    5.0020e+00    5.1728e+00 +/-  1.66e-01  <none>
        b3_selNOM_CAT0    4.2864e-01    4.3069e-01 +/-  2.25e-02  <none>
        b3_selVBF_CAT4    3.2546e+00    3.1409e+00 +/-  1.20e-01  <none>
        b4_selNOM_CAT0    3.1966e-01    3.2241e-01 +/-  1.42e-02  <none>
        b4_selVBF_CAT4    2.6102e+00    2.6239e+00 +/-  5.17e-02  <none>
        b5_selNOM_CAT0    2.5018e-01    2.4915e-01 +/-  9.28e-03  <none>
                  lumi    0.0000e+00    1.9390e-07 +/-  9.88e-01  <none>
        mean_m115_CAT0    1.1594e+02    1.1594e+02 +/-  1.37e-01  <none>
        mean_m115_CAT1    1.1605e+02    1.1605e+02 +/-  7.37e-02  <none>
        mean_m115_CAT2    1.1648e+02    1.1648e+02 +/-  1.06e-01  <none>
        mean_m115_CAT3    1.1670e+02    1.1670e+02 +/-  9.40e-02  <none>
        mean_m115_CAT4    1.1366e+02    1.1366e+02 +/-  3.07e-01  <none>
        mean_m115_CAT5    1.1457e+02    1.1457e+02 +/-  1.34e-01  <none>
        mean_m115_CAT6    1.1535e+02    1.1535e+02 +/-  1.11e-01  <none>
            pdf_ACCEPT    0.0000e+00    3.3533e-06 +/-  9.88e-01  <none>
                pdf_gg    0.0000e+00    1.3398e-02 +/-  9.89e-01  <none>
             pdf_qqbar    0.0000e+00   -5.0519e-03 +/-  9.88e-01  <none>
                     r    2.2000e+00    2.4323e+00 +/-  1.05e+00  <none>
       sigma_m115_CAT0    1.0767e+01    1.0766e+01 +/-  1.33e-01  <none>
       sigma_m115_CAT1    1.0442e+01    1.0442e+01 +/-  7.00e-02  <none>
       sigma_m115_CAT2    1.0092e+01    1.0092e+01 +/-  9.83e-02  <none>
       sigma_m115_CAT3    9.9803e+00    9.9808e+00 +/-  7.43e-02  <none>
       sigma_m115_CAT4    1.2660e+01    1.2658e+01 +/-  2.65e-01  <none>
       sigma_m115_CAT5    1.1640e+01    1.1640e+01 +/-  1.28e-01  <none>
       sigma_m115_CAT6    1.1312e+01    1.1312e+01 +/-  1.05e-01  <none>
    trans_POL2_p1_CAT1    5.7076e-05    2.7855e-05 +/-  4.01e-04  <none>
    trans_POL2_p1_CAT2    3.3403e-03    3.4397e-03 +/-  1.53e-03  <none>
    trans_POL2_p1_CAT3   -3.7912e-03    4.4278e-04 +/-  2.00e-03  <none>
    trans_POL2_p1_CAT5    1.2819e-03    1.7553e-03 +/-  6.77e-04  <none>
    trans_POL2_p1_CAT6    6.5835e-03    7.1938e-03 +/-  2.29e-03  <none>
    trans_POL2_p2_CAT1   -8.7850e-07   -5.9868e-07 +/-  1.47e-06  <none>
    trans_POL2_p2_CAT2   -1.1636e-05   -1.1476e-05 +/-  5.52e-06  <none>
    trans_POL2_p2_CAT3    1.3625e-05   -1.3210e-06 +/-  7.39e-06  <none>
    trans_POL2_p2_CAT5   -7.9293e-06   -9.5415e-06 +/-  2.60e-06  <none>
    trans_POL2_p2_CAT6   -2.8698e-05   -3.1331e-05 +/-  8.86e-06  <none>

Set default minimizer to Minuit2
Searching for crossing at nll = -8.53578e+06 in the interval [ 2.43233 , 4 ]
x  +2.432327   y  -0.494473                       step  +0.031353 [ START OF ITER 0, bound  +4.000000 ]
x  +2.463681   y  -0.493258   yCorr  -0.493258
x  +2.495034   y  -0.489614   yCorr  -0.489614
x  +2.526388   y  -0.483542   yCorr  -0.483542
x  +2.557741   y  -0.475046   yCorr  -0.475046
x  +2.589095   y  -0.464126   yCorr  -0.464126
x  +2.620448   y  -0.450783   yCorr  -0.450783
x  +2.651802   y  -0.435021   yCorr  -0.435021
x  +2.683155   y  -0.416840   yCorr  -0.416840
x  +2.714508   y  -0.396242   yCorr  -0.396242
x  +2.745862   y  -0.373229   yCorr  -0.373229
x  +2.777215   y  -0.347802   yCorr  -0.347802
x  +2.808569   y  -0.319963   yCorr  -0.319963
x  +2.839922   y  -0.289714   yCorr  -0.289714
x  +2.871276   y  -0.257057   yCorr  -0.257057
x  +2.902629   y  -0.221992   yCorr  -0.221992
x  +2.933983   y  -0.184523   yCorr  -0.184523
x  +2.965336   y  -0.144650   yCorr  -0.144650
x  +2.996690   y  -0.102374   yCorr  -0.102374
x  +3.028043   y  -0.057699   yCorr  -0.057699
x  +3.059396   y  -0.010625   yCorr  -0.010625
x  +3.090750   y  +0.038846   yCorr  +0.038846
     --------> found crossing
x  +3.075073   y  +0.013811   yCorr  +0.013811   [ bisection iter 0 in   +3.059396 in  +3.090750 ]
x  +3.067235   y  +0.001518   yCorr  +0.001518   [ bisection iter 1 in   +3.059396 in  +3.075073 ]
x  +3.063316   y  -0.004572   yCorr  -0.004572   [ bisection iter 2 in   +3.059396 in  +3.067235 ]
x  +3.065275   y  -0.001532   yCorr  -0.001532   [ bisection iter 3 in   +3.063316 in  +3.067235 ]
x  +3.066255   y  -0.000008   yCorr  -0.000008   [ bisection iter 4 in   +3.065275 in  +3.067235 ]
     --------> ending with x  +3.067235
x  +3.067235   y  +0.001518   yCorr  +0.001518   yProf   -0.374102   (P-U)  -0.375620    (P-C)  -0.375620    oldSlope  +0.000000    newSlope  +0.931810
 ---> change search window to [ 3.06723 , 4 ]
x  +3.067235   y  -0.374102                       step  +0.018655 [ START OF ITER 1, bound  +4.000000 ]
x  +3.085890   y  -0.366867   yCorr  -0.367191
x  +3.104545   y  -0.358830   yCorr  -0.360127
x  +3.123201   y  -0.349992   yCorr  -0.352910
x  +3.141856   y  -0.340352   yCorr  -0.345541
x  +3.160511   y  -0.329912   yCorr  -0.338019
x  +3.179167   y  -0.318671   yCorr  -0.330346
x  +3.197822   y  -0.306630   yCorr  -0.322520
x  +3.216477   y  -0.293789   yCorr  -0.314544
x  +3.235133   y  -0.280149   yCorr  -0.306416
x  +3.253788   y  -0.265709   yCorr  -0.298138
x  +3.272443   y  -0.250470   yCorr  -0.289709
x  +3.291098   y  -0.234433   yCorr  -0.281131
x  +3.309754   y  -0.217598   yCorr  -0.272402
x  +3.328409   y  -0.199964   yCorr  -0.263524
x  +3.347064   y  -0.181532   yCorr  -0.254497
x  +3.365720   y  -0.162304   yCorr  -0.245322
x  +3.384375   y  -0.142278   yCorr  -0.235997
x  +3.403030   y  -0.121455   yCorr  -0.226525
x  +3.421686   y  -0.099836   yCorr  -0.216905
x  +3.440341   y  -0.077421   yCorr  -0.207137
x  +3.458996   y  -0.054210   yCorr  -0.197221
x  +3.477651   y  -0.030203   yCorr  -0.187159
x  +3.496307   y  -0.005402   yCorr  -0.176950
x  +3.514962   y  +0.020195   yCorr  -0.166595
x  +3.533617   y  +0.046586   yCorr  -0.156094
x  +3.552273   y  +0.073772   yCorr  -0.145447
x  +3.570928   y  +0.101752   yCorr  -0.134655
x  +3.589583   y  +0.130525   yCorr  -0.123718
x  +3.608239   y  +0.160092   yCorr  -0.112636
x  +3.626894   y  +0.190451   yCorr  -0.101409
x  +3.645549   y  +0.221604   yCorr  -0.090038
x  +3.664205   y  +0.253549   yCorr  -0.078523
x  +3.682860   y  +0.286286   yCorr  -0.066865
x  +3.701515   y  +0.319814   yCorr  -0.055064
x  +3.720170   y  +0.354135   yCorr  -0.043119
x  +3.738826   y  +0.389246   yCorr  -0.031032
x  +3.757481   y  +0.425149   yCorr  -0.018803
x  +3.776136   y  +0.461842   yCorr  -0.006431
x  +3.794792   y  +0.499325   yCorr  +0.006082
     --------> found crossing
x  +3.785464   y  +0.480485   yCorr  -0.000193   [ bisection iter 0 in   +3.776136 in  +3.794792 ]
x  +3.790128   y  +0.489880   yCorr  +0.002940   [ bisection iter 1 in   +3.785464 in  +3.794792 ]
x  +3.787796   y  +0.485176   yCorr  +0.001373   [ bisection iter 2 in   +3.785464 in  +3.790128 ]
x  +3.786630   y  +0.482829   yCorr  +0.000590   [ bisection iter 3 in   +3.785464 in  +3.787796 ]
x  +3.786047   y  +0.481657   yCorr  +0.000199   [ bisection iter 4 in   +3.785464 in  +3.786630 ]
     --------> ending with x  +3.786047
x  +3.786047   y  +0.481657   yCorr  +0.000199   yProf   +0.011379   (P-U)  -0.470277    (P-C)  +0.011181    oldSlope  +0.931810    newSlope  +0.910171
 ---> all your brackets are belong to us!!
 ---> change search window to [ 3.78605 , 3.06723 ]
x  +3.786047   y  +0.011379                       step  -0.014376 [ START OF ITER 2, bound  +3.067235 ]
x  +3.771671   y  +0.001659   yCorr  +0.001471
x  +3.757294   y  -0.007625   yCorr  -0.008378
     --------> found crossing
x  +3.764483   y  -0.003037   yCorr  -0.003461   [ bisection iter 0 in   +3.771671 in  +3.757294 ]
x  +3.768077   y  -0.000703   yCorr  -0.000997   [ bisection iter 1 in   +3.771671 in  +3.764483 ]
x  +3.769874   y  +0.000475   yCorr  +0.000237   [ bisection iter 2 in   +3.771671 in  +3.768077 ]
x  +3.768975   y  -0.000115   yCorr  -0.000380   [ bisection iter 3 in   +3.769874 in  +3.768077 ]
x  +3.769424   y  +0.000180   yCorr  -0.000072   [ bisection iter 4 in   +3.769874 in  +3.768975 ]
     --------> ending with x  +3.769424
x  +3.769424   y  +0.000180   yCorr  -0.000072   yProf   -0.000056   (P-U)  -0.000236    (P-C)  +0.000015    oldSlope  +0.910171    newSlope  +0.854262
 ---> all your brackets are belong to us!!
 ---> change search window to [ 3.76942 , 3.78605 ]
x  +3.769424   y  -0.000056                       step  +0.000332 [ START OF ITER 3, bound  +3.786047 ]
x  +3.769757   y  +0.000172   yCorr  +0.000171
     --------> found crossing
x  +3.769591   y  +0.000058   yCorr  +0.000058   [ bisection iter 0 in   +3.769424 in  +3.769757 ]
x  +3.769508   y  +0.000001   yCorr  +0.000001   [ bisection iter 1 in   +3.769424 in  +3.769591 ]
     --------> ending with x  +3.769508
x  +3.769508   y  +0.000001   yCorr  +0.000001   yProf   +0.000001   (P-U)  -0.000000    (P-C)  -0.000000    oldSlope  +0.854262    newSlope +11.864474
Set default minimizer to Minuit2
Searching for crossing at nll = -8.53578e+06 in the interval [ 2.43233 , 1 ]
x  +2.432327   y  -0.494473                       step  -0.028647 [ START OF ITER 0, bound  +1.000000 ]
x  +2.403681   y  -0.493459   yCorr  -0.493459
x  +2.375034   y  -0.490415   yCorr  -0.490415
x  +2.346388   y  -0.485339   yCorr  -0.485339
x  +2.317741   y  -0.478230   yCorr  -0.478230
x  +2.289095   y  -0.469087   yCorr  -0.469087
x  +2.260448   y  -0.457909   yCorr  -0.457909
x  +2.231802   y  -0.444694   yCorr  -0.444694
x  +2.203155   y  -0.429441   yCorr  -0.429441
x  +2.174508   y  -0.412149   yCorr  -0.412149
x  +2.145862   y  -0.392816   yCorr  -0.392816
x  +2.117215   y  -0.371441   yCorr  -0.371441
x  +2.088569   y  -0.348022   yCorr  -0.348022
x  +2.059922   y  -0.322560   yCorr  -0.322560
x  +2.031276   y  -0.295051   yCorr  -0.295051
x  +2.002629   y  -0.265495   yCorr  -0.265495
x  +1.973983   y  -0.233890   yCorr  -0.233890
x  +1.945336   y  -0.200235   yCorr  -0.200235
x  +1.916690   y  -0.164530   yCorr  -0.164530
x  +1.888043   y  -0.126771   yCorr  -0.126771
x  +1.859396   y  -0.086959   yCorr  -0.086959
x  +1.830750   y  -0.045091   yCorr  -0.045091
x  +1.802103   y  -0.001167   yCorr  -0.001167
x  +1.773457   y  +0.044815   yCorr  +0.044815
     --------> found crossing
x  +1.787780   y  +0.021567   yCorr  +0.021567   [ bisection iter 0 in   +1.802103 in  +1.773457 ]
x  +1.794942   y  +0.010135   yCorr  +0.010135   [ bisection iter 1 in   +1.802103 in  +1.787780 ]
x  +1.798523   y  +0.004468   yCorr  +0.004468   [ bisection iter 2 in   +1.802103 in  +1.794942 ]
x  +1.800313   y  +0.001646   yCorr  +0.001646   [ bisection iter 3 in   +1.802103 in  +1.798523 ]
x  +1.801208   y  +0.000239   yCorr  +0.000239   [ bisection iter 4 in   +1.802103 in  +1.800313 ]
     --------> ending with x  +1.801208
x  +1.801208   y  +0.000239   yCorr  +0.000239   yProf   -0.360330   (P-U)  -0.360569    (P-C)  -0.360569    oldSlope  +0.000000    newSlope  +0.905243
 ---> change search window to [ 1.80121 , 1 ]
x  +1.801208   y  -0.360330                       step  -0.016024 [ START OF ITER 1, bound  +1.000000 ]
x  +1.785184   y  -0.353014   yCorr  -0.353246
x  +1.769160   y  -0.345029   yCorr  -0.345959
x  +1.753136   y  -0.336375   yCorr  -0.338467
x  +1.737112   y  -0.327052   yCorr  -0.330772
x  +1.721087   y  -0.317060   yCorr  -0.322871
x  +1.705063   y  -0.306398   yCorr  -0.314766
x  +1.689039   y  -0.295066   yCorr  -0.306455
x  +1.673015   y  -0.283063   yCorr  -0.297939
x  +1.656991   y  -0.270390   yCorr  -0.289218
x  +1.640967   y  -0.257046   yCorr  -0.280291
x  +1.624942   y  -0.243032   yCorr  -0.271157
x  +1.608918   y  -0.228346   yCorr  -0.261818
x  +1.592894   y  -0.212988   yCorr  -0.252271
x  +1.576870   y  -0.196959   yCorr  -0.242518
x  +1.560846   y  -0.180258   yCorr  -0.232558
x  +1.544822   y  -0.162885   yCorr  -0.222390
x  +1.528797   y  -0.144839   yCorr  -0.212015
x  +1.512773   y  -0.126120   yCorr  -0.201431
x  +1.496749   y  -0.106728   yCorr  -0.190640
x  +1.480725   y  -0.086663   yCorr  -0.179640
x  +1.464701   y  -0.065925   yCorr  -0.168432
x  +1.448677   y  -0.044512   yCorr  -0.157015
x  +1.432652   y  -0.022426   yCorr  -0.145388
x  +1.416628   y  +0.000335   yCorr  -0.133552
x  +1.400604   y  +0.023770   yCorr  -0.121507
x  +1.384580   y  +0.047880   yCorr  -0.109251
x  +1.368556   y  +0.072665   yCorr  -0.096786
x  +1.352532   y  +0.098125   yCorr  -0.084110
x  +1.336507   y  +0.124261   yCorr  -0.071223
x  +1.320483   y  +0.151073   yCorr  -0.058125
x  +1.304459   y  +0.178561   yCorr  -0.044817
x  +1.288435   y  +0.206725   yCorr  -0.031296
x  +1.272411   y  +0.235566   yCorr  -0.017564
x  +1.256387   y  +0.265083   yCorr  -0.003621
x  +1.240362   y  +0.295278   yCorr  +0.010536
     --------> found crossing
x  +1.248375   y  +0.280096   yCorr  +0.003431   [ bisection iter 0 in   +1.256387 in  +1.240362 ]
x  +1.252381   y  +0.272568   yCorr  -0.000101   [ bisection iter 1 in   +1.256387 in  +1.248375 ]
x  +1.250378   y  +0.276327   yCorr  +0.001663   [ bisection iter 2 in   +1.252381 in  +1.248375 ]
x  +1.251379   y  +0.274446   yCorr  +0.000780   [ bisection iter 3 in   +1.252381 in  +1.250378 ]
x  +1.251880   y  +0.273507   yCorr  +0.000339   [ bisection iter 4 in   +1.252381 in  +1.251379 ]
     --------> ending with x  +1.251880
x  +1.251880   y  +0.273507   yCorr  +0.000339   yProf   -0.007686   (P-U)  -0.281194    (P-C)  -0.008026    oldSlope  +0.905243    newSlope  +0.931840
 ---> change search window to [ 1.25188 , 1 ]
x  +1.251880   y  -0.007686                       step  -0.005038 [ START OF ITER 2, bound  +1.000000 ]
x  +1.246842   y  -0.003364   yCorr  -0.003387
x  +1.241805   y  +0.001027   yCorr  +0.000932
     --------> found crossing
x  +1.244323   y  -0.001177   yCorr  -0.001230   [ bisection iter 0 in   +1.246842 in  +1.241805 ]
x  +1.243064   y  -0.000077   yCorr  -0.000150   [ bisection iter 1 in   +1.244323 in  +1.241805 ]
x  +1.242434   y  +0.000474   yCorr  +0.000391   [ bisection iter 2 in   +1.243064 in  +1.241805 ]
x  +1.242749   y  +0.000198   yCorr  +0.000121   [ bisection iter 3 in   +1.243064 in  +1.242434 ]
x  +1.242907   y  +0.000061   yCorr  -0.000014   [ bisection iter 4 in   +1.243064 in  +1.242749 ]
     --------> ending with x  +1.242749
x  +1.242749   y  +0.000198   yCorr  +0.000121   yProf   +0.000118   (P-U)  -0.000080    (P-C)  -0.000002    oldSlope  +0.931840    newSlope  +0.959690
 ---> all your brackets are belong to us!!
 ---> change search window to [ 1.24275 , 1.25188 ]
x  +1.242749   y  +0.000118                       step  +0.000183 [ START OF ITER 3, bound  +1.251880 ]
x  +1.242932   y  -0.000038   yCorr  -0.000038
     --------> found crossing
x  +1.242840   y  +0.000040   yCorr  +0.000040   [ bisection iter 0 in   +1.242749 in  +1.242932 ]
x  +1.242886   y  +0.000001   yCorr  +0.000001   [ bisection iter 1 in   +1.242840 in  +1.242932 ]
     --------> ending with x  +1.242932
x  +1.242932   y  -0.000038   yCorr  -0.000038   yProf   -0.000038   (P-U)  -0.000000    (P-C)  -0.000000    oldSlope  +0.959690    newSlope  +1.284681
 ---> all your brackets are belong to us!!
 ---> change search window to [ 1.24293 , 1.24275 ]
x  +1.242932   y  -0.000038                       step  -0.000004 [ START OF ITER 4, bound  +1.242749 ]
x  +1.242928   y  -0.000035   yCorr  -0.000035
x  +1.242924   y  -0.000032   yCorr  -0.000032
x  +1.242921   y  -0.000029   yCorr  -0.000029
x  +1.242917   y  -0.000026   yCorr  -0.000026
x  +1.242914   y  -0.000023   yCorr  -0.000023
x  +1.242910   y  -0.000019   yCorr  -0.000019
x  +1.242906   y  -0.000016   yCorr  -0.000016
x  +1.242903   y  -0.000013   yCorr  -0.000013
x  +1.242899   y  -0.000010   yCorr  -0.000010
x  +1.242895   y  -0.000007   yCorr  -0.000007
x  +1.242892   y  -0.000004   yCorr  -0.000004
x  +1.242888   y  -0.000001   yCorr  -0.000001
x  +1.242884   y  +0.000002   yCorr  +0.000002
     --------> found crossing
     --------> ending with x  +1.242884
x  +1.242884   y  +0.000002   yCorr  +0.000002   yProf   +0.000002   (P-U)  -0.000000    (P-C)  -0.000000    oldSlope  +1.284681    newSlope  +4.131338

  RooFitResult: minimized FCN value: -79.2926, estimated distance to minimum: 1.09503e-08
                covariance matrix quality: Full matrix, but forced positive-definite
                Status : MINIMIZE=0 HESSE=0 

    Constant Parameter    Value     
  --------------------  ------------
                 BR_In    0.0000e+00
  CMS_ggH_hbb_QCDscale_In    0.0000e+00
    CMS_ggH_hbb_pdf_In    0.0000e+00
  CMS_qqH_hbb_QCDscale_In    0.0000e+00
   CMS_qqH_hbb_btag_In    0.0000e+00
    CMS_qqH_hbb_pdf_In    0.0000e+00
    CMS_qqH_hbb_qgl_In    0.0000e+00
  CMS_qqH_hbb_trigger_In    0.0000e+00
   CMS_res_j_ACCEPT_In    0.0000e+00
  CMS_scale_j_ACCEPT_In    0.0000e+00
  CMS_vbfbb_res_mbb_selNOM_In    1.0000e+00
  CMS_vbfbb_res_mbb_selVBF_In    1.0000e+00
  CMS_vbfbb_scale_mbb_selNOM_In    1.0000e+00
  CMS_vbfbb_scale_mbb_selVBF_In    1.0000e+00
  CMS_vbfbb_top_norm_CAT0_In    0.0000e+00
  CMS_vbfbb_top_norm_CAT1_In    0.0000e+00
  CMS_vbfbb_top_norm_CAT2_In    0.0000e+00
  CMS_vbfbb_top_norm_CAT3_In    0.0000e+00
  CMS_vbfbb_top_norm_CAT4_In    0.0000e+00
  CMS_vbfbb_top_norm_CAT5_In    0.0000e+00
  CMS_vbfbb_top_norm_CAT6_In    0.0000e+00
  CMS_vbfbb_zjets_norm_CAT0_In    0.0000e+00
  CMS_vbfbb_zjets_norm_CAT1_In    0.0000e+00
  CMS_vbfbb_zjets_norm_CAT2_In    0.0000e+00
  CMS_vbfbb_zjets_norm_CAT3_In    0.0000e+00
  CMS_vbfbb_zjets_norm_CAT4_In    0.0000e+00
  CMS_vbfbb_zjets_norm_CAT5_In    0.0000e+00
  CMS_vbfbb_zjets_norm_CAT6_In    0.0000e+00
       QCDscale_ggh_In    0.0000e+00
       QCDscale_qqh_In    0.0000e+00
      Top_mean_CAT0_In    1.3035e+02
      Top_mean_CAT1_In    1.3073e+02
      Top_mean_CAT2_In    1.3086e+02
      Top_mean_CAT3_In    1.3042e+02
      Top_mean_CAT4_In    1.2106e+02
      Top_mean_CAT5_In    1.2192e+02
      Top_mean_CAT6_In    1.2834e+02
     Top_sigma_CAT0_In    4.3980e+01
     Top_sigma_CAT1_In    4.4819e+01
     Top_sigma_CAT2_In    4.5374e+01
     Top_sigma_CAT3_In    4.9021e+01
     Top_sigma_CAT4_In    4.4870e+01
     Top_sigma_CAT5_In    3.7496e+01
     Top_sigma_CAT6_In    3.5005e+01
               UEPS_In    0.0000e+00
              Z_a_CAT0   -1.1945e+00
              Z_a_CAT1   -1.2538e+00
              Z_a_CAT2   -2.0997e+00
              Z_a_CAT3   -2.5959e+00
              Z_a_CAT4   -1.0784e+00
              Z_a_CAT5   -1.6194e+00
              Z_a_CAT6   -1.7234e+00
             Z_b0_CAT0    3.7469e-01
             Z_b0_CAT1    6.2775e-01
             Z_b0_CAT2    6.2864e-01
             Z_b0_CAT3    6.2547e-01
             Z_b0_CAT4    8.5410e-03
             Z_b0_CAT5    5.7626e-01
             Z_b0_CAT6    6.8530e-01
             Z_b1_CAT0    1.4163e-03
             Z_b1_CAT1    3.1985e-05
             Z_b1_CAT2    6.9482e-06
             Z_b1_CAT3    3.1921e-08
             Z_b1_CAT4    9.3031e-06
             Z_b1_CAT5    8.6631e-05
             Z_b1_CAT6    2.1537e-06
             Z_b2_CAT0    2.1709e-03
             Z_b2_CAT1    3.6883e-05
             Z_b2_CAT2    5.3686e-05
             Z_b2_CAT3    4.2106e-09
             Z_b2_CAT4    1.2989e-03
             Z_b2_CAT5    8.7244e-05
             Z_b2_CAT6    4.3615e-06
        Z_mean_CAT0_In    9.6055e+01
        Z_mean_CAT1_In    9.6266e+01
        Z_mean_CAT2_In    9.6858e+01
        Z_mean_CAT3_In    9.9264e+01
        Z_mean_CAT4_In    9.5812e+01
        Z_mean_CAT5_In    9.6363e+01
        Z_mean_CAT6_In    9.8132e+01
              Z_n_CAT0    1.1003e+00
              Z_n_CAT1    1.4491e+00
              Z_n_CAT2    5.4891e-01
              Z_n_CAT3    2.7978e+00
              Z_n_CAT4    9.6257e-01
              Z_n_CAT5    8.5208e-01
              Z_n_CAT6    3.1595e+00
       Z_sigma_CAT0_In    9.7613e+00
       Z_sigma_CAT1_In    9.5357e+00
       Z_sigma_CAT2_In    9.4445e+00
       Z_sigma_CAT3_In    9.3596e+00
       Z_sigma_CAT4_In    1.0951e+01
       Z_sigma_CAT5_In    1.0809e+01
       Z_sigma_CAT6_In    9.0000e+00
       alpha_m115_CAT0    1.3158e+00
       alpha_m115_CAT1    1.4211e+00
       alpha_m115_CAT2    1.3856e+00
       alpha_m115_CAT3    4.7947e+00
       alpha_m115_CAT4    8.6507e-01
       alpha_m115_CAT5    1.2073e+00
       alpha_m115_CAT6    1.4065e+00
          b0_m115_CAT0    9.7232e-01
          b0_m115_CAT1    1.8962e-01
          b0_m115_CAT2    1.0000e+00
          b0_m115_CAT3    9.9690e-01
          b0_m115_CAT4    9.2024e-01
          b0_m115_CAT5    6.9339e-02
          b0_m115_CAT6    1.1782e-02
          b1_m115_CAT0    4.2307e-01
          b1_m115_CAT1    1.8363e-02
          b1_m115_CAT2    9.0015e-02
          b1_m115_CAT3    3.2361e-09
          b1_m115_CAT4    9.9829e-01
          b1_m115_CAT5    1.7779e-03
          b1_m115_CAT6    9.3631e-04
          b2_m115_CAT0    7.5299e-02
          b2_m115_CAT1    5.6109e-03
          b2_m115_CAT2    1.0194e-02
          b2_m115_CAT3    1.2517e-03
          b2_m115_CAT4    2.0253e-01
          b2_m115_CAT5    1.8680e-03
          b2_m115_CAT6    2.7676e-09
         exp_m115_CAT0    9.8797e+01
         exp_m115_CAT1    1.0000e+02
         exp_m115_CAT2    9.9968e+01
         exp_m115_CAT3    2.7448e+00
         exp_m115_CAT4    1.0000e+02
         exp_m115_CAT5    9.9944e+01
         exp_m115_CAT6    9.9999e+01
            fZsig_CAT0    1.0000e+00
            fZsig_CAT1    1.0000e+00
            fZsig_CAT2    9.9976e-01
            fZsig_CAT3    7.8215e-01
            fZsig_CAT4    9.9999e-01
            fZsig_CAT5    9.8818e-01
            fZsig_CAT6    1.0000e+00
        fsig_m115_CAT0    8.8359e-01
        fsig_m115_CAT1    9.2255e-01
        fsig_m115_CAT2    9.4268e-01
        fsig_m115_CAT3    9.3369e-01
        fsig_m115_CAT4    9.4515e-01
        fsig_m115_CAT5    9.1015e-01
        fsig_m115_CAT6    9.5083e-01
               lumi_In    0.0000e+00
     mean_m115_CAT0_In    1.1594e+02
     mean_m115_CAT1_In    1.1605e+02
     mean_m115_CAT2_In    1.1648e+02
     mean_m115_CAT3_In    1.1670e+02
     mean_m115_CAT4_In    1.1366e+02
     mean_m115_CAT5_In    1.1457e+02
     mean_m115_CAT6_In    1.1535e+02
         pdf_ACCEPT_In    0.0000e+00
             pdf_gg_In    0.0000e+00
          pdf_qqbar_In    0.0000e+00
    sigma_m115_CAT0_In    1.0767e+01
    sigma_m115_CAT1_In    1.0442e+01
    sigma_m115_CAT2_In    1.0092e+01
    sigma_m115_CAT3_In    9.9803e+00
    sigma_m115_CAT4_In    1.2660e+01
    sigma_m115_CAT5_In    1.1640e+01
    sigma_m115_CAT6_In    1.1312e+01

    Floating Parameter  InitialValue    FinalValue (+HiError,-LoError)    GblCorr.
  --------------------  ------------  ----------------------------------  --------
                    BR    0.0000e+00   -1.3048e-06         +/-  9.88e-01  <none>
  CMS_ggH_hbb_QCDscale    0.0000e+00    2.0872e-04         +/-  9.88e-01  <none>
       CMS_ggH_hbb_pdf    0.0000e+00    7.5251e-03         +/-  9.89e-01  <none>
  CMS_qqH_hbb_QCDscale    0.0000e+00   -1.4874e-02         +/-  9.88e-01  <none>
      CMS_qqH_hbb_btag    0.0000e+00    5.1124e-02         +/-  9.88e-01  <none>
       CMS_qqH_hbb_pdf    0.0000e+00   -3.8746e-03         +/-  9.88e-01  <none>
       CMS_qqH_hbb_qgl    0.0000e+00    3.4618e-02         +/-  9.89e-01  <none>
   CMS_qqH_hbb_trigger    0.0000e+00   -1.2064e-02         +/-  9.88e-01  <none>
      CMS_res_j_ACCEPT    0.0000e+00   -6.2319e-03         +/-  9.88e-01  <none>
    CMS_scale_j_ACCEPT    0.0000e+00   -2.0657e-02         +/-  9.88e-01  <none>
  CMS_vbfbb_qcd_norm_CAT0    0.0000e+00   -2.8589e-02         +/-  6.09e-03  <none>
  CMS_vbfbb_qcd_norm_CAT1    0.0000e+00   -2.8710e-02         +/-  6.52e-03  <none>
  CMS_vbfbb_qcd_norm_CAT2    0.0000e+00   -3.8289e-02         +/-  1.59e-02  <none>
  CMS_vbfbb_qcd_norm_CAT3    0.0000e+00   -6.5618e-02         +/-  3.03e-02  <none>
  CMS_vbfbb_qcd_norm_CAT4    0.0000e+00   -1.5870e-02         +/-  6.09e-03  <none>
  CMS_vbfbb_qcd_norm_CAT5    0.0000e+00   -2.0251e-02         +/-  8.31e-03  <none>
  CMS_vbfbb_qcd_norm_CAT6    0.0000e+00   -3.5057e-02         +/-  2.18e-02  <none>
  CMS_vbfbb_res_mbb_selNOM    1.0000e+00    1.0073e+00         +/-  9.21e-02  <none>
  CMS_vbfbb_res_mbb_selVBF    1.0000e+00    1.0190e+00         +/-  9.60e-02  <none>
  CMS_vbfbb_scale_mbb_selNOM    1.0000e+00    9.8544e-01         +/-  1.74e-02  <none>
  CMS_vbfbb_scale_mbb_selVBF    1.0000e+00    1.0032e+00         +/-  2.00e-02  <none>
  CMS_vbfbb_top_norm_CAT0    0.0000e+00   -1.5062e-02         +/-  9.70e-01  <none>
  CMS_vbfbb_top_norm_CAT1    0.0000e+00    1.1029e-02         +/-  9.85e-01  <none>
  CMS_vbfbb_top_norm_CAT2    0.0000e+00    2.5353e-05         +/-  9.88e-01  <none>
  CMS_vbfbb_top_norm_CAT3    0.0000e+00   -1.0422e-03         +/-  9.88e-01  <none>
  CMS_vbfbb_top_norm_CAT4    0.0000e+00   -5.1703e-03         +/-  9.87e-01  <none>
  CMS_vbfbb_top_norm_CAT5    0.0000e+00    1.5457e-02         +/-  9.89e-01  <none>
  CMS_vbfbb_top_norm_CAT6    0.0000e+00    1.2164e-03         +/-  9.88e-01  <none>
  CMS_vbfbb_zjets_norm_CAT0    0.0000e+00   -1.9369e-01         +/-  9.23e-01  <none>
  CMS_vbfbb_zjets_norm_CAT1    0.0000e+00   -1.0642e-01         +/-  9.08e-01  <none>
  CMS_vbfbb_zjets_norm_CAT2    0.0000e+00   -2.6770e-02         +/-  9.63e-01  <none>
  CMS_vbfbb_zjets_norm_CAT3    0.0000e+00    3.2724e-02         +/-  9.85e-01  <none>
  CMS_vbfbb_zjets_norm_CAT4    0.0000e+00   -6.1853e-02         +/-  9.74e-01  <none>
  CMS_vbfbb_zjets_norm_CAT5    0.0000e+00   -2.2417e-01         +/-  9.52e-01  <none>
  CMS_vbfbb_zjets_norm_CAT6    0.0000e+00   -6.9297e-02         +/-  9.74e-01  <none>
          QCDscale_ggh    0.0000e+00    3.6616e-04         +/-  9.88e-01  <none>
          QCDscale_qqh    0.0000e+00   -1.4246e-02         +/-  9.89e-01  <none>
         Top_mean_CAT0    1.3035e+02    1.3034e+02         +/-  1.28e+00  <none>
         Top_mean_CAT1    1.3073e+02    1.3074e+02         +/-  1.28e+00  <none>
         Top_mean_CAT2    1.3086e+02    1.3086e+02         +/-  1.28e+00  <none>
         Top_mean_CAT3    1.3042e+02    1.3042e+02         +/-  1.28e+00  <none>
         Top_mean_CAT4    1.2106e+02    1.2106e+02         +/-  1.19e+00  <none>
         Top_mean_CAT5    1.2192e+02    1.2192e+02         +/-  1.20e+00  <none>
         Top_mean_CAT6    1.2834e+02    1.2835e+02         +/-  1.26e+00  <none>
        Top_sigma_CAT0    4.3980e+01    4.3963e+01         +/-  2.16e+00  <none>
        Top_sigma_CAT1    4.4819e+01    4.4827e+01         +/-  2.20e+00  <none>
        Top_sigma_CAT2    4.5374e+01    4.5379e+01         +/-  2.23e+00  <none>
        Top_sigma_CAT3    4.9021e+01    4.9018e+01         +/-  2.41e+00  <none>
        Top_sigma_CAT4    4.4870e+01    4.4876e+01         +/-  2.20e+00  <none>
        Top_sigma_CAT5    3.7496e+01    3.7476e+01         +/-  1.84e+00  <none>
        Top_sigma_CAT6    3.5005e+01    3.5008e+01         +/-  1.72e+00  <none>
                  UEPS    0.0000e+00    4.5093e-02         +/-  9.89e-01  <none>
           Z_mean_CAT0    9.6055e+01    9.6032e+01         +/-  3.78e-01  <none>
           Z_mean_CAT1    9.6266e+01    9.6233e+01         +/-  3.96e-01  <none>
           Z_mean_CAT2    9.6858e+01    9.6891e+01         +/-  9.83e-01  <none>
           Z_mean_CAT3    9.9264e+01    9.9277e+01         +/-  6.96e-01  <none>
           Z_mean_CAT4    9.5812e+01    9.5891e+01         +/-  9.89e-01  <none>
           Z_mean_CAT5    9.6363e+01    9.6351e+01         +/-  1.09e+00  <none>
           Z_mean_CAT6    9.8132e+01    9.8122e+01         +/-  3.08e-01  <none>
          Z_sigma_CAT0    9.7613e+00    9.7638e+00         +/-  4.26e-01  <none>
          Z_sigma_CAT1    9.5357e+00    9.5456e+00         +/-  4.25e-01  <none>
          Z_sigma_CAT2    9.4445e+00    9.4962e+00         +/-  7.45e-01  <none>
          Z_sigma_CAT3    9.3596e+00    9.3481e+00         +/-  5.39e-01  <none>
          Z_sigma_CAT4    1.0951e+01    1.1103e+01         +/-  1.15e+00  <none>
          Z_sigma_CAT5    1.0809e+01    1.0982e+01         +/-  1.16e+00  <none>
          Z_sigma_CAT6    9.0000e+00    9.0000e+00         +/-  1.65e-02  <none>
        b0_selNOM_CAT0    8.4624e-01    8.4618e-01         +/-  3.07e-02  <none>
        b0_selVBF_CAT4    9.9886e+00    9.9988e+00         +/-  6.87e+00  <none>
        b1_selNOM_CAT0    7.2610e-01    7.2837e-01         +/-  2.93e-02  <none>
        b1_selVBF_CAT4    6.9270e+00    6.7448e+00         +/-  1.97e-01  <none>
        b2_selNOM_CAT0    6.6912e-01    6.6465e-01         +/-  2.98e-02  <none>
        b2_selVBF_CAT4    5.0020e+00    5.1728e+00         +/-  1.66e-01  <none>
        b3_selNOM_CAT0    4.2864e-01    4.3069e-01         +/-  2.25e-02  <none>
        b3_selVBF_CAT4    3.2546e+00    3.1409e+00         +/-  1.20e-01  <none>
        b4_selNOM_CAT0    3.1966e-01    3.2241e-01         +/-  1.42e-02  <none>
        b4_selVBF_CAT4    2.6102e+00    2.6239e+00         +/-  5.17e-02  <none>
        b5_selNOM_CAT0    2.5018e-01    2.4915e-01         +/-  9.28e-03  <none>
                  lumi    0.0000e+00    1.9390e-07         +/-  9.88e-01  <none>
        mean_m115_CAT0    1.1594e+02    1.1594e+02         +/-  1.37e-01  <none>
        mean_m115_CAT1    1.1605e+02    1.1605e+02         +/-  7.37e-02  <none>
        mean_m115_CAT2    1.1648e+02    1.1648e+02         +/-  1.06e-01  <none>
        mean_m115_CAT3    1.1670e+02    1.1670e+02         +/-  9.40e-02  <none>
        mean_m115_CAT4    1.1366e+02    1.1366e+02         +/-  3.07e-01  <none>
        mean_m115_CAT5    1.1457e+02    1.1457e+02         +/-  1.34e-01  <none>
        mean_m115_CAT6    1.1535e+02    1.1535e+02         +/-  1.11e-01  <none>
            pdf_ACCEPT    0.0000e+00    3.3533e-06         +/-  9.88e-01  <none>
                pdf_gg    0.0000e+00    1.3398e-02         +/-  9.89e-01  <none>
             pdf_qqbar    0.0000e+00   -5.0519e-03         +/-  9.88e-01  <none>
                     r    2.2000e+00    2.4323e+00 (+1.34e+00,-1.19e+00)  <none>
       sigma_m115_CAT0    1.0767e+01    1.0766e+01         +/-  1.33e-01  <none>
       sigma_m115_CAT1    1.0442e+01    1.0442e+01         +/-  7.00e-02  <none>
       sigma_m115_CAT2    1.0092e+01    1.0092e+01         +/-  9.83e-02  <none>
       sigma_m115_CAT3    9.9803e+00    9.9808e+00         +/-  7.43e-02  <none>
       sigma_m115_CAT4    1.2660e+01    1.2658e+01         +/-  2.65e-01  <none>
       sigma_m115_CAT5    1.1640e+01    1.1640e+01         +/-  1.28e-01  <none>
       sigma_m115_CAT6    1.1312e+01    1.1312e+01         +/-  1.05e-01  <none>
    trans_POL2_p1_CAT1    5.7076e-05    2.7855e-05         +/-  4.01e-04  <none>
    trans_POL2_p1_CAT2    3.3403e-03    3.4397e-03         +/-  1.53e-03  <none>
    trans_POL2_p1_CAT3   -3.7912e-03    4.4278e-04         +/-  2.00e-03  <none>
    trans_POL2_p1_CAT5    1.2819e-03    1.7553e-03         +/-  6.77e-04  <none>
    trans_POL2_p1_CAT6    6.5835e-03    7.1938e-03         +/-  2.29e-03  <none>
    trans_POL2_p2_CAT1   -8.7850e-07   -5.9868e-07         +/-  1.47e-06  <none>
    trans_POL2_p2_CAT2   -1.1636e-05   -1.1476e-05         +/-  5.52e-06  <none>
    trans_POL2_p2_CAT3    1.3625e-05   -1.3210e-06         +/-  7.39e-06  <none>
    trans_POL2_p2_CAT5   -7.9293e-06   -9.5415e-06         +/-  2.60e-06  <none>
    trans_POL2_p2_CAT6   -2.8698e-05   -3.1331e-05         +/-  8.86e-06  <none>

Warning in <TFile::Append>: Replacing existing TH1: correlation_matrix (Potential memory leak).

 --- MaxLikelihoodFit ---
Best fit r: 2.43233  -1.18944/+1.33718  (68% CL)
nll S+B -> -69.2275  nll B -> -69.841
Done in 3.66 min (cpu), 3.68 min (real)
	mv higgsCombine_vbfhbb_BRN5p4_B80-200_CAT0-CAT6_FitPOL2-POL2.mH115.MaxLikelihoodFit.mH115.root combine/
	mv mlfit*_vbfhbb_BRN5p4_B80-200_CAT0-CAT6_FitPOL2-POL2*mH115* combine/
	mv *.png plots/
	mv vbfhbb_BRN5p4_B80-200_CAT0-CAT6_FitPOL2-POL2.mH115_MLFit_115.log logs/

	/afs/cern.ch/work/s/salderwe/private/2014/vbfHbb/limit/diffNuisances.py -a -f text combine/mlfit_vbfhbb_BRN5p4_B80-200_CAT0-CAT6_FitPOL2-POL2.mH115.root -g pulls_vbfhbb_BRN5p4_B80-200_CAT0-CAT6_FitPOL2-POL2_mH115.root > nuissances_vbfhbb_BRN5p4_B80-200_CAT0-CAT6_FitPOL2-POL2.mH115.txt 2> vbfhbb_BRN5p4_B80-200_CAT0-CAT6_FitPOL2-POL2_GetNuissances_115.log
	/afs/cern.ch/work/s/salderwe/private/2014/vbfHbb/limit/diffNuisances.py -a -f latex combine/mlfit_vbfhbb_BRN5p4_B80-200_CAT0-CAT6_FitPOL2-POL2.mH115.root > nuissances_vbfhbb_BRN5p4_B80-200_CAT0-CAT6_FitPOL2-POL2.mH115.tex 2>> vbfhbb_BRN5p4_B80-200_CAT0-CAT6_FitPOL2-POL2_GetNuissances_115.log
	mv pulls_vbfhbb_BRN5p4_B80-200_CAT0-CAT6_FitPOL2-POL2*115*.root combine/
	mv nuissances_vbfhbb_BRN5p4_B80-200_CAT0-CAT6_FitPOL2-POL2*115*{tex,txt} combine/
	mv vbfhbb_BRN5p4_B80-200_CAT0-CAT6_FitPOL2-POL2_GetNuissances_115.log logs/

	/afs/cern.ch/work/s/salderwe/private/2014/vbfHbb/limit/DrawNuissances.py _vbfhbb_BRN5p4_B80-200_CAT0-CAT6_FitPOL2-POL2 115 2>&1 | tee vbfhbb_BRN5p4_B80-200_CAT0-CAT6_FitPOL2-POL2_PlotNuissances_115.log
[?1034h	mv vbfhbb_BRN5p4_B80-200_CAT0-CAT6_FitPOL2-POL2_PlotNuissances_115.log logs/


[1;31mDone.[m
